<?xml version="1.0" encoding="UTF-8" standalone="no" ?>
<coverage branch-rate="NaN" branches-covered="NaN" branches-valid="NaN" complexity="NaN" line-rate="0.83074" lines-covered="1546" lines-valid="1861" timestamp="1752078053.7557" version="">
  <sources>
    <source>C:\local\gh-isaacito12-bev\bev25a\Components\MotorDriveUnit\</source>
  </sources>
  <packages>
    <package branch-rate="NaN" complexity="NaN" line-rate="0.83074" name="">
      <classes>
        <class branch-rate="NaN" complexity="NaN" filename="Model-BasicThermal\MotorDriveUnit_BasicThermal_params.m" line-rate="1" name="MotorDriveUnit_BasicThermal_params">
          <methods/>
          <lines>
            <line hits="6" number="10"/>
            <line hits="6" number="11"/>
            <line hits="6" number="15"/>
            <line hits="6" number="16"/>
            <line hits="6" number="17"/>
            <line hits="6" number="19"/>
            <line hits="6" number="20"/>
            <line hits="6" number="21"/>
            <line hits="6" number="23"/>
            <line hits="6" number="25"/>
            <line hits="6" number="27"/>
            <line hits="6" number="32"/>
            <line hits="6" number="34"/>
            <line hits="6" number="35"/>
            <line hits="6" number="37"/>
            <line hits="6" number="38"/>
            <line hits="6" number="42"/>
            <line hits="6" number="43"/>
            <line hits="6" number="45"/>
          </lines>
        </class>
        <class branch-rate="NaN" complexity="NaN" filename="Model-BasicThermal\MotorDriveUnit_BasicThermal_test.m" line-rate="1" name="MotorDriveUnit_BasicThermal_test">
          <methods>
            <method branch-rate="NaN" line-rate="1" name="TestSetup" signature="TestSetup(testcase)">
              <lines>
                <line hits="4" number="25"/>
                <line hits="4" number="26"/>
                <line hits="2" number="28"/>
                <line hits="2" number="31"/>
              </lines>
            </method>
            <method branch-rate="NaN" line-rate="1" name="PassingTest_1" signature="PassingTest_1(~)">
              <lines>
                <line hits="1" number="45"/>
              </lines>
            </method>
            <method branch-rate="NaN" line-rate="1" name="PassingTest_2" signature="PassingTest_2(~)">
              <lines>
                <line hits="1" number="49"/>
              </lines>
            </method>
          </methods>
          <lines>
            <line hits="4" number="25"/>
            <line hits="4" number="26"/>
            <line hits="2" number="28"/>
            <line hits="2" number="31"/>
            <line hits="1" number="45"/>
            <line hits="1" number="49"/>
          </lines>
        </class>
        <class branch-rate="NaN" complexity="NaN" filename="Model-BasicThermal\SimulationCases\MotorDriveUnit_BasicThermal_Constant.m" line-rate="1" name="MotorDriveUnit_BasicThermal_Constant">
          <methods/>
          <lines>
            <line hits="1" number="4"/>
            <line hits="1" number="5"/>
            <line hits="1" number="6"/>
            <line hits="1" number="8"/>
            <line hits="1" number="10"/>
            <line hits="1" number="12"/>
            <line hits="1" number="14"/>
            <line hits="1" number="15"/>
          </lines>
        </class>
        <class branch-rate="NaN" complexity="NaN" filename="Model-BasicThermal\SimulationCases\MotorDriveUnit_BasicThermal_Drive.m" line-rate="1" name="MotorDriveUnit_BasicThermal_Drive">
          <methods/>
          <lines>
            <line hits="1" number="6"/>
            <line hits="1" number="7"/>
            <line hits="1" number="8"/>
            <line hits="1" number="10"/>
            <line hits="1" number="12"/>
            <line hits="1" number="14"/>
            <line hits="1" number="16"/>
            <line hits="1" number="17"/>
            <line hits="1" number="18"/>
            <line hits="1" number="19"/>
            <line hits="1" number="20"/>
            <line hits="1" number="21"/>
            <line hits="1" number="22"/>
            <line hits="1" number="23"/>
            <line hits="1" number="24"/>
            <line hits="1" number="25"/>
            <line hits="1" number="26"/>
            <line hits="1" number="27"/>
            <line hits="8" number="28"/>
            <line hits="8" number="29"/>
            <line hits="8" number="30"/>
            <line hits="8" number="31"/>
          </lines>
        </class>
        <class branch-rate="NaN" complexity="NaN" filename="Model-BasicThermal\SimulationCases\MotorDriveUnit_BasicThermal_Random.m" line-rate="1" name="MotorDriveUnit_BasicThermal_Random">
          <methods/>
          <lines>
            <line hits="1" number="4"/>
            <line hits="1" number="5"/>
            <line hits="1" number="6"/>
            <line hits="1" number="8"/>
            <line hits="1" number="10"/>
            <line hits="1" number="12"/>
            <line hits="1" number="14"/>
            <line hits="1" number="15"/>
            <line hits="1" number="16"/>
            <line hits="1" number="17"/>
            <line hits="1" number="18"/>
            <line hits="1" number="19"/>
            <line hits="1" number="20"/>
            <line hits="1" number="21"/>
            <line hits="1" number="22"/>
            <line hits="1" number="23"/>
            <line hits="1" number="24"/>
            <line hits="1" number="25"/>
            <line hits="8" number="26"/>
            <line hits="8" number="27"/>
            <line hits="8" number="28"/>
            <line hits="8" number="29"/>
          </lines>
        </class>
        <class branch-rate="NaN" complexity="NaN" filename="Model-BasicThermal\SimulationCases\MotorDriveUnit_BasicThermal_RegenBrake.m" line-rate="1" name="MotorDriveUnit_BasicThermal_RegenBrake">
          <methods/>
          <lines>
            <line hits="1" number="4"/>
            <line hits="1" number="5"/>
            <line hits="1" number="6"/>
            <line hits="1" number="8"/>
            <line hits="1" number="10"/>
            <line hits="1" number="12"/>
            <line hits="1" number="14"/>
            <line hits="1" number="15"/>
            <line hits="1" number="16"/>
            <line hits="1" number="17"/>
            <line hits="1" number="18"/>
            <line hits="1" number="19"/>
            <line hits="1" number="20"/>
            <line hits="1" number="21"/>
            <line hits="1" number="22"/>
            <line hits="1" number="23"/>
            <line hits="6" number="24"/>
            <line hits="6" number="25"/>
            <line hits="6" number="26"/>
            <line hits="6" number="27"/>
          </lines>
        </class>
        <class branch-rate="NaN" complexity="NaN" filename="Model-BasicThermal\SimulationCases\MotorDriveUnit_BasicThermal_SimulationCases_test.m" line-rate="1" name="MotorDriveUnit_BasicThermal_SimulationCases_test">
          <methods>
            <method branch-rate="NaN" line-rate="1" name="TestSetup" signature="TestSetup(testcase)">
              <lines>
                <line hits="8" number="21"/>
                <line hits="8" number="22"/>
                <line hits="4" number="24"/>
                <line hits="4" number="27"/>
              </lines>
            </method>
            <method branch-rate="NaN" line-rate="1" name="PassingTest_1" signature="PassingTest_1(~)">
              <lines>
                <line hits="1" number="41"/>
              </lines>
            </method>
            <method branch-rate="NaN" line-rate="1" name="PassingTest_2" signature="PassingTest_2(~)">
              <lines>
                <line hits="1" number="45"/>
              </lines>
            </method>
            <method branch-rate="NaN" line-rate="1" name="PassingTest_3" signature="PassingTest_3(~)">
              <lines>
                <line hits="1" number="49"/>
              </lines>
            </method>
            <method branch-rate="NaN" line-rate="1" name="PassingTest_4" signature="PassingTest_4(~)">
              <lines>
                <line hits="1" number="53"/>
              </lines>
            </method>
          </methods>
          <lines>
            <line hits="8" number="21"/>
            <line hits="8" number="22"/>
            <line hits="4" number="24"/>
            <line hits="4" number="27"/>
            <line hits="1" number="41"/>
            <line hits="1" number="45"/>
            <line hits="1" number="49"/>
            <line hits="1" number="53"/>
          </lines>
        </class>
        <class branch-rate="NaN" complexity="NaN" filename="Model-Basic\MotorDriveUnit_BasicModelEfficiencyApp.m" line-rate="0.90795" name="MotorDriveUnit_BasicModelEfficiencyApp">
          <methods/>
          <lines>
            <line hits="1" number="9"/>
            <line hits="1" number="11"/>
            <line hits="1" number="13"/>
            <line hits="1" number="18"/>
            <line hits="1" number="19"/>
            <line hits="1" number="20"/>
            <line hits="1" number="22"/>
            <line hits="1" number="28"/>
            <line hits="1" number="32"/>
            <line hits="1" number="35"/>
            <line hits="1" number="37"/>
            <line hits="1" number="39"/>
            <line hits="1" number="40"/>
            <line hits="1" number="51"/>
            <line hits="1" number="52"/>
            <line hits="1" number="53"/>
            <line hits="1" number="57"/>
            <line hits="1" number="61"/>
            <line hits="1" number="62"/>
            <line hits="1" number="63"/>
            <line hits="1" number="64"/>
            <line hits="1" number="66"/>
            <line hits="1" number="70"/>
            <line hits="1" number="72"/>
            <line hits="1" number="74"/>
            <line hits="1" number="76"/>
            <line hits="1" number="77"/>
            <line hits="1" number="79"/>
            <line hits="1" number="80"/>
            <line hits="1" number="82"/>
            <line hits="1" number="85"/>
            <line hits="1" number="89"/>
            <line hits="1" number="92"/>
            <line hits="1" number="94"/>
            <line hits="1" number="95"/>
            <line hits="1" number="96"/>
            <line hits="1" number="97"/>
            <line hits="1" number="98"/>
            <line hits="1" number="99"/>
            <line hits="1" number="100"/>
            <line hits="1" number="101"/>
            <line hits="1" number="104"/>
            <line hits="1" number="106"/>
            <line hits="1" number="108"/>
            <line hits="1" number="110"/>
            <line hits="1" number="111"/>
            <line hits="1" number="112"/>
            <line hits="1" number="113"/>
            <line hits="1" number="115"/>
            <line hits="1" number="116"/>
            <line hits="1" number="118"/>
            <line hits="1" number="119"/>
            <line hits="1" number="120"/>
            <line hits="1" number="121"/>
            <line hits="1" number="122"/>
            <line hits="1" number="124"/>
            <line hits="1" number="125"/>
            <line hits="1" number="126"/>
            <line hits="1" number="127"/>
            <line hits="1" number="128"/>
            <line hits="1" number="130"/>
            <line hits="1" number="131"/>
            <line hits="1" number="132"/>
            <line hits="1" number="133"/>
            <line hits="1" number="134"/>
            <line hits="1" number="135"/>
            <line hits="1" number="138"/>
            <line hits="1" number="141"/>
            <line hits="1" number="143"/>
            <line hits="1" number="144"/>
            <line hits="1" number="145"/>
            <line hits="1" number="148"/>
            <line hits="1" number="150"/>
            <line hits="1" number="151"/>
            <line hits="1" number="152"/>
            <line hits="1" number="153"/>
            <line hits="1" number="154"/>
            <line hits="1" number="155"/>
            <line hits="1" number="156"/>
            <line hits="1" number="157"/>
            <line hits="1" number="160"/>
            <line hits="1" number="162"/>
            <line hits="1" number="163"/>
            <line hits="1" number="164"/>
            <line hits="1" number="165"/>
            <line hits="1" number="166"/>
            <line hits="1" number="167"/>
            <line hits="1" number="168"/>
            <line hits="1" number="169"/>
            <line hits="1" number="172"/>
            <line hits="1" number="174"/>
            <line hits="1" number="175"/>
            <line hits="1" number="176"/>
            <line hits="1" number="177"/>
            <line hits="1" number="178"/>
            <line hits="1" number="179"/>
            <line hits="1" number="180"/>
            <line hits="1" number="181"/>
            <line hits="1" number="184"/>
            <line hits="1" number="186"/>
            <line hits="1" number="187"/>
            <line hits="1" number="188"/>
            <line hits="1" number="189"/>
            <line hits="1" number="190"/>
            <line hits="1" number="191"/>
            <line hits="1" number="192"/>
            <line hits="1" number="195"/>
            <line hits="1" number="197"/>
            <line hits="1" number="198"/>
            <line hits="1" number="199"/>
            <line hits="1" number="200"/>
            <line hits="1" number="201"/>
            <line hits="1" number="202"/>
            <line hits="1" number="203"/>
            <line hits="1" number="204"/>
            <line hits="1" number="207"/>
            <line hits="1" number="209"/>
            <line hits="1" number="210"/>
            <line hits="1" number="211"/>
            <line hits="1" number="212"/>
            <line hits="1" number="213"/>
            <line hits="1" number="214"/>
            <line hits="1" number="215"/>
            <line hits="1" number="216"/>
            <line hits="1" number="219"/>
            <line hits="1" number="221"/>
            <line hits="1" number="222"/>
            <line hits="1" number="223"/>
            <line hits="1" number="224"/>
            <line hits="1" number="225"/>
            <line hits="1" number="226"/>
            <line hits="1" number="227"/>
            <line hits="1" number="228"/>
            <line hits="1" number="233"/>
            <line hits="1" number="236"/>
            <line hits="1" number="238"/>
            <line hits="1" number="239"/>
            <line hits="1" number="240"/>
            <line hits="1" number="241"/>
            <line hits="1" number="242"/>
            <line hits="1" number="243"/>
            <line hits="1" number="244"/>
            <line hits="1" number="245"/>
            <line hits="1" number="246"/>
            <line hits="1" number="247"/>
            <line hits="1" number="249"/>
            <line hits="1" number="251"/>
            <line hits="1" number="252"/>
            <line hits="1" number="253"/>
            <line hits="1" number="254"/>
            <line hits="1" number="257"/>
            <line hits="1" number="259"/>
            <line hits="1" number="260"/>
            <line hits="1" number="263"/>
            <line hits="1" number="266"/>
            <line hits="1" number="268"/>
            <line hits="1" number="269"/>
            <line hits="1" number="270"/>
            <line hits="1" number="271"/>
            <line hits="1" number="272"/>
            <line hits="1" number="273"/>
            <line hits="1" number="274"/>
            <line hits="1" number="275"/>
            <line hits="1" number="278"/>
            <line hits="1" number="279"/>
            <line hits="1" number="281"/>
            <line hits="1" number="283"/>
            <line hits="1" number="284"/>
            <line hits="1" number="286"/>
            <line hits="1" number="289"/>
            <line hits="1" number="291"/>
            <line hits="1" number="292"/>
            <line hits="1" number="293"/>
            <line hits="1" number="294"/>
            <line hits="1" number="295"/>
            <line hits="1" number="296"/>
            <line hits="2" number="304"/>
            <line hits="2" number="305"/>
            <line hits="2" number="306"/>
            <line hits="2" number="307"/>
            <line hits="2" number="308"/>
            <line hits="2" number="309"/>
            <line hits="2" number="310"/>
            <line hits="2" number="312"/>
            <line hits="2" number="314"/>
            <line hits="2" number="315"/>
            <line hits="2" number="316"/>
            <line hits="2" number="317"/>
            <line hits="2" number="318"/>
            <line hits="2" number="319"/>
            <line hits="2" number="320"/>
            <line hits="2" number="321"/>
            <line hits="2" number="322"/>
            <line hits="2" number="323"/>
            <line hits="2" number="324"/>
            <line hits="2" number="325"/>
            <line hits="0" number="331"/>
            <line hits="0" number="332"/>
            <line hits="8" number="337"/>
            <line hits="2" number="338"/>
            <line hits="0" number="345"/>
            <line hits="0" number="346"/>
            <line hits="0" number="350"/>
            <line hits="0" number="351"/>
            <line hits="0" number="353"/>
            <line hits="0" number="354"/>
            <line hits="0" number="356"/>
            <line hits="0" number="357"/>
            <line hits="0" number="359"/>
            <line hits="0" number="360"/>
            <line hits="0" number="362"/>
            <line hits="0" number="363"/>
            <line hits="0" number="365"/>
            <line hits="0" number="366"/>
            <line hits="0" number="370"/>
            <line hits="0" number="371"/>
            <line hits="1" number="380"/>
            <line hits="1" number="381"/>
            <line hits="1" number="385"/>
            <line hits="1" number="386"/>
            <line hits="1" number="388"/>
            <line hits="1" number="389"/>
            <line hits="1" number="391"/>
            <line hits="1" number="392"/>
            <line hits="1" number="394"/>
            <line hits="1" number="396"/>
            <line hits="1" number="397"/>
            <line hits="1" number="399"/>
            <line hits="1" number="400"/>
            <line hits="1" number="403"/>
            <line hits="1" number="404"/>
            <line hits="1" number="408"/>
            <line hits="1" number="409"/>
            <line hits="0" number="414"/>
            <line hits="0" number="415"/>
            <line hits="1" number="420"/>
            <line hits="1" number="421"/>
            <line hits="0" number="426"/>
            <line hits="0" number="427"/>
          </lines>
        </class>
        <class branch-rate="NaN" complexity="NaN" filename="Model-Basic\MotorDriveUnit_BasicModelEfficiencyApp_uitest.m" line-rate="0.83333" name="MotorDriveUnit_BasicModelEfficiencyApp_uitest">
          <methods>
            <method branch-rate="NaN" line-rate="0.8" name="test_method_setup" signature="test_method_setup(testcase)">
              <lines>
                <line hits="1" number="29"/>
                <line hits="1" number="30"/>
                <line hits="1" number="34"/>
                <line hits="1" number="37"/>
                <line hits="1" number="38"/>
                <line hits="1" number="41"/>
                <line hits="1" number="43"/>
                <line hits="0" number="46"/>
                <line hits="1" number="51"/>
                <line hits="0" number="55"/>
              </lines>
            </method>
            <method branch-rate="NaN" line-rate="1" name="PassingTest_1" signature="PassingTest_1(testcase)">
              <lines>
                <line hits="1" number="70"/>
                <line hits="1" number="72"/>
              </lines>
            </method>
          </methods>
          <lines>
            <line hits="1" number="29"/>
            <line hits="1" number="30"/>
            <line hits="1" number="34"/>
            <line hits="1" number="37"/>
            <line hits="1" number="38"/>
            <line hits="1" number="41"/>
            <line hits="1" number="43"/>
            <line hits="0" number="46"/>
            <line hits="1" number="51"/>
            <line hits="0" number="55"/>
            <line hits="1" number="70"/>
            <line hits="1" number="72"/>
          </lines>
        </class>
        <class branch-rate="NaN" complexity="NaN" filename="Model-Basic\MotorDriveUnit_BasicModelEfficiencyApp_uitest_screenshot.m" line-rate="0.66667" name="MotorDriveUnit_BasicModelEfficiencyApp_uitest_screenshot">
          <methods>
            <method branch-rate="NaN" line-rate="0.66667" name="test_method_setup_1" signature="test_method_setup_1(testcase)">
              <lines>
                <line hits="1" number="26"/>
                <line hits="1" number="32"/>
                <line hits="1" number="34"/>
                <line hits="1" number="35"/>
                <line hits="1" number="37"/>
                <line hits="1" number="40"/>
                <line hits="0" number="45"/>
                <line hits="0" number="47"/>
                <line hits="0" number="50"/>
              </lines>
            </method>
            <method branch-rate="NaN" line-rate="0.66667" name="test_image_up_to_date_1" signature="test_image_up_to_date_1(testcase)">
              <lines>
                <line hits="1" number="67"/>
                <line hits="1" number="68"/>
                <line hits="1" number="71"/>
                <line hits="1" number="72"/>
                <line hits="0" number="74"/>
                <line hits="0" number="76"/>
                <line hits="0" number="77"/>
                <line hits="1" number="80"/>
                <line hits="1" number="81"/>
              </lines>
            </method>
          </methods>
          <lines>
            <line hits="1" number="26"/>
            <line hits="1" number="32"/>
            <line hits="1" number="34"/>
            <line hits="1" number="35"/>
            <line hits="1" number="37"/>
            <line hits="1" number="40"/>
            <line hits="0" number="45"/>
            <line hits="0" number="47"/>
            <line hits="0" number="50"/>
            <line hits="1" number="67"/>
            <line hits="1" number="68"/>
            <line hits="1" number="71"/>
            <line hits="1" number="72"/>
            <line hits="0" number="74"/>
            <line hits="0" number="76"/>
            <line hits="0" number="77"/>
            <line hits="1" number="80"/>
            <line hits="1" number="81"/>
          </lines>
        </class>
        <class branch-rate="NaN" complexity="NaN" filename="Model-Basic\MotorDriveUnit_BasicModelEfficiencyDoc.m" line-rate="1" name="MotorDriveUnit_BasicModelEfficiencyDoc">
          <methods/>
          <lines>
            <line hits="1" number="4"/>
            <line hits="1" number="5"/>
            <line hits="1" number="6"/>
            <line hits="1" number="7"/>
            <line hits="1" number="8"/>
            <line hits="1" number="9"/>
            <line hits="1" number="11"/>
            <line hits="1" number="12"/>
            <line hits="1" number="14"/>
            <line hits="1" number="18"/>
            <line hits="1" number="20"/>
            <line hits="1" number="21"/>
            <line hits="1" number="22"/>
            <line hits="1" number="23"/>
            <line hits="1" number="24"/>
            <line hits="1" number="25"/>
            <line hits="1" number="26"/>
            <line hits="1" number="27"/>
          </lines>
        </class>
        <class branch-rate="NaN" complexity="NaN" filename="Model-Basic\MotorDriveUnit_BasicModelEfficiencyPlot.m" line-rate="1" name="MotorDriveUnit_BasicModelEfficiencyPlot">
          <methods/>
          <lines>
            <line hits="2" number="7"/>
            <line hits="2" number="8"/>
            <line hits="2" number="9"/>
            <line hits="2" number="11"/>
            <line hits="2" number="12"/>
            <line hits="2" number="13"/>
            <line hits="2" number="22"/>
            <line hits="2" number="26"/>
            <line hits="2" number="28"/>
            <line hits="2" number="38"/>
            <line hits="2" number="39"/>
            <line hits="2" number="40"/>
            <line hits="2" number="41"/>
            <line hits="2" number="42"/>
            <line hits="2" number="43"/>
            <line hits="2" number="44"/>
            <line hits="2" number="45"/>
            <line hits="2" number="46"/>
            <line hits="2" number="47"/>
            <line hits="2" number="48"/>
            <line hits="2" number="49"/>
          </lines>
        </class>
        <class branch-rate="NaN" complexity="NaN" filename="Model-Basic\MotorDriveUnit_Basic_params.m" line-rate="1" name="MotorDriveUnit_Basic_params">
          <methods/>
          <lines>
            <line hits="10" number="10"/>
            <line hits="10" number="11"/>
            <line hits="10" number="15"/>
            <line hits="10" number="16"/>
            <line hits="10" number="17"/>
            <line hits="10" number="19"/>
            <line hits="10" number="20"/>
            <line hits="10" number="21"/>
            <line hits="10" number="23"/>
            <line hits="10" number="25"/>
            <line hits="10" number="31"/>
            <line hits="10" number="35"/>
            <line hits="10" number="36"/>
            <line hits="10" number="38"/>
          </lines>
        </class>
        <class branch-rate="NaN" complexity="NaN" filename="Model-Basic\MotorDriveUnit_Basic_test.m" line-rate="1" name="MotorDriveUnit_Basic_test">
          <methods>
            <method branch-rate="NaN" line-rate="1" name="TestSetup" signature="TestSetup(testcase)">
              <lines>
                <line hits="12" number="21"/>
                <line hits="12" number="22"/>
                <line hits="6" number="24"/>
                <line hits="6" number="27"/>
              </lines>
            </method>
            <method branch-rate="NaN" line-rate="1" name="PassingTest_1" signature="PassingTest_1(~)">
              <lines>
                <line hits="1" number="41"/>
              </lines>
            </method>
            <method branch-rate="NaN" line-rate="1" name="PassingTest_2" signature="PassingTest_2(~)">
              <lines>
                <line hits="1" number="45"/>
              </lines>
            </method>
            <method branch-rate="NaN" line-rate="1" name="PassingTest_3" signature="PassingTest_3(~)">
              <lines>
                <line hits="1" number="49"/>
              </lines>
            </method>
            <method branch-rate="NaN" line-rate="1" name="PassingTest_4" signature="PassingTest_4(~)">
              <lines>
                <line hits="1" number="53"/>
              </lines>
            </method>
            <method branch-rate="NaN" line-rate="1" name="PassingTest_5" signature="PassingTest_5(~)">
              <lines>
                <line hits="1" number="57"/>
              </lines>
            </method>
            <method branch-rate="NaN" line-rate="1" name="test_MotorDriveUnit_getBasicModelBlockInfo_1" signature="test_MotorDriveUnit_getBasicModelBlockInfo_1(testcase)">
              <lines>
                <line hits="1" number="66"/>
                <line hits="1" number="68"/>
                <line hits="1" number="69"/>
                <line hits="1" number="72"/>
                <line hits="1" number="73"/>
                <line hits="1" number="74"/>
                <line hits="1" number="75"/>
                <line hits="1" number="77"/>
                <line hits="1" number="78"/>
                <line hits="1" number="82"/>
                <line hits="1" number="83"/>
              </lines>
            </method>
          </methods>
          <lines>
            <line hits="12" number="21"/>
            <line hits="12" number="22"/>
            <line hits="6" number="24"/>
            <line hits="6" number="27"/>
            <line hits="1" number="41"/>
            <line hits="1" number="45"/>
            <line hits="1" number="49"/>
            <line hits="1" number="53"/>
            <line hits="1" number="57"/>
            <line hits="1" number="66"/>
            <line hits="1" number="68"/>
            <line hits="1" number="69"/>
            <line hits="1" number="72"/>
            <line hits="1" number="73"/>
            <line hits="1" number="74"/>
            <line hits="1" number="75"/>
            <line hits="1" number="77"/>
            <line hits="1" number="78"/>
            <line hits="1" number="82"/>
            <line hits="1" number="83"/>
          </lines>
        </class>
        <class branch-rate="NaN" complexity="NaN" filename="Model-Basic\MotorDriveUnit_getBasicModelBlockInfo.m" line-rate="1" name="MotorDriveUnit_getBasicModelBlockInfo">
          <methods/>
          <lines>
            <line hits="2" number="35"/>
            <line hits="2" number="36"/>
            <line hits="2" number="43"/>
            <line hits="2" number="49"/>
            <line hits="2" number="52"/>
            <line hits="2" number="55"/>
            <line hits="2" number="58"/>
            <line hits="2" number="61"/>
            <line hits="2" number="64"/>
            <line hits="2" number="68"/>
            <line hits="2" number="69"/>
            <line hits="2" number="70"/>
            <line hits="2" number="71"/>
            <line hits="2" number="74"/>
            <line hits="2" number="75"/>
            <line hits="2" number="76"/>
            <line hits="2" number="77"/>
            <line hits="2" number="78"/>
            <line hits="2" number="79"/>
            <line hits="2" number="82"/>
            <line hits="2" number="83"/>
            <line hits="2" number="85"/>
            <line hits="2" number="87"/>
            <line hits="2" number="88"/>
            <line hits="2" number="91"/>
            <line hits="2" number="92"/>
          </lines>
        </class>
        <class branch-rate="NaN" complexity="NaN" filename="Model-Basic\SimulationCases\MotorDriveUnit_Basic_Constant.m" line-rate="1" name="MotorDriveUnit_Basic_Constant">
          <methods/>
          <lines>
            <line hits="1" number="4"/>
            <line hits="1" number="5"/>
            <line hits="1" number="6"/>
            <line hits="1" number="8"/>
            <line hits="1" number="10"/>
            <line hits="1" number="12"/>
            <line hits="1" number="14"/>
            <line hits="1" number="15"/>
          </lines>
        </class>
        <class branch-rate="NaN" complexity="NaN" filename="Model-Basic\SimulationCases\MotorDriveUnit_Basic_Drive.m" line-rate="1" name="MotorDriveUnit_Basic_Drive">
          <methods/>
          <lines>
            <line hits="1" number="6"/>
            <line hits="1" number="7"/>
            <line hits="1" number="8"/>
            <line hits="1" number="10"/>
            <line hits="1" number="12"/>
            <line hits="1" number="14"/>
            <line hits="1" number="16"/>
            <line hits="1" number="17"/>
            <line hits="1" number="18"/>
            <line hits="1" number="19"/>
            <line hits="1" number="20"/>
            <line hits="1" number="21"/>
            <line hits="1" number="22"/>
            <line hits="1" number="23"/>
            <line hits="1" number="24"/>
            <line hits="1" number="25"/>
            <line hits="1" number="26"/>
            <line hits="7" number="27"/>
            <line hits="7" number="28"/>
            <line hits="7" number="29"/>
            <line hits="7" number="30"/>
          </lines>
        </class>
        <class branch-rate="NaN" complexity="NaN" filename="Model-Basic\SimulationCases\MotorDriveUnit_Basic_Random.m" line-rate="1" name="MotorDriveUnit_Basic_Random">
          <methods/>
          <lines>
            <line hits="1" number="4"/>
            <line hits="1" number="5"/>
            <line hits="1" number="6"/>
            <line hits="1" number="8"/>
            <line hits="1" number="10"/>
            <line hits="1" number="12"/>
            <line hits="1" number="14"/>
            <line hits="1" number="15"/>
            <line hits="1" number="16"/>
            <line hits="1" number="17"/>
            <line hits="1" number="18"/>
            <line hits="1" number="19"/>
            <line hits="1" number="20"/>
            <line hits="1" number="21"/>
            <line hits="1" number="22"/>
            <line hits="1" number="23"/>
            <line hits="1" number="24"/>
            <line hits="7" number="25"/>
            <line hits="7" number="26"/>
            <line hits="7" number="27"/>
            <line hits="7" number="28"/>
          </lines>
        </class>
        <class branch-rate="NaN" complexity="NaN" filename="Model-Basic\SimulationCases\MotorDriveUnit_Basic_RegenBrake.m" line-rate="1" name="MotorDriveUnit_Basic_RegenBrake">
          <methods/>
          <lines>
            <line hits="1" number="4"/>
            <line hits="1" number="5"/>
            <line hits="1" number="6"/>
            <line hits="1" number="8"/>
            <line hits="1" number="10"/>
            <line hits="1" number="12"/>
            <line hits="1" number="14"/>
            <line hits="1" number="15"/>
            <line hits="1" number="16"/>
            <line hits="1" number="17"/>
            <line hits="1" number="18"/>
            <line hits="1" number="19"/>
            <line hits="1" number="20"/>
            <line hits="1" number="21"/>
            <line hits="1" number="22"/>
            <line hits="5" number="23"/>
            <line hits="5" number="24"/>
            <line hits="5" number="25"/>
            <line hits="5" number="26"/>
          </lines>
        </class>
        <class branch-rate="NaN" complexity="NaN" filename="Model-Basic\SimulationCases\MotorDriveUnit_Basic_SimulationCases_test.m" line-rate="1" name="MotorDriveUnit_Basic_SimulationCases_test">
          <methods>
            <method branch-rate="NaN" line-rate="1" name="TestSetup" signature="TestSetup(testcase)">
              <lines>
                <line hits="8" number="21"/>
                <line hits="8" number="22"/>
                <line hits="4" number="24"/>
                <line hits="4" number="27"/>
              </lines>
            </method>
            <method branch-rate="NaN" line-rate="1" name="PassingTest_1" signature="PassingTest_1(~)">
              <lines>
                <line hits="1" number="41"/>
              </lines>
            </method>
            <method branch-rate="NaN" line-rate="1" name="PassingTest_2" signature="PassingTest_2(~)">
              <lines>
                <line hits="1" number="45"/>
              </lines>
            </method>
            <method branch-rate="NaN" line-rate="1" name="PassingTest_3" signature="PassingTest_3(~)">
              <lines>
                <line hits="1" number="49"/>
              </lines>
            </method>
            <method branch-rate="NaN" line-rate="1" name="PassingTest_4" signature="PassingTest_4(~)">
              <lines>
                <line hits="1" number="53"/>
              </lines>
            </method>
          </methods>
          <lines>
            <line hits="8" number="21"/>
            <line hits="8" number="22"/>
            <line hits="4" number="24"/>
            <line hits="4" number="27"/>
            <line hits="1" number="41"/>
            <line hits="1" number="45"/>
            <line hits="1" number="49"/>
            <line hits="1" number="53"/>
          </lines>
        </class>
        <class branch-rate="NaN" complexity="NaN" filename="Model-SystemTable\MotorDriveUnit_SystemTable_params.m" line-rate="1" name="MotorDriveUnit_SystemTable_params">
          <methods/>
          <lines>
            <line hits="6" number="14"/>
            <line hits="6" number="15"/>
            <line hits="6" number="19"/>
            <line hits="6" number="20"/>
            <line hits="6" number="21"/>
            <line hits="6" number="24"/>
            <line hits="6" number="25"/>
            <line hits="6" number="29"/>
            <line hits="6" number="30"/>
            <line hits="6" number="31"/>
            <line hits="6" number="32"/>
            <line hits="6" number="33"/>
            <line hits="6" number="34"/>
            <line hits="6" number="37"/>
            <line hits="6" number="39"/>
            <line hits="6" number="48"/>
            <line hits="6" number="50"/>
            <line hits="6" number="51"/>
            <line hits="6" number="53"/>
            <line hits="6" number="54"/>
            <line hits="6" number="58"/>
            <line hits="6" number="59"/>
            <line hits="6" number="61"/>
          </lines>
        </class>
        <class branch-rate="NaN" complexity="NaN" filename="Model-SystemTable\MotorDriveUnit_SystemTable_test.m" line-rate="1" name="MotorDriveUnit_SystemTable_test">
          <methods>
            <method branch-rate="NaN" line-rate="1" name="TestSetup" signature="TestSetup(testcase)">
              <lines>
                <line hits="4" number="25"/>
                <line hits="4" number="26"/>
                <line hits="2" number="28"/>
                <line hits="2" number="31"/>
              </lines>
            </method>
            <method branch-rate="NaN" line-rate="1" name="PassingTest_1" signature="PassingTest_1(~)">
              <lines>
                <line hits="1" number="45"/>
              </lines>
            </method>
            <method branch-rate="NaN" line-rate="1" name="PassingTest_2" signature="PassingTest_2(~)">
              <lines>
                <line hits="1" number="49"/>
              </lines>
            </method>
          </methods>
          <lines>
            <line hits="4" number="25"/>
            <line hits="4" number="26"/>
            <line hits="2" number="28"/>
            <line hits="2" number="31"/>
            <line hits="1" number="45"/>
            <line hits="1" number="49"/>
          </lines>
        </class>
        <class branch-rate="NaN" complexity="NaN" filename="Model-SystemTable\SimulationCases\MotorDriveUnit_SystemTable_Constant.m" line-rate="1" name="MotorDriveUnit_SystemTable_Constant">
          <methods/>
          <lines>
            <line hits="1" number="4"/>
            <line hits="1" number="5"/>
            <line hits="1" number="6"/>
            <line hits="1" number="8"/>
            <line hits="1" number="10"/>
            <line hits="1" number="12"/>
            <line hits="1" number="14"/>
            <line hits="1" number="15"/>
          </lines>
        </class>
        <class branch-rate="NaN" complexity="NaN" filename="Model-SystemTable\SimulationCases\MotorDriveUnit_SystemTable_Drive.m" line-rate="1" name="MotorDriveUnit_SystemTable_Drive">
          <methods/>
          <lines>
            <line hits="1" number="6"/>
            <line hits="1" number="7"/>
            <line hits="1" number="8"/>
            <line hits="1" number="10"/>
            <line hits="1" number="12"/>
            <line hits="1" number="14"/>
            <line hits="1" number="16"/>
            <line hits="1" number="17"/>
            <line hits="1" number="18"/>
            <line hits="1" number="19"/>
            <line hits="1" number="20"/>
            <line hits="1" number="21"/>
            <line hits="1" number="22"/>
            <line hits="1" number="23"/>
            <line hits="1" number="24"/>
            <line hits="1" number="25"/>
            <line hits="1" number="26"/>
            <line hits="7" number="27"/>
            <line hits="7" number="28"/>
            <line hits="7" number="29"/>
            <line hits="7" number="30"/>
          </lines>
        </class>
        <class branch-rate="NaN" complexity="NaN" filename="Model-SystemTable\SimulationCases\MotorDriveUnit_SystemTable_Random.m" line-rate="1" name="MotorDriveUnit_SystemTable_Random">
          <methods/>
          <lines>
            <line hits="1" number="4"/>
            <line hits="1" number="5"/>
            <line hits="1" number="6"/>
            <line hits="1" number="8"/>
            <line hits="1" number="10"/>
            <line hits="1" number="12"/>
            <line hits="1" number="14"/>
            <line hits="1" number="15"/>
            <line hits="1" number="16"/>
            <line hits="1" number="17"/>
            <line hits="1" number="18"/>
            <line hits="1" number="19"/>
            <line hits="1" number="20"/>
            <line hits="1" number="21"/>
            <line hits="1" number="22"/>
            <line hits="1" number="23"/>
            <line hits="1" number="24"/>
            <line hits="7" number="25"/>
            <line hits="7" number="26"/>
            <line hits="7" number="27"/>
            <line hits="7" number="28"/>
          </lines>
        </class>
        <class branch-rate="NaN" complexity="NaN" filename="Model-SystemTable\SimulationCases\MotorDriveUnit_SystemTable_RegenBrake.m" line-rate="1" name="MotorDriveUnit_SystemTable_RegenBrake">
          <methods/>
          <lines>
            <line hits="1" number="4"/>
            <line hits="1" number="5"/>
            <line hits="1" number="6"/>
            <line hits="1" number="8"/>
            <line hits="1" number="10"/>
            <line hits="1" number="12"/>
            <line hits="1" number="14"/>
            <line hits="1" number="15"/>
            <line hits="1" number="16"/>
            <line hits="1" number="17"/>
            <line hits="1" number="18"/>
            <line hits="1" number="19"/>
            <line hits="1" number="20"/>
            <line hits="1" number="21"/>
            <line hits="1" number="22"/>
            <line hits="1" number="23"/>
            <line hits="1" number="24"/>
            <line hits="7" number="25"/>
            <line hits="7" number="26"/>
            <line hits="7" number="27"/>
            <line hits="7" number="28"/>
          </lines>
        </class>
        <class branch-rate="NaN" complexity="NaN" filename="Model-SystemTable\SimulationCases\MotorDriveUnit_SystemTable_SimulationCases_test.m" line-rate="1" name="MotorDriveUnit_SystemTable_SimulationCases_test">
          <methods>
            <method branch-rate="NaN" line-rate="1" name="TestSetup" signature="TestSetup(testcase)">
              <lines>
                <line hits="8" number="21"/>
                <line hits="8" number="22"/>
                <line hits="4" number="24"/>
                <line hits="4" number="27"/>
              </lines>
            </method>
            <method branch-rate="NaN" line-rate="1" name="PassingTest_1" signature="PassingTest_1(~)">
              <lines>
                <line hits="1" number="41"/>
              </lines>
            </method>
            <method branch-rate="NaN" line-rate="1" name="PassingTest_2" signature="PassingTest_2(~)">
              <lines>
                <line hits="1" number="45"/>
              </lines>
            </method>
            <method branch-rate="NaN" line-rate="1" name="PassingTest_3" signature="PassingTest_3(~)">
              <lines>
                <line hits="1" number="49"/>
              </lines>
            </method>
            <method branch-rate="NaN" line-rate="1" name="PassingTest_4" signature="PassingTest_4(~)">
              <lines>
                <line hits="1" number="53"/>
              </lines>
            </method>
          </methods>
          <lines>
            <line hits="8" number="21"/>
            <line hits="8" number="22"/>
            <line hits="4" number="24"/>
            <line hits="4" number="27"/>
            <line hits="1" number="41"/>
            <line hits="1" number="45"/>
            <line hits="1" number="49"/>
            <line hits="1" number="53"/>
          </lines>
        </class>
        <class branch-rate="NaN" complexity="NaN" filename="Model-SystemThermal\MotorDriveUnit_SystemThermalModelEfficiencyApp.m" line-rate="0.90123" name="MotorDriveUnit_SystemThermalModelEfficiencyApp">
          <methods/>
          <lines>
            <line hits="1" number="9"/>
            <line hits="1" number="11"/>
            <line hits="1" number="13"/>
            <line hits="1" number="18"/>
            <line hits="1" number="19"/>
            <line hits="1" number="20"/>
            <line hits="1" number="22"/>
            <line hits="1" number="28"/>
            <line hits="1" number="32"/>
            <line hits="1" number="35"/>
            <line hits="1" number="37"/>
            <line hits="1" number="39"/>
            <line hits="1" number="40"/>
            <line hits="1" number="51"/>
            <line hits="1" number="52"/>
            <line hits="1" number="53"/>
            <line hits="1" number="57"/>
            <line hits="1" number="61"/>
            <line hits="1" number="62"/>
            <line hits="1" number="63"/>
            <line hits="1" number="64"/>
            <line hits="1" number="66"/>
            <line hits="1" number="70"/>
            <line hits="1" number="72"/>
            <line hits="1" number="74"/>
            <line hits="1" number="76"/>
            <line hits="1" number="77"/>
            <line hits="1" number="79"/>
            <line hits="1" number="80"/>
            <line hits="1" number="82"/>
            <line hits="1" number="85"/>
            <line hits="1" number="89"/>
            <line hits="1" number="92"/>
            <line hits="1" number="94"/>
            <line hits="1" number="95"/>
            <line hits="1" number="96"/>
            <line hits="1" number="97"/>
            <line hits="1" number="98"/>
            <line hits="1" number="99"/>
            <line hits="1" number="100"/>
            <line hits="1" number="101"/>
            <line hits="1" number="102"/>
            <line hits="1" number="103"/>
            <line hits="1" number="106"/>
            <line hits="1" number="108"/>
            <line hits="1" number="110"/>
            <line hits="1" number="112"/>
            <line hits="1" number="113"/>
            <line hits="1" number="114"/>
            <line hits="1" number="115"/>
            <line hits="1" number="117"/>
            <line hits="1" number="118"/>
            <line hits="1" number="120"/>
            <line hits="1" number="121"/>
            <line hits="1" number="122"/>
            <line hits="1" number="123"/>
            <line hits="1" number="124"/>
            <line hits="1" number="126"/>
            <line hits="1" number="127"/>
            <line hits="1" number="128"/>
            <line hits="1" number="129"/>
            <line hits="1" number="130"/>
            <line hits="1" number="132"/>
            <line hits="1" number="133"/>
            <line hits="1" number="134"/>
            <line hits="1" number="135"/>
            <line hits="1" number="136"/>
            <line hits="1" number="137"/>
            <line hits="1" number="140"/>
            <line hits="1" number="143"/>
            <line hits="1" number="145"/>
            <line hits="1" number="146"/>
            <line hits="1" number="147"/>
            <line hits="1" number="150"/>
            <line hits="1" number="152"/>
            <line hits="1" number="153"/>
            <line hits="1" number="154"/>
            <line hits="1" number="155"/>
            <line hits="1" number="156"/>
            <line hits="1" number="157"/>
            <line hits="1" number="158"/>
            <line hits="1" number="159"/>
            <line hits="1" number="162"/>
            <line hits="1" number="164"/>
            <line hits="1" number="165"/>
            <line hits="1" number="166"/>
            <line hits="1" number="167"/>
            <line hits="1" number="168"/>
            <line hits="1" number="169"/>
            <line hits="1" number="170"/>
            <line hits="1" number="171"/>
            <line hits="1" number="174"/>
            <line hits="1" number="176"/>
            <line hits="1" number="177"/>
            <line hits="1" number="178"/>
            <line hits="1" number="179"/>
            <line hits="1" number="180"/>
            <line hits="1" number="181"/>
            <line hits="1" number="182"/>
            <line hits="1" number="183"/>
            <line hits="1" number="186"/>
            <line hits="1" number="188"/>
            <line hits="1" number="189"/>
            <line hits="1" number="190"/>
            <line hits="1" number="191"/>
            <line hits="1" number="192"/>
            <line hits="1" number="193"/>
            <line hits="1" number="194"/>
            <line hits="1" number="197"/>
            <line hits="1" number="199"/>
            <line hits="1" number="200"/>
            <line hits="1" number="201"/>
            <line hits="1" number="202"/>
            <line hits="1" number="203"/>
            <line hits="1" number="204"/>
            <line hits="1" number="205"/>
            <line hits="1" number="206"/>
            <line hits="1" number="209"/>
            <line hits="1" number="211"/>
            <line hits="1" number="212"/>
            <line hits="1" number="213"/>
            <line hits="1" number="214"/>
            <line hits="1" number="215"/>
            <line hits="1" number="216"/>
            <line hits="1" number="217"/>
            <line hits="1" number="218"/>
            <line hits="1" number="221"/>
            <line hits="1" number="223"/>
            <line hits="1" number="224"/>
            <line hits="1" number="225"/>
            <line hits="1" number="226"/>
            <line hits="1" number="227"/>
            <line hits="1" number="228"/>
            <line hits="1" number="229"/>
            <line hits="1" number="230"/>
            <line hits="1" number="233"/>
            <line hits="1" number="235"/>
            <line hits="1" number="236"/>
            <line hits="1" number="237"/>
            <line hits="1" number="238"/>
            <line hits="1" number="239"/>
            <line hits="1" number="240"/>
            <line hits="1" number="241"/>
            <line hits="1" number="242"/>
            <line hits="1" number="245"/>
            <line hits="1" number="247"/>
            <line hits="1" number="248"/>
            <line hits="1" number="249"/>
            <line hits="1" number="250"/>
            <line hits="1" number="251"/>
            <line hits="1" number="252"/>
            <line hits="1" number="253"/>
            <line hits="1" number="254"/>
            <line hits="1" number="257"/>
            <line hits="1" number="259"/>
            <line hits="1" number="260"/>
            <line hits="1" number="261"/>
            <line hits="1" number="264"/>
            <line hits="1" number="269"/>
            <line hits="1" number="270"/>
            <line hits="1" number="271"/>
            <line hits="1" number="272"/>
            <line hits="1" number="273"/>
            <line hits="1" number="274"/>
            <line hits="1" number="275"/>
            <line hits="1" number="276"/>
            <line hits="1" number="277"/>
            <line hits="1" number="280"/>
            <line hits="0" number="283"/>
            <line hits="0" number="284"/>
            <line hits="1" number="288"/>
            <line hits="1" number="290"/>
            <line hits="1" number="291"/>
            <line hits="1" number="292"/>
            <line hits="1" number="293"/>
            <line hits="1" number="294"/>
            <line hits="1" number="295"/>
            <line hits="1" number="296"/>
            <line hits="1" number="299"/>
            <line hits="1" number="301"/>
            <line hits="1" number="302"/>
            <line hits="1" number="303"/>
            <line hits="1" number="304"/>
            <line hits="1" number="305"/>
            <line hits="1" number="306"/>
            <line hits="1" number="307"/>
            <line hits="1" number="308"/>
            <line hits="1" number="309"/>
            <line hits="1" number="312"/>
            <line hits="0" number="315"/>
            <line hits="0" number="316"/>
            <line hits="1" number="322"/>
            <line hits="1" number="325"/>
            <line hits="1" number="327"/>
            <line hits="1" number="328"/>
            <line hits="1" number="329"/>
            <line hits="1" number="330"/>
            <line hits="1" number="331"/>
            <line hits="1" number="332"/>
            <line hits="1" number="333"/>
            <line hits="1" number="334"/>
            <line hits="1" number="335"/>
            <line hits="1" number="336"/>
            <line hits="1" number="338"/>
            <line hits="1" number="340"/>
            <line hits="1" number="341"/>
            <line hits="1" number="342"/>
            <line hits="1" number="343"/>
            <line hits="1" number="346"/>
            <line hits="1" number="348"/>
            <line hits="1" number="349"/>
            <line hits="1" number="352"/>
            <line hits="1" number="355"/>
            <line hits="1" number="357"/>
            <line hits="1" number="358"/>
            <line hits="1" number="359"/>
            <line hits="1" number="360"/>
            <line hits="1" number="361"/>
            <line hits="1" number="362"/>
            <line hits="1" number="363"/>
            <line hits="1" number="364"/>
            <line hits="1" number="367"/>
            <line hits="1" number="368"/>
            <line hits="1" number="370"/>
            <line hits="1" number="372"/>
            <line hits="1" number="373"/>
            <line hits="1" number="375"/>
            <line hits="1" number="378"/>
            <line hits="1" number="380"/>
            <line hits="1" number="381"/>
            <line hits="1" number="382"/>
            <line hits="1" number="383"/>
            <line hits="1" number="384"/>
            <line hits="1" number="385"/>
            <line hits="11" number="392"/>
            <line hits="11" number="393"/>
            <line hits="11" number="394"/>
            <line hits="11" number="395"/>
            <line hits="11" number="397"/>
            <line hits="11" number="398"/>
            <line hits="11" number="401"/>
            <line hits="11" number="402"/>
            <line hits="11" number="403"/>
            <line hits="11" number="405"/>
            <line hits="11" number="406"/>
            <line hits="11" number="409"/>
            <line hits="11" number="410"/>
            <line hits="11" number="411"/>
            <line hits="2" number="418"/>
            <line hits="2" number="419"/>
            <line hits="2" number="420"/>
            <line hits="2" number="421"/>
            <line hits="2" number="422"/>
            <line hits="2" number="423"/>
            <line hits="2" number="424"/>
            <line hits="2" number="425"/>
            <line hits="2" number="426"/>
            <line hits="2" number="428"/>
            <line hits="2" number="430"/>
            <line hits="2" number="431"/>
            <line hits="2" number="432"/>
            <line hits="2" number="433"/>
            <line hits="2" number="434"/>
            <line hits="2" number="435"/>
            <line hits="2" number="436"/>
            <line hits="2" number="437"/>
            <line hits="2" number="438"/>
            <line hits="2" number="439"/>
            <line hits="2" number="440"/>
            <line hits="2" number="441"/>
            <line hits="0" number="447"/>
            <line hits="0" number="448"/>
            <line hits="0" number="449"/>
            <line hits="10" number="454"/>
            <line hits="10" number="455"/>
            <line hits="2" number="456"/>
            <line hits="0" number="463"/>
            <line hits="0" number="464"/>
            <line hits="0" number="468"/>
            <line hits="0" number="469"/>
            <line hits="0" number="471"/>
            <line hits="0" number="472"/>
            <line hits="0" number="474"/>
            <line hits="0" number="475"/>
            <line hits="0" number="477"/>
            <line hits="0" number="478"/>
            <line hits="0" number="480"/>
            <line hits="0" number="481"/>
            <line hits="0" number="483"/>
            <line hits="0" number="484"/>
            <line hits="0" number="486"/>
            <line hits="0" number="487"/>
            <line hits="0" number="489"/>
            <line hits="0" number="490"/>
            <line hits="0" number="492"/>
            <line hits="0" number="496"/>
            <line hits="0" number="497"/>
            <line hits="1" number="506"/>
            <line hits="1" number="507"/>
            <line hits="1" number="511"/>
            <line hits="1" number="513"/>
            <line hits="1" number="514"/>
            <line hits="1" number="516"/>
            <line hits="1" number="517"/>
            <line hits="1" number="519"/>
            <line hits="1" number="521"/>
            <line hits="1" number="522"/>
            <line hits="1" number="524"/>
            <line hits="1" number="525"/>
            <line hits="1" number="527"/>
            <line hits="1" number="528"/>
            <line hits="1" number="530"/>
            <line hits="1" number="531"/>
            <line hits="1" number="534"/>
            <line hits="1" number="535"/>
            <line hits="1" number="537"/>
            <line hits="1" number="541"/>
            <line hits="1" number="542"/>
            <line hits="0" number="547"/>
            <line hits="0" number="548"/>
            <line hits="1" number="553"/>
            <line hits="1" number="554"/>
            <line hits="0" number="559"/>
            <line hits="0" number="560"/>
          </lines>
        </class>
        <class branch-rate="NaN" complexity="NaN" filename="Model-SystemThermal\MotorDriveUnit_SystemThermalModelEfficiencyApp_uitest.m" line-rate="0.83333" name="MotorDriveUnit_SystemThermalModelEfficiencyApp_uitest">
          <methods>
            <method branch-rate="NaN" line-rate="0.8" name="test_method_setup" signature="test_method_setup(testcase)">
              <lines>
                <line hits="1" number="29"/>
                <line hits="1" number="30"/>
                <line hits="1" number="34"/>
                <line hits="1" number="37"/>
                <line hits="1" number="38"/>
                <line hits="1" number="41"/>
                <line hits="1" number="43"/>
                <line hits="0" number="46"/>
                <line hits="1" number="51"/>
                <line hits="0" number="55"/>
              </lines>
            </method>
            <method branch-rate="NaN" line-rate="1" name="PassingTest_1" signature="PassingTest_1(testcase)">
              <lines>
                <line hits="1" number="70"/>
                <line hits="1" number="72"/>
              </lines>
            </method>
          </methods>
          <lines>
            <line hits="1" number="29"/>
            <line hits="1" number="30"/>
            <line hits="1" number="34"/>
            <line hits="1" number="37"/>
            <line hits="1" number="38"/>
            <line hits="1" number="41"/>
            <line hits="1" number="43"/>
            <line hits="0" number="46"/>
            <line hits="1" number="51"/>
            <line hits="0" number="55"/>
            <line hits="1" number="70"/>
            <line hits="1" number="72"/>
          </lines>
        </class>
        <class branch-rate="NaN" complexity="NaN" filename="Model-SystemThermal\MotorDriveUnit_SystemThermalModelEfficiencyApp_uitest_screenshot.m" line-rate="0.66667" name="MotorDriveUnit_SystemThermalModelEfficiencyApp_uitest_screenshot">
          <methods>
            <method branch-rate="NaN" line-rate="0.66667" name="test_method_setup_1" signature="test_method_setup_1(testcase)">
              <lines>
                <line hits="1" number="26"/>
                <line hits="1" number="32"/>
                <line hits="1" number="34"/>
                <line hits="1" number="35"/>
                <line hits="1" number="37"/>
                <line hits="1" number="40"/>
                <line hits="0" number="45"/>
                <line hits="0" number="47"/>
                <line hits="0" number="50"/>
              </lines>
            </method>
            <method branch-rate="NaN" line-rate="0.66667" name="test_image_up_to_date_1" signature="test_image_up_to_date_1(testcase)">
              <lines>
                <line hits="1" number="67"/>
                <line hits="1" number="68"/>
                <line hits="1" number="71"/>
                <line hits="1" number="72"/>
                <line hits="0" number="74"/>
                <line hits="0" number="76"/>
                <line hits="0" number="77"/>
                <line hits="1" number="80"/>
                <line hits="1" number="81"/>
              </lines>
            </method>
          </methods>
          <lines>
            <line hits="1" number="26"/>
            <line hits="1" number="32"/>
            <line hits="1" number="34"/>
            <line hits="1" number="35"/>
            <line hits="1" number="37"/>
            <line hits="1" number="40"/>
            <line hits="0" number="45"/>
            <line hits="0" number="47"/>
            <line hits="0" number="50"/>
            <line hits="1" number="67"/>
            <line hits="1" number="68"/>
            <line hits="1" number="71"/>
            <line hits="1" number="72"/>
            <line hits="0" number="74"/>
            <line hits="0" number="76"/>
            <line hits="0" number="77"/>
            <line hits="1" number="80"/>
            <line hits="1" number="81"/>
          </lines>
        </class>
        <class branch-rate="NaN" complexity="NaN" filename="Model-SystemThermal\MotorDriveUnit_SystemThermalModelEfficiencyDoc.m" line-rate="1" name="MotorDriveUnit_SystemThermalModelEfficiencyDoc">
          <methods/>
          <lines>
            <line hits="1" number="4"/>
            <line hits="1" number="5"/>
            <line hits="1" number="6"/>
            <line hits="1" number="7"/>
            <line hits="1" number="8"/>
            <line hits="1" number="9"/>
            <line hits="1" number="10"/>
            <line hits="1" number="14"/>
            <line hits="1" number="16"/>
            <line hits="1" number="17"/>
            <line hits="1" number="18"/>
            <line hits="1" number="19"/>
            <line hits="1" number="20"/>
            <line hits="1" number="22"/>
            <line hits="1" number="23"/>
            <line hits="1" number="25"/>
            <line hits="1" number="27"/>
            <line hits="1" number="28"/>
          </lines>
        </class>
        <class branch-rate="NaN" complexity="NaN" filename="Model-SystemThermal\MotorDriveUnit_SystemThermal_params.m" line-rate="1" name="MotorDriveUnit_SystemThermal_params">
          <methods/>
          <lines>
            <line hits="9" number="12"/>
            <line hits="9" number="13"/>
            <line hits="9" number="17"/>
            <line hits="9" number="18"/>
            <line hits="9" number="19"/>
            <line hits="9" number="21"/>
            <line hits="9" number="22"/>
            <line hits="9" number="25"/>
            <line hits="9" number="26"/>
            <line hits="9" number="27"/>
            <line hits="9" number="28"/>
            <line hits="9" number="29"/>
            <line hits="9" number="31"/>
            <line hits="9" number="32"/>
            <line hits="9" number="34"/>
            <line hits="9" number="39"/>
            <line hits="9" number="41"/>
            <line hits="9" number="42"/>
            <line hits="9" number="44"/>
            <line hits="9" number="45"/>
            <line hits="9" number="49"/>
            <line hits="9" number="51"/>
            <line hits="9" number="52"/>
          </lines>
        </class>
        <class branch-rate="NaN" complexity="NaN" filename="Model-SystemThermal\MotorDriveUnit_SystemThermal_test.m" line-rate="1" name="MotorDriveUnit_SystemThermal_test">
          <methods>
            <method branch-rate="NaN" line-rate="1" name="TestSetup" signature="TestSetup(testcase)">
              <lines>
                <line hits="8" number="21"/>
                <line hits="8" number="22"/>
                <line hits="4" number="24"/>
                <line hits="4" number="27"/>
              </lines>
            </method>
            <method branch-rate="NaN" line-rate="1" name="PassingTest_1" signature="PassingTest_1(~)">
              <lines>
                <line hits="1" number="41"/>
              </lines>
            </method>
            <method branch-rate="NaN" line-rate="1" name="PassingTest_2" signature="PassingTest_2(~)">
              <lines>
                <line hits="1" number="45"/>
              </lines>
            </method>
            <method branch-rate="NaN" line-rate="1" name="PassingTest_4" signature="PassingTest_4(~)">
              <lines>
                <line hits="1" number="49"/>
              </lines>
            </method>
            <method branch-rate="NaN" line-rate="1" name="test_MotorDriveUnit_getBlockInfo_System_1" signature="test_MotorDriveUnit_getBlockInfo_System_1(testcase)">
              <lines>
                <line hits="1" number="58"/>
                <line hits="1" number="60"/>
                <line hits="1" number="61"/>
                <line hits="1" number="64"/>
                <line hits="1" number="65"/>
                <line hits="1" number="66"/>
                <line hits="1" number="67"/>
                <line hits="1" number="69"/>
                <line hits="1" number="70"/>
                <line hits="1" number="74"/>
                <line hits="1" number="75"/>
              </lines>
            </method>
          </methods>
          <lines>
            <line hits="8" number="21"/>
            <line hits="8" number="22"/>
            <line hits="4" number="24"/>
            <line hits="4" number="27"/>
            <line hits="1" number="41"/>
            <line hits="1" number="45"/>
            <line hits="1" number="49"/>
            <line hits="1" number="58"/>
            <line hits="1" number="60"/>
            <line hits="1" number="61"/>
            <line hits="1" number="64"/>
            <line hits="1" number="65"/>
            <line hits="1" number="66"/>
            <line hits="1" number="67"/>
            <line hits="1" number="69"/>
            <line hits="1" number="70"/>
            <line hits="1" number="74"/>
            <line hits="1" number="75"/>
          </lines>
        </class>
        <class branch-rate="NaN" complexity="NaN" filename="Model-SystemThermal\MotorDriveUnit_getSystemThermalModelBlockInfo.m" line-rate="1" name="MotorDriveUnit_getSystemThermalModelBlockInfo">
          <methods/>
          <lines>
            <line hits="2" number="16"/>
            <line hits="2" number="23"/>
            <line hits="2" number="29"/>
            <line hits="2" number="32"/>
            <line hits="2" number="35"/>
            <line hits="2" number="38"/>
            <line hits="2" number="41"/>
            <line hits="2" number="44"/>
            <line hits="2" number="47"/>
            <line hits="2" number="50"/>
            <line hits="2" number="55"/>
            <line hits="2" number="58"/>
            <line hits="2" number="61"/>
            <line hits="2" number="76"/>
            <line hits="2" number="79"/>
            <line hits="2" number="83"/>
            <line hits="2" number="84"/>
            <line hits="2" number="85"/>
            <line hits="2" number="86"/>
            <line hits="2" number="87"/>
            <line hits="2" number="90"/>
            <line hits="2" number="91"/>
            <line hits="2" number="92"/>
            <line hits="2" number="93"/>
            <line hits="2" number="94"/>
            <line hits="2" number="95"/>
            <line hits="2" number="98"/>
            <line hits="2" number="99"/>
            <line hits="2" number="101"/>
            <line hits="2" number="102"/>
            <line hits="2" number="105"/>
            <line hits="2" number="106"/>
          </lines>
        </class>
        <class branch-rate="NaN" complexity="NaN" filename="Model-SystemThermal\SimulationCases\MotorDriveUnit_SystemThermal_Constant.m" line-rate="1" name="MotorDriveUnit_SystemThermal_Constant">
          <methods/>
          <lines>
            <line hits="1" number="4"/>
            <line hits="1" number="5"/>
            <line hits="1" number="6"/>
            <line hits="1" number="8"/>
            <line hits="1" number="10"/>
            <line hits="1" number="12"/>
            <line hits="1" number="14"/>
            <line hits="1" number="15"/>
          </lines>
        </class>
        <class branch-rate="NaN" complexity="NaN" filename="Model-SystemThermal\SimulationCases\MotorDriveUnit_SystemThermal_Drive.m" line-rate="1" name="MotorDriveUnit_SystemThermal_Drive">
          <methods/>
          <lines>
            <line hits="1" number="6"/>
            <line hits="1" number="7"/>
            <line hits="1" number="8"/>
            <line hits="1" number="10"/>
            <line hits="1" number="12"/>
            <line hits="1" number="14"/>
            <line hits="1" number="16"/>
            <line hits="1" number="17"/>
            <line hits="1" number="18"/>
            <line hits="1" number="19"/>
            <line hits="1" number="20"/>
            <line hits="1" number="21"/>
            <line hits="1" number="22"/>
            <line hits="1" number="23"/>
            <line hits="1" number="24"/>
            <line hits="1" number="25"/>
            <line hits="1" number="26"/>
            <line hits="1" number="27"/>
            <line hits="8" number="28"/>
            <line hits="8" number="29"/>
            <line hits="8" number="30"/>
            <line hits="8" number="31"/>
          </lines>
        </class>
        <class branch-rate="NaN" complexity="NaN" filename="Model-SystemThermal\SimulationCases\MotorDriveUnit_SystemThermal_Random.m" line-rate="1" name="MotorDriveUnit_SystemThermal_Random">
          <methods/>
          <lines>
            <line hits="1" number="4"/>
            <line hits="1" number="5"/>
            <line hits="1" number="6"/>
            <line hits="1" number="8"/>
            <line hits="1" number="10"/>
            <line hits="1" number="12"/>
            <line hits="1" number="14"/>
            <line hits="1" number="15"/>
            <line hits="1" number="16"/>
            <line hits="1" number="17"/>
            <line hits="1" number="18"/>
            <line hits="1" number="19"/>
            <line hits="1" number="20"/>
            <line hits="1" number="21"/>
            <line hits="1" number="22"/>
            <line hits="1" number="23"/>
            <line hits="1" number="24"/>
            <line hits="1" number="25"/>
            <line hits="8" number="26"/>
            <line hits="8" number="27"/>
            <line hits="8" number="28"/>
            <line hits="8" number="29"/>
          </lines>
        </class>
        <class branch-rate="NaN" complexity="NaN" filename="Model-SystemThermal\SimulationCases\MotorDriveUnit_SystemThermal_RegenBrake.m" line-rate="1" name="MotorDriveUnit_SystemThermal_RegenBrake">
          <methods/>
          <lines>
            <line hits="1" number="4"/>
            <line hits="1" number="5"/>
            <line hits="1" number="6"/>
            <line hits="1" number="8"/>
            <line hits="1" number="10"/>
            <line hits="1" number="12"/>
            <line hits="1" number="14"/>
            <line hits="1" number="15"/>
            <line hits="1" number="16"/>
            <line hits="1" number="17"/>
            <line hits="1" number="18"/>
            <line hits="1" number="19"/>
            <line hits="1" number="20"/>
            <line hits="1" number="21"/>
            <line hits="1" number="22"/>
            <line hits="1" number="23"/>
            <line hits="6" number="24"/>
            <line hits="6" number="25"/>
            <line hits="6" number="26"/>
            <line hits="6" number="27"/>
          </lines>
        </class>
        <class branch-rate="NaN" complexity="NaN" filename="Model-SystemThermal\SimulationCases\MotorDriveUnit_SystemThermal_SimulationCases_test.m" line-rate="1" name="MotorDriveUnit_SystemThermal_SimulationCases_test">
          <methods>
            <method branch-rate="NaN" line-rate="1" name="TestSetup" signature="TestSetup(testcase)">
              <lines>
                <line hits="8" number="21"/>
                <line hits="8" number="22"/>
                <line hits="4" number="24"/>
                <line hits="4" number="27"/>
              </lines>
            </method>
            <method branch-rate="NaN" line-rate="1" name="PassingTest_1" signature="PassingTest_1(~)">
              <lines>
                <line hits="1" number="41"/>
              </lines>
            </method>
            <method branch-rate="NaN" line-rate="1" name="PassingTest_2" signature="PassingTest_2(~)">
              <lines>
                <line hits="1" number="45"/>
              </lines>
            </method>
            <method branch-rate="NaN" line-rate="1" name="PassingTest_3" signature="PassingTest_3(~)">
              <lines>
                <line hits="1" number="49"/>
              </lines>
            </method>
            <method branch-rate="NaN" line-rate="1" name="PassingTest_4" signature="PassingTest_4(~)">
              <lines>
                <line hits="1" number="53"/>
              </lines>
            </method>
          </methods>
          <lines>
            <line hits="8" number="21"/>
            <line hits="8" number="22"/>
            <line hits="4" number="24"/>
            <line hits="4" number="27"/>
            <line hits="1" number="41"/>
            <line hits="1" number="45"/>
            <line hits="1" number="49"/>
            <line hits="1" number="53"/>
          </lines>
        </class>
        <class branch-rate="NaN" complexity="NaN" filename="MotorDriveUnitApp.m" line-rate="0" name="MotorDriveUnitApp">
          <methods/>
          <lines>
            <line hits="0" number="7"/>
            <line hits="0" number="8"/>
            <line hits="0" number="9"/>
            <line hits="0" number="10"/>
            <line hits="0" number="11"/>
            <line hits="0" number="12"/>
            <line hits="0" number="13"/>
            <line hits="0" number="15"/>
            <line hits="0" number="16"/>
            <line hits="0" number="17"/>
            <line hits="0" number="18"/>
            <line hits="0" number="19"/>
            <line hits="0" number="20"/>
            <line hits="0" number="25"/>
            <line hits="0" number="26"/>
            <line hits="0" number="30"/>
            <line hits="0" number="31"/>
            <line hits="0" number="32"/>
            <line hits="0" number="33"/>
            <line hits="0" number="38"/>
            <line hits="0" number="44"/>
            <line hits="0" number="45"/>
            <line hits="0" number="47"/>
            <line hits="0" number="50"/>
            <line hits="0" number="51"/>
            <line hits="0" number="52"/>
            <line hits="0" number="69"/>
            <line hits="0" number="70"/>
            <line hits="0" number="72"/>
            <line hits="0" number="73"/>
            <line hits="0" number="74"/>
            <line hits="0" number="75"/>
            <line hits="0" number="77"/>
            <line hits="0" number="81"/>
            <line hits="0" number="82"/>
            <line hits="0" number="83"/>
            <line hits="0" number="85"/>
            <line hits="0" number="89"/>
            <line hits="0" number="91"/>
            <line hits="0" number="93"/>
            <line hits="0" number="95"/>
            <line hits="0" number="97"/>
            <line hits="0" number="98"/>
            <line hits="0" number="100"/>
            <line hits="0" number="103"/>
            <line hits="0" number="105"/>
            <line hits="0" number="108"/>
            <line hits="0" number="110"/>
            <line hits="0" number="112"/>
            <line hits="0" number="114"/>
            <line hits="0" number="115"/>
            <line hits="0" number="116"/>
            <line hits="0" number="117"/>
            <line hits="0" number="119"/>
            <line hits="0" number="120"/>
            <line hits="0" number="122"/>
            <line hits="0" number="123"/>
            <line hits="0" number="124"/>
            <line hits="0" number="125"/>
            <line hits="0" number="126"/>
            <line hits="0" number="129"/>
            <line hits="0" number="130"/>
            <line hits="0" number="133"/>
            <line hits="0" number="134"/>
            <line hits="0" number="135"/>
            <line hits="0" number="136"/>
            <line hits="0" number="137"/>
            <line hits="0" number="139"/>
            <line hits="0" number="140"/>
            <line hits="0" number="141"/>
            <line hits="0" number="142"/>
            <line hits="0" number="143"/>
            <line hits="0" number="146"/>
            <line hits="0" number="149"/>
            <line hits="0" number="151"/>
            <line hits="0" number="152"/>
            <line hits="0" number="155"/>
            <line hits="0" number="157"/>
            <line hits="0" number="158"/>
            <line hits="0" number="159"/>
            <line hits="0" number="161"/>
            <line hits="0" number="162"/>
            <line hits="0" number="163"/>
            <line hits="0" number="164"/>
            <line hits="0" number="167"/>
            <line hits="0" number="169"/>
            <line hits="0" number="170"/>
            <line hits="0" number="171"/>
            <line hits="0" number="173"/>
            <line hits="0" number="174"/>
            <line hits="0" number="175"/>
            <line hits="0" number="176"/>
            <line hits="0" number="179"/>
            <line hits="0" number="182"/>
            <line hits="0" number="184"/>
            <line hits="0" number="185"/>
            <line hits="0" number="186"/>
            <line hits="0" number="188"/>
            <line hits="0" number="189"/>
            <line hits="0" number="190"/>
            <line hits="0" number="191"/>
            <line hits="0" number="192"/>
            <line hits="0" number="193"/>
            <line hits="0" number="196"/>
            <line hits="0" number="198"/>
            <line hits="0" number="199"/>
            <line hits="0" number="200"/>
            <line hits="0" number="201"/>
            <line hits="0" number="202"/>
            <line hits="0" number="203"/>
            <line hits="0" number="204"/>
            <line hits="0" number="207"/>
            <line hits="0" number="211"/>
            <line hits="0" number="213"/>
            <line hits="0" number="214"/>
            <line hits="0" number="215"/>
            <line hits="0" number="216"/>
            <line hits="0" number="217"/>
            <line hits="0" number="218"/>
            <line hits="0" number="219"/>
            <line hits="0" number="222"/>
            <line hits="0" number="224"/>
            <line hits="0" number="225"/>
            <line hits="0" number="226"/>
            <line hits="0" number="227"/>
            <line hits="0" number="228"/>
            <line hits="0" number="229"/>
            <line hits="0" number="230"/>
            <line hits="0" number="232"/>
[...]
            <line hits="8" number="38"/>
            <line hits="8" number="40"/>
            <line hits="8" number="41"/>
            <line hits="8" number="43"/>
            <line hits="8" number="44"/>
            <line hits="8" number="45"/>
            <line hits="8" number="50"/>
            <line hits="8" number="51"/>
            <line hits="8" number="52"/>
            <line hits="8" number="56"/>
            <line hits="8" number="58"/>
            <line hits="8" number="65"/>
            <line hits="8" number="67"/>
            <line hits="8" number="69"/>
            <line hits="8" number="71"/>
            <line hits="8" number="73"/>
            <line hits="8" number="75"/>
            <line hits="8" number="78"/>
            <line hits="8" number="80"/>
            <line hits="8" number="82"/>
            <line hits="8" number="84"/>
            <line hits="8" number="85"/>
            <line hits="8" number="86"/>
            <line hits="8" number="87"/>
            <line hits="8" number="89"/>
            <line hits="8" number="93"/>
            <line hits="8" number="96"/>
            <line hits="8" number="99"/>
            <line hits="8" number="102"/>
            <line hits="8" number="105"/>
            <line hits="8" number="108"/>
            <line hits="8" number="111"/>
            <line hits="8" number="116"/>
            <line hits="8" number="117"/>
            <line hits="8" number="120"/>
            <line hits="8" number="122"/>
            <line hits="8" number="125"/>
            <line hits="8" number="130"/>
            <line hits="8" number="133"/>
            <line hits="8" number="135"/>
            <line hits="8" number="136"/>
            <line hits="8" number="137"/>
            <line hits="8" number="139"/>
            <line hits="8" number="140"/>
            <line hits="8" number="141"/>
            <line hits="8" number="142"/>
            <line hits="8" number="143"/>
            <line hits="8" number="144"/>
            <line hits="8" number="147"/>
            <line hits="8" number="149"/>
            <line hits="4" number="150"/>
            <line hits="4" number="152"/>
            <line hits="4" number="153"/>
            <line hits="8" number="156"/>
            <line hits="8" number="157"/>
            <line hits="8" number="158"/>
            <line hits="8" number="159"/>
            <line hits="8" number="160"/>
            <line hits="8" number="161"/>
            <line hits="8" number="162"/>
            <line hits="8" number="163"/>
            <line hits="8" number="164"/>
            <line hits="8" number="165"/>
            <line hits="8" number="166"/>
            <line hits="8" number="167"/>
            <line hits="8" number="168"/>
          </lines>
        </class>
        <class branch-rate="NaN" complexity="NaN" filename="Utility\MotorDriveUnit_ResultsPlot.m" line-rate="1" name="MotorDriveUnit_ResultsPlot">
          <methods/>
          <lines>
            <line hits="4" number="12"/>
            <line hits="4" number="18"/>
            <line hits="4" number="19"/>
            <line hits="4" number="20"/>
            <line hits="4" number="21"/>
            <line hits="4" number="22"/>
            <line hits="4" number="23"/>
            <line hits="4" number="24"/>
            <line hits="4" number="25"/>
            <line hits="4" number="26"/>
            <line hits="4" number="27"/>
            <line hits="4" number="28"/>
            <line hits="4" number="29"/>
            <line hits="4" number="31"/>
            <line hits="40" number="33"/>
            <line hits="40" number="34"/>
            <line hits="40" number="35"/>
            <line hits="40" number="36"/>
          </lines>
        </class>
        <class branch-rate="NaN" complexity="NaN" filename="Utility\MotorDriveUnit_setInitialConditions.m" line-rate="1" name="MotorDriveUnit_setInitialConditions">
          <methods/>
          <lines>
            <line hits="1" number="7"/>
            <line hits="1" number="8"/>
            <line hits="22" number="9"/>
            <line hits="22" number="10"/>
            <line hits="1" number="11"/>
            <line hits="22" number="14"/>
            <line hits="22" number="16"/>
            <line hits="22" number="17"/>
            <line hits="22" number="20"/>
            <line hits="22" number="21"/>
            <line hits="22" number="23"/>
            <line hits="22" number="24"/>
            <line hits="22" number="26"/>
            <line hits="22" number="27"/>
            <line hits="22" number="29"/>
            <line hits="22" number="30"/>
            <line hits="88" number="38"/>
            <line hits="88" number="43"/>
            <line hits="88" number="44"/>
            <line hits="88" number="47"/>
          </lines>
        </class>
        <class branch-rate="NaN" complexity="NaN" filename="Utility\MotorDriveUnit_setReferencedSubsystem.m" line-rate="1" name="MotorDriveUnit_setReferencedSubsystem">
          <methods/>
          <lines>
            <line hits="21" number="6"/>
            <line hits="21" number="7"/>
            <line hits="21" number="8"/>
            <line hits="21" number="9"/>
            <line hits="21" number="12"/>
            <line hits="21" number="13"/>
            <line hits="21" number="14"/>
            <line hits="21" number="15"/>
            <line hits="21" number="17"/>
            <line hits="5" number="18"/>
            <line hits="21" number="21"/>
            <line hits="21" number="22"/>
            <line hits="21" number="23"/>
            <line hits="21" number="24"/>
          </lines>
        </class>
        <class branch-rate="NaN" complexity="NaN" filename="Utility\MotorDriveUnit_setSimCase.m" line-rate="1" name="MotorDriveUnit_setSimCase">
          <methods/>
          <lines>
            <line hits="21" number="11"/>
            <line hits="21" number="13"/>
            <line hits="21" number="15"/>
            <line hits="21" number="17"/>
            <line hits="21" number="19"/>
            <line hits="1" number="20"/>
            <line hits="21" number="22"/>
            <line hits="1" number="23"/>
            <line hits="21" number="24"/>
            <line hits="21" number="26"/>
            <line hits="1" number="27"/>
            <line hits="21" number="28"/>
            <line hits="21" number="30"/>
            <line hits="1" number="31"/>
            <line hits="21" number="32"/>
            <line hits="21" number="34"/>
            <line hits="1" number="35"/>
            <line hits="21" number="36"/>
            <line hits="21" number="38"/>
            <line hits="21" number="39"/>
            <line hits="21" number="41"/>
            <line hits="21" number="42"/>
            <line hits="21" number="44"/>
            <line hits="21" number="45"/>
            <line hits="1" number="47"/>
            <line hits="1" number="48"/>
            <line hits="21" number="49"/>
            <line hits="21" number="50"/>
            <line hits="1" number="52"/>
            <line hits="21" number="55"/>
            <line hits="21" number="57"/>
            <line hits="21" number="58"/>
            <line hits="21" number="59"/>
            <line hits="21" number="62"/>
            <line hits="21" number="64"/>
            <line hits="5" number="65"/>
            <line hits="21" number="68"/>
            <line hits="21" number="70"/>
            <line hits="21" number="71"/>
            <line hits="21" number="74"/>
            <line hits="21" number="76"/>
            <line hits="21" number="77"/>
            <line hits="21" number="80"/>
            <line hits="21" number="82"/>
            <line hits="21" number="83"/>
            <line hits="21" number="85"/>
            <line hits="21" number="86"/>
            <line hits="21" number="87"/>
            <line hits="21" number="89"/>
            <line hits="21" number="90"/>
            <line hits="21" number="91"/>
            <line hits="21" number="93"/>
            <line hits="21" number="94"/>
            <line hits="21" number="95"/>
            <line hits="21" number="97"/>
            <line hits="21" number="98"/>
            <line hits="21" number="99"/>
            <line hits="21" number="101"/>
            <line hits="21" number="102"/>
            <line hits="21" number="104"/>
            <line hits="21" number="105"/>
            <line hits="21" number="107"/>
            <line hits="21" number="109"/>
            <line hits="21" number="111"/>
            <line hits="21" number="112"/>
            <line hits="21" number="113"/>
            <line hits="21" number="114"/>
            <line hits="21" number="115"/>
            <line hits="21" number="116"/>
            <line hits="42" number="124"/>
            <line hits="42" number="129"/>
            <line hits="42" number="130"/>
            <line hits="42" number="133"/>
          </lines>
        </class>
        <class branch-rate="NaN" complexity="NaN" filename="Utility\MotorDriveUnit_setSimCase_Constant.m" line-rate="1" name="MotorDriveUnit_setSimCase_Constant">
          <methods/>
          <lines>
            <line hits="5" number="10"/>
            <line hits="5" number="11"/>
            <line hits="5" number="13"/>
            <line hits="5" number="15"/>
            <line hits="5" number="17"/>
            <line hits="5" number="19"/>
            <line hits="5" number="20"/>
            <line hits="5" number="22"/>
            <line hits="5" number="23"/>
            <line hits="5" number="24"/>
            <line hits="5" number="26"/>
            <line hits="5" number="27"/>
            <line hits="5" number="28"/>
            <line hits="5" number="30"/>
            <line hits="5" number="31"/>
            <line hits="5" number="32"/>
            <line hits="5" number="34"/>
            <line hits="5" number="35"/>
            <line hits="5" number="36"/>
            <line hits="5" number="38"/>
            <line hits="5" number="39"/>
            <line hits="5" number="41"/>
            <line hits="5" number="42"/>
            <line hits="5" number="44"/>
            <line hits="5" number="45"/>
            <line hits="5" number="47"/>
            <line hits="5" number="48"/>
            <line hits="5" number="49"/>
            <line hits="5" number="50"/>
            <line hits="5" number="52"/>
          </lines>
        </class>
        <class branch-rate="NaN" complexity="NaN" filename="Utility\MotorDriveUnit_setSimCase_Drive.m" line-rate="1" name="MotorDriveUnit_setSimCase_Drive">
          <methods/>
          <lines>
            <line hits="5" number="10"/>
            <line hits="5" number="11"/>
            <line hits="5" number="13"/>
            <line hits="5" number="15"/>
            <line hits="5" number="17"/>
            <line hits="5" number="19"/>
            <line hits="5" number="20"/>
            <line hits="5" number="22"/>
            <line hits="5" number="23"/>
            <line hits="5" number="24"/>
            <line hits="5" number="26"/>
            <line hits="5" number="27"/>
            <line hits="5" number="28"/>
            <line hits="5" number="30"/>
            <line hits="5" number="31"/>
            <line hits="5" number="32"/>
            <line hits="5" number="34"/>
            <line hits="5" number="35"/>
            <line hits="5" number="36"/>
            <line hits="5" number="38"/>
            <line hits="5" number="39"/>
            <line hits="5" number="41"/>
            <line hits="5" number="42"/>
            <line hits="5" number="44"/>
            <line hits="5" number="45"/>
            <line hits="5" number="47"/>
            <line hits="5" number="48"/>
            <line hits="5" number="49"/>
            <line hits="5" number="50"/>
            <line hits="5" number="52"/>
          </lines>
        </class>
        <class branch-rate="NaN" complexity="NaN" filename="Utility\MotorDriveUnit_setSimCase_Random.m" line-rate="0.98413" name="MotorDriveUnit_setSimCase_Random">
          <methods/>
          <lines>
            <line hits="5" number="11"/>
            <line hits="5" number="12"/>
            <line hits="5" number="13"/>
            <line hits="5" number="16"/>
            <line hits="5" number="18"/>
            <line hits="5" number="19"/>
            <line hits="5" number="20"/>
            <line hits="5" number="21"/>
            <line hits="5" number="22"/>
            <line hits="5" number="23"/>
            <line hits="5" number="24"/>
            <line hits="5" number="25"/>
            <line hits="5" number="26"/>
            <line hits="5" number="27"/>
            <line hits="5" number="28"/>
            <line hits="5" number="29"/>
            <line hits="5" number="31"/>
            <line hits="5" number="32"/>
            <line hits="5" number="33"/>
            <line hits="5" number="34"/>
            <line hits="5" number="35"/>
            <line hits="5" number="36"/>
            <line hits="5" number="37"/>
            <line hits="5" number="38"/>
            <line hits="5" number="39"/>
            <line hits="5" number="40"/>
            <line hits="5" number="41"/>
            <line hits="5" number="42"/>
            <line hits="5" number="44"/>
            <line hits="5" number="45"/>
            <line hits="5" number="46"/>
            <line hits="0" number="47"/>
            <line hits="5" number="49"/>
            <line hits="5" number="61"/>
            <line hits="5" number="62"/>
            <line hits="5" number="64"/>
            <line hits="5" number="66"/>
            <line hits="5" number="68"/>
            <line hits="5" number="70"/>
            <line hits="5" number="71"/>
            <line hits="5" number="73"/>
            <line hits="5" number="74"/>
            <line hits="5" number="75"/>
            <line hits="5" number="77"/>
            <line hits="5" number="78"/>
            <line hits="5" number="79"/>
            <line hits="5" number="81"/>
            <line hits="5" number="82"/>
            <line hits="5" number="83"/>
            <line hits="5" number="85"/>
            <line hits="5" number="86"/>
            <line hits="5" number="87"/>
            <line hits="5" number="89"/>
            <line hits="5" number="90"/>
            <line hits="5" number="92"/>
            <line hits="5" number="93"/>
            <line hits="5" number="95"/>
            <line hits="5" number="96"/>
            <line hits="5" number="98"/>
            <line hits="5" number="99"/>
            <line hits="5" number="100"/>
            <line hits="5" number="101"/>
            <line hits="5" number="103"/>
          </lines>
        </class>
        <class branch-rate="NaN" complexity="NaN" filename="Utility\MotorDriveUnit_setSimCase_RegenBrake.m" line-rate="1" name="MotorDriveUnit_setSimCase_RegenBrake">
          <methods/>
          <lines>
            <line hits="5" number="10"/>
            <line hits="5" number="11"/>
            <line hits="5" number="13"/>
            <line hits="5" number="15"/>
            <line hits="5" number="17"/>
            <line hits="5" number="19"/>
            <line hits="5" number="20"/>
            <line hits="5" number="22"/>
            <line hits="5" number="23"/>
            <line hits="5" number="24"/>
            <line hits="5" number="26"/>
            <line hits="5" number="27"/>
            <line hits="5" number="28"/>
            <line hits="5" number="30"/>
            <line hits="5" number="31"/>
            <line hits="5" number="32"/>
            <line hits="5" number="34"/>
            <line hits="5" number="35"/>
            <line hits="5" number="36"/>
            <line hits="5" number="38"/>
            <line hits="5" number="39"/>
            <line hits="5" number="41"/>
            <line hits="5" number="42"/>
            <line hits="5" number="44"/>
            <line hits="5" number="45"/>
            <line hits="5" number="47"/>
            <line hits="5" number="48"/>
            <line hits="5" number="49"/>
            <line hits="5" number="50"/>
            <line hits="5" number="52"/>
          </lines>
        </class>
        <class branch-rate="NaN" complexity="NaN" filename="Utility\MotorDriveUnit_test_Utility.m" line-rate="1" name="MotorDriveUnit_test_Utility">
          <methods>
            <method branch-rate="NaN" line-rate="1" name="setup_test_method" signature="setup_test_method(testcase)">
              <lines>
                <line hits="16" number="22"/>
                <line hits="16" number="23"/>
                <line hits="8" number="26"/>
                <line hits="8" number="31"/>
              </lines>
            </method>
            <method branch-rate="NaN" line-rate="1" name="PassingTest_1" signature="PassingTest_1(~)">
              <lines>
                <line hits="1" number="43"/>
              </lines>
            </method>
            <method branch-rate="NaN" line-rate="1" name="PassingTest_2" signature="PassingTest_2(~)">
              <lines>
                <line hits="1" number="47"/>
              </lines>
            </method>
            <method branch-rate="NaN" line-rate="1" name="PassingTest_3" signature="PassingTest_3(~)">
              <lines>
                <line hits="1" number="51"/>
              </lines>
            </method>
            <method branch-rate="NaN" line-rate="1" name="PassingTest_4" signature="PassingTest_4(~)">
              <lines>
                <line hits="1" number="55"/>
              </lines>
            </method>
            <method branch-rate="NaN" line-rate="1" name="PassingTest_5" signature="PassingTest_5(~)">
              <lines>
                <line hits="1" number="59"/>
              </lines>
            </method>
            <method branch-rate="NaN" line-rate="1" name="PassingTest_6" signature="PassingTest_6(~)">
              <lines>
                <line hits="1" number="63"/>
              </lines>
            </method>
            <method branch-rate="NaN" line-rate="1" name="PassingTest_7" signature="PassingTest_7(~)">
              <lines>
                <line hits="1" number="67"/>
              </lines>
            </method>
            <method branch-rate="NaN" line-rate="1" name="PassingTest_8" signature="PassingTest_8(~)">
              <lines>
                <line hits="1" number="71"/>
              </lines>
            </method>
          </methods>
          <lines>
            <line hits="16" number="22"/>
            <line hits="16" number="23"/>
            <line hits="8" number="26"/>
            <line hits="8" number="31"/>
            <line hits="1" number="43"/>
            <line hits="1" number="47"/>
            <line hits="1" number="51"/>
            <line hits="1" number="55"/>
            <line hits="1" number="59"/>
            <line hits="1" number="63"/>
            <line hits="1" number="67"/>
            <line hits="1" number="71"/>
          </lines>
        </class>
        <class branch-rate="NaN" complexity="NaN" filename="buildfile.m" line-rate="0" name="buildfile">
          <methods/>
          <lines>
            <line hits="0" number="33"/>
            <line hits="0" number="35"/>
            <line hits="0" number="41"/>
            <line hits="0" number="42"/>
            <line hits="0" number="43"/>
            <line hits="0" number="52"/>
            <line hits="0" number="55"/>
            <line hits="0" number="56"/>
            <line hits="0" number="57"/>
            <line hits="0" number="58"/>
            <line hits="0" number="60"/>
            <line hits="0" number="61"/>
            <line hits="0" number="62"/>
            <line hits="0" number="63"/>
            <line hits="0" number="65"/>
            <line hits="0" number="66"/>
            <line hits="0" number="67"/>
            <line hits="0" number="68"/>
          </lines>
        </class>
      </classes>
    </package>
  </packages>
</coverage>
