<?xml version="1.0" encoding="UTF-8" standalone="no" ?>
<testsuites>
  <testsuite errors="0" failures="0" name="MotorDriveUnit_test" skipped="0" tests="6" time="18.4852">
    <testcase classname="MotorDriveUnit_test" name="PassingTest_1" time="0.028248"/>
    <testcase classname="MotorDriveUnit_test" name="PassingTest_2" time="0.24032"/>
    <testcase classname="MotorDriveUnit_test" name="PassingTest_3" time="3.8947"/>
    <testcase classname="MotorDriveUnit_test" name="PassingTest_4" time="0.0035739"/>
    <testcase classname="MotorDriveUnit_test" name="main_html_1" time="0.37507"/>
    <testcase classname="MotorDriveUnit_test" name="test_OpenApp_CallbackButton_1" time="13.9433"/>
  </testsuite>
  <testsuite errors="0" failures="0" name="MotorDriveUnit_BasicModelEfficiencyApp_uitest" skipped="0" tests="1" time="6.7343">
    <testcase classname="MotorDriveUnit_BasicModelEfficiencyApp_uitest" name="PassingTest_1" time="6.7343"/>
  </testsuite>
  <testsuite errors="0" failures="0" name="MotorDriveUnit_BasicModelEfficiencyApp_uitest_screenshot" skipped="0" tests="1" time="0.061087">
    <testcase classname="MotorDriveUnit_BasicModelEfficiencyApp_uitest_screenshot" name="test_image_up_to_date_1" time="0.061087"/>
  </testsuite>
  <testsuite errors="0" failures="0" name="MotorDriveUnit_Basic_test" skipped="0" tests="6" time="1.8097">
    <testcase classname="MotorDriveUnit_Basic_test" name="PassingTest_1" time="0.041265"/>
    <testcase classname="MotorDriveUnit_Basic_test" name="PassingTest_2" time="0.37582"/>
    <testcase classname="MotorDriveUnit_Basic_test" name="PassingTest_3" time="0.65418"/>
    <testcase classname="MotorDriveUnit_Basic_test" name="PassingTest_4" time="0.087726"/>
    <testcase classname="MotorDriveUnit_Basic_test" name="PassingTest_5" time="0.38605"/>
    <testcase classname="MotorDriveUnit_Basic_test" name="test_MotorDriveUnit_getBasicModelBlockInfo_1" time="0.26462"/>
  </testsuite>
  <testsuite errors="0" failures="0" name="MotorDriveUnit_Basic_SimulationCases_test" skipped="0" tests="4" time="16.167">
    <testcase classname="MotorDriveUnit_Basic_SimulationCases_test" name="PassingTest_1" time="4.6569"/>
    <testcase classname="MotorDriveUnit_Basic_SimulationCases_test" name="PassingTest_2" time="3.4353"/>
    <testcase classname="MotorDriveUnit_Basic_SimulationCases_test" name="PassingTest_3" time="4.3253"/>
    <testcase classname="MotorDriveUnit_Basic_SimulationCases_test" name="PassingTest_4" time="3.7494"/>
  </testsuite>
  <testsuite errors="0" failures="0" name="MotorDriveUnit_BasicThermal_test" skipped="0" tests="2" time="0.55886">
    <testcase classname="MotorDriveUnit_BasicThermal_test" name="PassingTest_1" time="0.017242"/>
    <testcase classname="MotorDriveUnit_BasicThermal_test" name="PassingTest_2" time="0.54161"/>
  </testsuite>
  <testsuite errors="0" failures="0" name="MotorDriveUnit_BasicThermal_SimulationCases_test" skipped="0" tests="4" time="18.1639">
    <testcase classname="MotorDriveUnit_BasicThermal_SimulationCases_test" name="PassingTest_1" time="4.5234"/>
    <testcase classname="MotorDriveUnit_BasicThermal_SimulationCases_test" name="PassingTest_2" time="4.5457"/>
    <testcase classname="MotorDriveUnit_BasicThermal_SimulationCases_test" name="PassingTest_3" time="4.8954"/>
    <testcase classname="MotorDriveUnit_BasicThermal_SimulationCases_test" name="PassingTest_4" time="4.1994"/>
  </testsuite>
  <testsuite errors="0" failures="0" name="MotorDriveUnit_SystemTable_test" skipped="0" tests="2" time="0.73661">
    <testcase classname="MotorDriveUnit_SystemTable_test" name="PassingTest_1" time="0.022692"/>
    <testcase classname="MotorDriveUnit_SystemTable_test" name="PassingTest_2" time="0.71392"/>
  </testsuite>
  <testsuite errors="0" failures="0" name="MotorDriveUnit_SystemTable_SimulationCases_test" skipped="0" tests="4" time="17.2783">
    <testcase classname="MotorDriveUnit_SystemTable_SimulationCases_test" name="PassingTest_1" time="4.3834"/>
    <testcase classname="MotorDriveUnit_SystemTable_SimulationCases_test" name="PassingTest_2" time="4.2023"/>
    <testcase classname="MotorDriveUnit_SystemTable_SimulationCases_test" name="PassingTest_3" time="4.5166"/>
    <testcase classname="MotorDriveUnit_SystemTable_SimulationCases_test" name="PassingTest_4" time="4.1759"/>
  </testsuite>
  <testsuite errors="0" failures="0" name="MotorDriveUnit_SystemThermalModelEfficiencyApp_uitest" skipped="0" tests="1" time="8.2608">
    <testcase classname="MotorDriveUnit_SystemThermalModelEfficiencyApp_uitest" name="PassingTest_1" time="8.2608"/>
  </testsuite>
  <testsuite errors="0" failures="0" name="MotorDriveUnit_SystemThermalModelEfficiencyApp_uitest_screenshot" skipped="0" tests="1" time="0.043765">
    <testcase classname="MotorDriveUnit_SystemThermalModelEfficiencyApp_uitest_screenshot" name="test_image_up_to_date_1" time="0.043765"/>
  </testsuite>
  <testsuite errors="0" failures="0" name="MotorDriveUnit_SystemThermal_test" skipped="0" tests="4" time="2.2587">
    <testcase classname="MotorDriveUnit_SystemThermal_test" name="PassingTest_1" time="0.03"/>
    <testcase classname="MotorDriveUnit_SystemThermal_test" name="PassingTest_2" time="1.3353"/>
    <testcase classname="MotorDriveUnit_SystemThermal_test" name="PassingTest_4" time="0.53057"/>
    <testcase classname="MotorDriveUnit_SystemThermal_test" name="test_MotorDriveUnit_getBlockInfo_System_1" time="0.36286"/>
  </testsuite>
  <testsuite errors="0" failures="0" name="MotorDriveUnit_SystemThermal_SimulationCases_test" skipped="0" tests="4" time="18.0781">
    <testcase classname="MotorDriveUnit_SystemThermal_SimulationCases_test" name="PassingTest_1" time="4.4135"/>
    <testcase classname="MotorDriveUnit_SystemThermal_SimulationCases_test" name="PassingTest_2" time="4.4763"/>
    <testcase classname="MotorDriveUnit_SystemThermal_SimulationCases_test" name="PassingTest_3" time="4.766"/>
    <testcase classname="MotorDriveUnit_SystemThermal_SimulationCases_test" name="PassingTest_4" time="4.4223"/>
  </testsuite>
  <testsuite errors="0" failures="0" name="MotorDriveUnit_test_Utility" skipped="0" tests="8" time="2.8582">
    <testcase classname="MotorDriveUnit_test_Utility" name="PassingTest_1" time="0.10359"/>
    <testcase classname="MotorDriveUnit_test_Utility" name="PassingTest_2" time="0.0094898"/>
    <testcase classname="MotorDriveUnit_test_Utility" name="PassingTest_3" time="0.42442"/>
    <testcase classname="MotorDriveUnit_test_Utility" name="PassingTest_4" time="0.46651"/>
    <testcase classname="MotorDriveUnit_test_Utility" name="PassingTest_5" time="0.42931"/>
    <testcase classname="MotorDriveUnit_test_Utility" name="PassingTest_6" time="0.42115"/>
    <testcase classname="MotorDriveUnit_test_Utility" name="PassingTest_7" time="0.61191"/>
    <testcase classname="MotorDriveUnit_test_Utility" name="PassingTest_8" time="0.39183"/>
  </testsuite>
</testsuites>
