<?xml version="1.0" encoding="UTF-8" standalone="no" ?>
<testsuites>
  <testsuite errors="0" failures="0" name="BatteryHV_UnitTest" skipped="0" tests="14" time="52.9846">
    <testcase classname="BatteryHV_UnitTest" name="blockParameters_BatteryHV_Basic" time="2.6077"/>
    <testcase classname="BatteryHV_UnitTest" name="blockParameters_BatteryHV_Driveline" time="1.1413"/>
    <testcase classname="BatteryHV_UnitTest" name="blockParameters_BatteryHV_Electrical" time="0.9185"/>
    <testcase classname="BatteryHV_UnitTest" name="run_harness_model_with_Basic_refsub" time="4.9308"/>
    <testcase classname="BatteryHV_UnitTest" name="run_harness_model_with_Driveline_refsub" time="3.735"/>
    <testcase classname="BatteryHV_UnitTest" name="run_harness_model_with_Electrical_refsub" time="3.8353"/>
    <testcase classname="BatteryHV_UnitTest" name="input_Constant" time="0.028979"/>
    <testcase classname="BatteryHV_UnitTest" name="input_Charge" time="2.4357"/>
    <testcase classname="BatteryHV_UnitTest" name="input_Discharge" time="0.72183"/>
    <testcase classname="BatteryHV_UnitTest" name="input_LoadCurrentStep3" time="2.6111"/>
    <testcase classname="BatteryHV_UnitTest" name="run_testcase_Charge" time="6.1496"/>
    <testcase classname="BatteryHV_UnitTest" name="run_testcase_Discharge" time="4.2729"/>
    <testcase classname="BatteryHV_UnitTest" name="run_testcase_LoadCurrentStep3" time="3.2285"/>
    <testcase classname="BatteryHV_UnitTest" name="run_main_script_1" time="16.3675"/>
  </testsuite>
</testsuites>
