<?xml version="1.0" encoding="UTF-8" standalone="no" ?>
<testsuites>
  <testsuite errors="0" failures="0" name="BatteryHV_UnitTest" skipped="0" tests="14" time="41.6371">
    <testcase classname="BatteryHV_UnitTest" name="blockParameters_BatteryHV_Basic" time="0.51079"/>
    <testcase classname="BatteryHV_UnitTest" name="blockParameters_BatteryHV_Driveline" time="0.6723"/>
    <testcase classname="BatteryHV_UnitTest" name="blockParameters_BatteryHV_Electrical" time="0.74061"/>
    <testcase classname="BatteryHV_UnitTest" name="run_harness_model_with_Basic_refsub" time="2.5671"/>
    <testcase classname="BatteryHV_UnitTest" name="run_harness_model_with_Driveline_refsub" time="3.0072"/>
    <testcase classname="BatteryHV_UnitTest" name="run_harness_model_with_Electrical_refsub" time="4.0149"/>
    <testcase classname="BatteryHV_UnitTest" name="input_Constant" time="0.037679"/>
    <testcase classname="BatteryHV_UnitTest" name="input_Charge" time="0.51314"/>
    <testcase classname="BatteryHV_UnitTest" name="input_Discharge" time="0.27225"/>
    <testcase classname="BatteryHV_UnitTest" name="input_LoadCurrentStep3" time="3.0996"/>
    <testcase classname="BatteryHV_UnitTest" name="run_testcase_Charge" time="5.2384"/>
    <testcase classname="BatteryHV_UnitTest" name="run_testcase_Discharge" time="3.1937"/>
    <testcase classname="BatteryHV_UnitTest" name="run_testcase_LoadCurrentStep3" time="3.1789"/>
    <testcase classname="BatteryHV_UnitTest" name="run_main_script_1" time="14.5906"/>
  </testsuite>
</testsuites>
