<?xml version="1.0" encoding="UTF-8" standalone="no" ?>
<coverage branch-rate="NaN" branches-covered="NaN" branches-valid="NaN" complexity="NaN" line-rate="0.91129" lines-covered="1130" lines-valid="1240" timestamp="1753191908.8706" version="">
  <sources>
    <source>C:\local\gh-isaacito12-bev\bev25a\Components\Vehicle1D\</source>
  </sources>
  <packages>
    <package branch-rate="NaN" complexity="NaN" line-rate="0.91129" name="">
      <classes>
        <class branch-rate="NaN" complexity="NaN" filename="App-PerformanceDesign\Vehicle1DPerformanceDesignAppMain.m" line-rate="0.91107" name="Vehicle1DPerformanceDesignAppMain">
          <methods>
            <method branch-rate="NaN" line-rate="0" name="delete" signature="delete(App)">
              <lines>
                <line hits="0" number="98"/>
              </lines>
            </method>
            <method branch-rate="NaN" line-rate="0.72727" name="Vehicle1DPerformanceDesignAppMain" signature="App = Vehicle1DPerformanceDesignAppMain(NameValuePairs)">
              <lines>
                <line hits="15" number="109"/>
                <line hits="15" number="110"/>
                <line hits="15" number="111"/>
                <line hits="15" number="113"/>
                <line hits="6" number="114"/>
                <line hits="6" number="115"/>
                <line hits="0" number="116"/>
                <line hits="0" number="117"/>
                <line hits="0" number="120"/>
                <line hits="15" number="125"/>
                <line hits="15" number="127"/>
                <line hits="0" number="129"/>
                <line hits="15" number="133"/>
                <line hits="15" number="135"/>
                <line hits="5" number="138"/>
                <line hits="5" number="139"/>
                <line hits="0" number="140"/>
                <line hits="0" number="141"/>
                <line hits="5" number="143"/>
                <line hits="5" number="145"/>
                <line hits="5" number="147"/>
                <line hits="15" number="150"/>
              </lines>
            </method>
            <method branch-rate="NaN" line-rate="0.93333" name="setup_all_data" signature="AppParams = setup_all_data(App)">
              <lines>
                <line hits="15" number="158"/>
                <line hits="15" number="160"/>
                <line hits="6" number="163"/>
                <line hits="6" number="164"/>
                <line hits="6" number="166"/>
                <line hits="6" number="167"/>
                <line hits="6" number="168"/>
                <line hits="1" number="169"/>
                <line hits="1" number="172"/>
                <line hits="1" number="173"/>
                <line hits="1" number="174"/>
                <line hits="0" number="175"/>
                <line hits="1" number="178"/>
                <line hits="1" number="179"/>
                <line hits="15" number="184"/>
              </lines>
            </method>
            <method branch-rate="NaN" line-rate="0.88889" name="getParametersFromVehicleBlock" signature="getParametersFromVehicleBlock(App)">
              <lines>
                <line hits="5" number="196"/>
                <line hits="5" number="197"/>
                <line hits="5" number="202"/>
                <line hits="5" number="203"/>
                <line hits="5" number="206"/>
                <line hits="5" number="208"/>
                <line hits="5" number="210"/>
                <line hits="0" number="211"/>
                <line hits="0" number="212"/>
                <line hits="0" number="214"/>
                <line hits="5" number="218"/>
                <line hits="5" number="219"/>
                <line hits="5" number="223"/>
                <line hits="5" number="225"/>
                <line hits="5" number="227"/>
                <line hits="5" number="228"/>
                <line hits="5" number="230"/>
                <line hits="5" number="231"/>
                <line hits="5" number="238"/>
                <line hits="5" number="244"/>
                <line hits="5" number="245"/>
                <line hits="5" number="246"/>
                <line hits="5" number="247"/>
                <line hits="5" number="248"/>
                <line hits="5" number="249"/>
                <line hits="5" number="252"/>
                <line hits="5" number="254"/>
              </lines>
            </method>
            <method branch-rate="NaN" line-rate="0" name="setParametersToVehicleBlock" signature="setParametersToVehicleBlock(App)">
              <lines>
                <line hits="0" number="259"/>
                <line hits="0" number="261"/>
                <line hits="0" number="262"/>
                <line hits="0" number="264"/>
              </lines>
            </method>
            <method branch-rate="NaN" line-rate="1" name="performancePlot" signature="performancePlot(App, NameValuePair)">
              <lines>
                <line hits="16" number="275"/>
                <line hits="15" number="276"/>
                <line hits="1" number="278"/>
                <line hits="16" number="281"/>
                <line hits="16" number="285"/>
                <line hits="16" number="291"/>
                <line hits="16" number="293"/>
                <line hits="16" number="294"/>
                <line hits="16" number="295"/>
                <line hits="16" number="296"/>
                <line hits="16" number="297"/>
                <line hits="16" number="298"/>
                <line hits="16" number="299"/>
                <line hits="16" number="300"/>
                <line hits="16" number="301"/>
                <line hits="16" number="302"/>
                <line hits="16" number="303"/>
                <line hits="16" number="304"/>
                <line hits="16" number="305"/>
                <line hits="16" number="306"/>
                <line hits="16" number="307"/>
                <line hits="16" number="308"/>
              </lines>
            </method>
            <method branch-rate="NaN" line-rate="0.79661" name="getParametersFromUIComponents" signature="getParametersFromUIComponents(App)">
              <lines>
                <line hits="21" number="316"/>
                <line hits="21" number="317"/>
                <line hits="21" number="318"/>
                <line hits="21" number="319"/>
                <line hits="21" number="323"/>
                <line hits="21" number="324"/>
                <line hits="21" number="328"/>
                <line hits="21" number="329"/>
                <line hits="21" number="330"/>
                <line hits="21" number="334"/>
                <line hits="21" number="335"/>
                <line hits="21" number="336"/>
                <line hits="21" number="337"/>
                <line hits="21" number="338"/>
                <line hits="21" number="342"/>
                <line hits="21" number="343"/>
                <line hits="10" number="344"/>
                <line hits="21" number="346"/>
                <line hits="21" number="355"/>
                <line hits="10" number="357"/>
                <line hits="11" number="360"/>
                <line hits="11" number="361"/>
                <line hits="0" number="362"/>
                <line hits="0" number="363"/>
                <line hits="0" number="364"/>
                <line hits="0" number="365"/>
                <line hits="11" number="373"/>
                <line hits="11" number="376"/>
                <line hits="11" number="377"/>
                <line hits="21" number="382"/>
                <line hits="10" number="384"/>
                <line hits="11" number="387"/>
                <line hits="11" number="388"/>
                <line hits="11" number="389"/>
                <line hits="11" number="392"/>
                <line hits="11" number="393"/>
                <line hits="11" number="395"/>
                <line hits="11" number="396"/>
                <line hits="0" number="398"/>
                <line hits="0" number="399"/>
                <line hits="0" number="400"/>
                <line hits="0" number="401"/>
                <line hits="21" number="407"/>
                <line hits="10" number="409"/>
                <line hits="11" number="412"/>
                <line hits="11" number="413"/>
                <line hits="11" number="414"/>
                <line hits="11" number="417"/>
                <line hits="11" number="418"/>
                <line hits="11" number="420"/>
                <line hits="11" number="421"/>
                <line hits="0" number="423"/>
                <line hits="0" number="424"/>
                <line hits="0" number="425"/>
                <line hits="0" number="426"/>
                <line hits="21" number="432"/>
                <line hits="21" number="433"/>
                <line hits="21" number="437"/>
                <line hits="21" number="438"/>
              </lines>
            </method>
            <method branch-rate="NaN" line-rate="1" name="build_app" signature="build_app(App)">
              <lines>
                <line hits="15" number="447"/>
                <line hits="15" number="448"/>
                <line hits="15" number="450"/>
                <line hits="15" number="451"/>
                <line hits="15" number="452"/>
                <line hits="15" number="456"/>
                <line hits="15" number="457"/>
                <line hits="15" number="459"/>
                <line hits="15" number="461"/>
                <line hits="15" number="464"/>
                <line hits="15" number="466"/>
                <line hits="15" number="469"/>
                <line hits="15" number="470"/>
                <line hits="15" number="471"/>
                <line hits="15" number="472"/>
                <line hits="15" number="473"/>
                <line hits="15" number="476"/>
                <line hits="15" number="477"/>
                <line hits="15" number="478"/>
                <line hits="15" number="480"/>
                <line hits="15" number="481"/>
                <line hits="15" number="482"/>
                <line hits="15" number="484"/>
                <line hits="15" number="485"/>
                <line hits="15" number="486"/>
                <line hits="15" number="487"/>
                <line hits="15" number="488"/>
                <line hits="15" number="490"/>
                <line hits="15" number="491"/>
                <line hits="15" number="492"/>
                <line hits="15" number="494"/>
                <line hits="15" number="495"/>
                <line hits="15" number="496"/>
                <line hits="15" number="497"/>
                <line hits="15" number="499"/>
                <line hits="15" number="500"/>
                <line hits="15" number="501"/>
                <line hits="15" number="503"/>
                <line hits="15" number="504"/>
                <line hits="15" number="505"/>
                <line hits="15" number="506"/>
                <line hits="15" number="508"/>
                <line hits="15" number="509"/>
                <line hits="15" number="510"/>
                <line hits="15" number="512"/>
                <line hits="15" number="513"/>
                <line hits="15" number="514"/>
                <line hits="15" number="515"/>
                <line hits="15" number="518"/>
                <line hits="15" number="519"/>
                <line hits="15" number="520"/>
                <line hits="15" number="522"/>
                <line hits="15" number="523"/>
                <line hits="15" number="524"/>
                <line hits="15" number="526"/>
                <line hits="15" number="527"/>
                <line hits="15" number="528"/>
                <line hits="15" number="529"/>
                <line hits="15" number="531"/>
                <line hits="15" number="532"/>
                <line hits="15" number="533"/>
                <line hits="15" number="535"/>
                <line hits="15" number="536"/>
                <line hits="15" number="537"/>
                <line hits="15" number="538"/>
                <line hits="15" number="541"/>
                <line hits="15" number="542"/>
                <line hits="15" number="543"/>
                <line hits="15" number="545"/>
                <line hits="15" number="546"/>
                <line hits="15" number="547"/>
                <line hits="15" number="549"/>
                <line hits="15" number="550"/>
                <line hits="15" number="551"/>
                <line hits="15" number="552"/>
                <line hits="15" number="554"/>
                <line hits="15" number="555"/>
                <line hits="15" number="556"/>
                <line hits="15" number="558"/>
                <line hits="15" number="559"/>
                <line hits="15" number="560"/>
                <line hits="15" number="561"/>
                <line hits="15" number="563"/>
                <line hits="15" number="564"/>
                <line hits="15" number="565"/>
                <line hits="15" number="567"/>
                <line hits="15" number="568"/>
                <line hits="15" number="569"/>
                <line hits="15" number="570"/>
                <line hits="15" number="573"/>
                <line hits="15" number="574"/>
                <line hits="15" number="575"/>
                <line hits="15" number="577"/>
                <line hits="15" number="578"/>
                <line hits="15" number="579"/>
                <line hits="15" number="581"/>
                <line hits="15" number="582"/>
                <line hits="15" number="583"/>
                <line hits="15" number="584"/>
                <line hits="15" number="585"/>
                <line hits="15" number="587"/>
                <line hits="15" number="588"/>
                <line hits="15" number="589"/>
                <line hits="15" number="591"/>
                <line hits="15" number="592"/>
                <line hits="15" number="593"/>
                <line hits="15" number="594"/>
                <line hits="15" number="596"/>
                <line hits="15" number="597"/>
                <line hits="15" number="598"/>
                <line hits="15" number="600"/>
                <line hits="15" number="601"/>
                <line hits="15" number="602"/>
                <line hits="15" number="603"/>
                <line hits="15" number="605"/>
                <line hits="15" number="606"/>
                <line hits="15" number="607"/>
                <line hits="15" number="609"/>
                <line hits="15" number="610"/>
                <line hits="15" number="611"/>
                <line hits="15" number="612"/>
                <line hits="15" number="614"/>
                <line hits="15" number="615"/>
                <line hits="15" number="616"/>
                <line hits="15" number="618"/>
                <line hits="15" number="619"/>
                <line hits="15" number="620"/>
                <line hits="15" number="621"/>
                <line hits="15" number="624"/>
                <line hits="15" number="626"/>
                <line hits="15" number="627"/>
                <line hits="15" number="628"/>
                <line hits="15" number="630"/>
                <line hits="15" number="631"/>
                <line hits="15" number="632"/>
                <line hits="15" number="633"/>
                <line hits="15" number="634"/>
                <line hits="15" number="637"/>
                <line hits="15" number="640"/>
                <line hits="15" number="642"/>
                <line hits="15" number="643"/>
                <line hits="15" number="644"/>
                <line hits="15" number="645"/>
                <line hits="15" number="646"/>
                <line hits="15" number="647"/>
                <line hits="15" number="649"/>
                <line hits="15" number="651"/>
                <line hits="15" number="652"/>
                <line hits="15" number="653"/>
                <line hits="15" number="656"/>
                <line hits="15" number="658"/>
                <line hits="15" number="659"/>
                <line hits="15" number="660"/>
                <line hits="15" number="661"/>
                <line hits="15" number="664"/>
                <line hits="15" number="665"/>
                <line hits="15" number="666"/>
                <line hits="15" number="667"/>
                <line hits="15" number="670"/>
                <line hits="15" number="674"/>
                <line hits="15" number="675"/>
                <line hits="15" number="677"/>
                <line hits="15" number="678"/>
                <line hits="15" number="679"/>
                <line hits="15" number="680"/>
                <line hits="15" number="682"/>
                <line hits="15" number="683"/>
                <line hits="15" number="684"/>
                <line hits="15" number="685"/>
                <line hits="15" number="686"/>
                <line hits="15" number="687"/>
                <line hits="15" number="688"/>
                <line hits="15" number="690"/>
                <line hits="15" number="691"/>
                <line hits="15" number="692"/>
                <line hits="15" number="693"/>
                <line hits="15" number="694"/>
                <line hits="15" number="695"/>
                <line hits="15" number="696"/>
                <line hits="15" number="698"/>
                <line hits="15" number="699"/>
                <line hits="15" number="700"/>
                <line hits="15" number="701"/>
                <line hits="15" number="702"/>
                <line hits="15" number="703"/>
                <line hits="15" number="704"/>
                <line hits="15" number="706"/>
                <line hits="15" number="707"/>
                <line hits="15" number="708"/>
                <line hits="15" number="709"/>
                <line hits="15" number="710"/>
                <line hits="15" number="711"/>
                <line hits="15" number="712"/>
                <line hits="15" number="713"/>
                <line hits="15" number="715"/>
                <line hits="15" number="716"/>
                <line hits="15" number="717"/>
                <line hits="15" number="718"/>
                <line hits="15" number="719"/>
                <line hits="15" number="720"/>
                <line hits="15" number="721"/>
                <line hits="15" number="722"/>
                <line hits="15" number="725"/>
                <line hits="15" number="726"/>
                <line hits="15" number="728"/>
                <line hits="15" number="730"/>
                <line hits="15" number="731"/>
                <line hits="15" number="733"/>
                <line hits="15" number="736"/>
                <line hits="15" number="737"/>
                <line hits="15" number="738"/>
                <line hits="15" number="739"/>
                <line hits="15" number="740"/>
                <line hits="15" number="741"/>
                <line hits="15" number="743"/>
                <line hits="15" number="744"/>
                <line hits="15" number="746"/>
                <line hits="15" number="747"/>
                <line hits="15" number="748"/>
                <line hits="15" number="749"/>
                <line hits="15" number="750"/>
                <line hits="15" number="751"/>
                <line hits="15" number="752"/>
                <line hits="15" number="753"/>
                <line hits="15" number="754"/>
                <line hits="15" number="755"/>
                <line hits="15" number="756"/>
                <line hits="15" number="757"/>
                <line hits="15" number="758"/>
                <line hits="15" number="759"/>
                <line hits="15" number="760"/>
                <line hits="15" number="761"/>
                <line hits="15" number="763"/>
              </lines>
            </method>
            <method branch-rate="NaN" line-rate="1" name="callback_Preset" signature="callback_Preset(App)">
              <lines>
                <line hits="7" number="770"/>
                <line hits="7" number="771"/>
                <line hits="7" number="773"/>
                <line hits="7" number="774"/>
                <line hits="7" number="775"/>
                <line hits="7" number="776"/>
                <line hits="7" number="778"/>
                <line hits="7" number="779"/>
                <line hits="7" number="781"/>
                <line hits="7" number="783"/>
                <line hits="7" number="784"/>
                <line hits="7" number="785"/>
                <line hits="7" number="787"/>
                <line hits="7" number="789"/>
                <line hits="7" number="792"/>
              </lines>
            </method>
            <method branch-rate="NaN" line-rate="1" name="auto_update_plot" signature="auto_update_plot(App)">
              <lines>
                <line hits="12" number="797"/>
                <line hits="12" number="798"/>
              </lines>
            </method>
            <method branch-rate="NaN" line-rate="0" name="callback_UpdateButton" signature="callback_UpdateButton(App)">
              <lines>
                <line hits="0" number="803"/>
              </lines>
            </method>
            <method branch-rate="NaN" line-rate="0" name="callback_AutoUpdate" signature="callback_AutoUpdate(App)">
              <lines>
                <line hits="0" number="807"/>
                <line hits="0" number="808"/>
                <line hits="0" number="810"/>
              </lines>
            </method>
            <method branch-rate="NaN" line-rate="1" name="setParametersToUIComponents" signature="setParametersToUIComponents(App, NameValuePairs)">
              <lines>
                <line hits="22" number="824"/>
                <line hits="22" number="825"/>
                <line hits="22" number="829"/>
                <line hits="22" number="830"/>
                <line hits="22" number="831"/>
                <line hits="22" number="833"/>
                <line hits="22" number="835"/>
                <line hits="22" number="837"/>
                <line hits="22" number="838"/>
                <line hits="22" number="839"/>
                <line hits="22" number="843"/>
                <line hits="22" number="844"/>
                <line hits="22" number="845"/>
                <line hits="22" number="847"/>
                <line hits="22" number="848"/>
                <line hits="22" number="849"/>
                <line hits="22" number="853"/>
                <line hits="22" number="854"/>
                <line hits="22" number="855"/>
                <line hits="22" number="857"/>
                <line hits="22" number="858"/>
                <line hits="22" number="859"/>
                <line hits="22" number="861"/>
                <line hits="22" number="862"/>
                <line hits="22" number="863"/>
                <line hits="22" number="867"/>
                <line hits="22" number="868"/>
                <line hits="22" number="869"/>
                <line hits="22" number="871"/>
                <line hits="22" number="873"/>
                <line hits="22" number="874"/>
                <line hits="22" number="875"/>
                <line hits="22" number="877"/>
                <line hits="22" number="879"/>
                <line hits="22" number="880"/>
                <line hits="22" number="881"/>
                <line hits="22" number="886"/>
                <line hits="22" number="888"/>
                <line hits="22" number="889"/>
                <line hits="22" number="890"/>
                <line hits="22" number="892"/>
                <line hits="22" number="893"/>
                <line hits="22" number="894"/>
                <line hits="22" number="896"/>
                <line hits="22" number="897"/>
                <line hits="22" number="898"/>
                <line hits="22" number="900"/>
                <line hits="22" number="901"/>
                <line hits="22" number="902"/>
                <line hits="22" number="906"/>
                <line hits="22" number="908"/>
                <line hits="16" number="909"/>
                <line hits="6" number="911"/>
                <line hits="22" number="914"/>
              </lines>
            </method>
            <method branch-rate="NaN" line-rate="0.675" name="callback_physical_value" signature="callback_physical_value(App, NameValuePair)">
              <lines>
                <line hits="330" number="927"/>
                <line hits="330" number="928"/>
                <line hits="330" number="931"/>
                <line hits="330" number="933"/>
                <line hits="90" number="934"/>
                <line hits="240" number="935"/>
                <line hits="120" number="936"/>
                <line hits="120" number="937"/>
                <line hits="0" number="939"/>
                <line hits="120" number="943"/>
                <line hits="330" number="946"/>
                <line hits="330" number="947"/>
                <line hits="273" number="950"/>
                <line hits="0" number="951"/>
                <line hits="0" number="952"/>
                <line hits="273" number="953"/>
                <line hits="0" number="954"/>
                <line hits="0" number="955"/>
                <line hits="273" number="958"/>
                <line hits="0" number="959"/>
                <line hits="0" number="960"/>
                <line hits="0" number="962"/>
                <line hits="57" number="968"/>
                <line hits="57" number="969"/>
                <line hits="330" number="972"/>
                <line hits="330" number="973"/>
                <line hits="0" number="974"/>
                <line hits="0" number="977"/>
                <line hits="0" number="978"/>
                <line hits="0" number="979"/>
                <line hits="0" number="981"/>
                <line hits="330" number="985"/>
                <line hits="330" number="987"/>
                <line hits="330" number="988"/>
                <line hits="330" number="989"/>
                <line hits="330" number="990"/>
                <line hits="330" number="991"/>
                <line hits="330" number="992"/>
                <line hits="330" number="994"/>
                <line hits="3" number="995"/>
              </lines>
            </method>
          </methods>
          <lines>
            <line hits="0" number="98"/>
            <line hits="9" number="104"/>
            <line hits="15" number="105"/>
            <line hits="15" number="106"/>
            <line hits="15" number="109"/>
            <line hits="15" number="110"/>
            <line hits="15" number="111"/>
            <line hits="15" number="113"/>
            <line hits="6" number="114"/>
            <line hits="6" number="115"/>
            <line hits="0" number="116"/>
            <line hits="0" number="117"/>
            <line hits="0" number="120"/>
            <line hits="15" number="125"/>
            <line hits="15" number="127"/>
            <line hits="0" number="129"/>
            <line hits="15" number="133"/>
            <line hits="15" number="135"/>
            <line hits="5" number="138"/>
            <line hits="5" number="139"/>
            <line hits="0" number="140"/>
            <line hits="0" number="141"/>
            <line hits="5" number="143"/>
            <line hits="5" number="145"/>
            <line hits="5" number="147"/>
            <line hits="15" number="150"/>
            <line hits="15" number="158"/>
            <line hits="15" number="160"/>
            <line hits="6" number="163"/>
            <line hits="6" number="164"/>
            <line hits="6" number="166"/>
            <line hits="6" number="167"/>
            <line hits="6" number="168"/>
            <line hits="1" number="169"/>
            <line hits="1" number="172"/>
            <line hits="1" number="173"/>
            <line hits="1" number="174"/>
            <line hits="0" number="175"/>
            <line hits="1" number="178"/>
            <line hits="1" number="179"/>
            <line hits="15" number="184"/>
            <line hits="5" number="196"/>
            <line hits="5" number="197"/>
            <line hits="5" number="202"/>
            <line hits="5" number="203"/>
            <line hits="5" number="206"/>
            <line hits="5" number="208"/>
            <line hits="5" number="210"/>
            <line hits="0" number="211"/>
            <line hits="0" number="212"/>
            <line hits="0" number="214"/>
            <line hits="5" number="218"/>
            <line hits="5" number="219"/>
            <line hits="5" number="223"/>
            <line hits="5" number="225"/>
            <line hits="5" number="227"/>
            <line hits="5" number="228"/>
            <line hits="5" number="230"/>
            <line hits="5" number="231"/>
            <line hits="5" number="238"/>
            <line hits="5" number="244"/>
            <line hits="5" number="245"/>
            <line hits="5" number="246"/>
            <line hits="5" number="247"/>
            <line hits="5" number="248"/>
            <line hits="5" number="249"/>
            <line hits="5" number="252"/>
            <line hits="5" number="254"/>
            <line hits="0" number="259"/>
            <line hits="0" number="261"/>
            <line hits="0" number="262"/>
            <line hits="0" number="264"/>
            <line hits="15" number="272"/>
            <line hits="16" number="275"/>
            <line hits="15" number="276"/>
            <line hits="1" number="278"/>
            <line hits="16" number="281"/>
            <line hits="16" number="285"/>
            <line hits="16" number="291"/>
            <line hits="16" number="293"/>
            <line hits="16" number="294"/>
            <line hits="16" number="295"/>
            <line hits="16" number="296"/>
            <line hits="16" number="297"/>
            <line hits="16" number="298"/>
            <line hits="16" number="299"/>
            <line hits="16" number="300"/>
            <line hits="16" number="301"/>
            <line hits="16" number="302"/>
            <line hits="16" number="303"/>
            <line hits="16" number="304"/>
            <line hits="16" number="305"/>
            <line hits="16" number="306"/>
            <line hits="16" number="307"/>
            <line hits="16" number="308"/>
            <line hits="21" number="316"/>
            <line hits="21" number="317"/>
            <line hits="21" number="318"/>
            <line hits="21" number="319"/>
            <line hits="21" number="323"/>
            <line hits="21" number="324"/>
            <line hits="21" number="328"/>
            <line hits="21" number="329"/>
            <line hits="21" number="330"/>
            <line hits="21" number="334"/>
            <line hits="21" number="335"/>
            <line hits="21" number="336"/>
            <line hits="21" number="337"/>
            <line hits="21" number="338"/>
            <line hits="21" number="342"/>
            <line hits="21" number="343"/>
            <line hits="10" number="344"/>
            <line hits="21" number="346"/>
            <line hits="21" number="355"/>
            <line hits="10" number="357"/>
            <line hits="11" number="360"/>
            <line hits="11" number="361"/>
            <line hits="0" number="362"/>
            <line hits="0" number="363"/>
            <line hits="0" number="364"/>
            <line hits="0" number="365"/>
            <line hits="11" number="373"/>
            <line hits="11" number="376"/>
            <line hits="11" number="377"/>
            <line hits="21" number="382"/>
            <line hits="10" number="384"/>
            <line hits="11" number="387"/>
            <line hits="11" number="388"/>
            <line hits="11" number="389"/>
            <line hits="11" number="392"/>
            <line hits="11" number="393"/>
            <line hits="11" number="395"/>
            <line hits="11" number="396"/>
            <line hits="0" number="398"/>
            <line hits="0" number="399"/>
            <line hits="0" number="400"/>
            <line hits="0" number="401"/>
            <line hits="21" number="407"/>
            <line hits="10" number="409"/>
            <line hits="11" number="412"/>
            <line hits="11" number="413"/>
            <line hits="11" number="414"/>
            <line hits="11" number="417"/>
            <line hits="11" number="418"/>
            <line hits="11" number="420"/>
            <line hits="11" number="421"/>
            <line hits="0" number="423"/>
            <line hits="0" number="424"/>
            <line hits="0" number="425"/>
            <line hits="0" number="426"/>
            <line hits="21" number="432"/>
            <line hits="21" number="433"/>
            <line hits="21" number="437"/>
            <line hits="21" number="438"/>
            <line hits="15" number="447"/>
            <line hits="15" number="448"/>
            <line hits="15" number="450"/>
            <line hits="15" number="451"/>
            <line hits="15" number="452"/>
            <line hits="15" number="456"/>
            <line hits="15" number="457"/>
            <line hits="15" number="459"/>
            <line hits="15" number="461"/>
            <line hits="15" number="464"/>
            <line hits="15" number="466"/>
            <line hits="15" number="469"/>
            <line hits="15" number="470"/>
            <line hits="15" number="471"/>
            <line hits="15" number="472"/>
            <line hits="15" number="473"/>
            <line hits="15" number="476"/>
            <line hits="15" number="477"/>
            <line hits="15" number="478"/>
            <line hits="15" number="480"/>
            <line hits="15" number="481"/>
            <line hits="15" number="482"/>
            <line hits="15" number="484"/>
            <line hits="15" number="485"/>
            <line hits="15" number="486"/>
            <line hits="15" number="487"/>
            <line hits="15" number="488"/>
            <line hits="15" number="490"/>
            <line hits="15" number="491"/>
            <line hits="15" number="492"/>
            <line hits="15" number="494"/>
            <line hits="15" number="495"/>
            <line hits="15" number="496"/>
            <line hits="15" number="497"/>
            <line hits="15" number="499"/>
            <line hits="15" number="500"/>
            <line hits="15" number="501"/>
            <line hits="15" number="503"/>
            <line hits="15" number="504"/>
            <line hits="15" number="505"/>
            <line hits="15" number="506"/>
            <line hits="15" number="508"/>
            <line hits="15" number="509"/>
            <line hits="15" number="510"/>
            <line hits="15" number="512"/>
            <line hits="15" number="513"/>
            <line hits="15" number="514"/>
            <line hits="15" number="515"/>
            <line hits="15" number="518"/>
            <line hits="15" number="519"/>
            <line hits="15" number="520"/>
            <line hits="15" number="522"/>
            <line hits="15" number="523"/>
            <line hits="15" number="524"/>
            <line hits="15" number="526"/>
            <line hits="15" number="527"/>
            <line hits="15" number="528"/>
            <line hits="15" number="529"/>
            <line hits="15" number="531"/>
            <line hits="15" number="532"/>
            <line hits="15" number="533"/>
            <line hits="15" number="535"/>
            <line hits="15" number="536"/>
            <line hits="15" number="537"/>
            <line hits="15" number="538"/>
            <line hits="15" number="541"/>
            <line hits="15" number="542"/>
            <line hits="15" number="543"/>
            <line hits="15" number="545"/>
            <line hits="15" number="546"/>
            <line hits="15" number="547"/>
            <line hits="15" number="549"/>
            <line hits="15" number="550"/>
            <line hits="15" number="551"/>
            <line hits="15" number="552"/>
            <line hits="15" number="554"/>
            <line hits="15" number="555"/>
            <line hits="15" number="556"/>
            <line hits="15" number="558"/>
            <line hits="15" number="559"/>
            <line hits="15" number="560"/>
            <line hits="15" number="561"/>
            <line hits="15" number="563"/>
            <line hits="15" number="564"/>
            <line hits="15" number="565"/>
            <line hits="15" number="567"/>
            <line hits="15" number="568"/>
            <line hits="15" number="569"/>
            <line hits="15" number="570"/>
            <line hits="15" number="573"/>
            <line hits="15" number="574"/>
            <line hits="15" number="575"/>
            <line hits="15" number="577"/>
            <line hits="15" number="578"/>
            <line hits="15" number="579"/>
            <line hits="15" number="581"/>
            <line hits="15" number="582"/>
            <line hits="15" number="583"/>
            <line hits="15" number="584"/>
            <line hits="15" number="585"/>
            <line hits="15" number="587"/>
            <line hits="15" number="588"/>
            <line hits="15" number="589"/>
            <line hits="15" number="591"/>
            <line hits="15" number="592"/>
            <line hits="15" number="593"/>
            <line hits="15" number="594"/>
            <line hits="15" number="596"/>
            <line hits="15" number="597"/>
            <line hits="15" number="598"/>
            <line hits="15" number="600"/>
            <line hits="15" number="601"/>
            <line hits="15" number="602"/>
            <line hits="15" number="603"/>
            <line hits="15" number="605"/>
            <line hits="15" number="606"/>
            <line hits="15" number="607"/>
            <line hits="15" number="609"/>
            <line hits="15" number="610"/>
            <line hits="15" number="611"/>
            <line hits="15" number="612"/>
            <line hits="15" number="614"/>
            <line hits="15" number="615"/>
            <line hits="15" number="616"/>
            <line hits="15" number="618"/>
            <line hits="15" number="619"/>
            <line hits="15" number="620"/>
            <line hits="15" number="621"/>
            <line hits="15" number="624"/>
            <line hits="15" number="626"/>
            <line hits="15" number="627"/>
            <line hits="15" number="628"/>
            <line hits="15" number="630"/>
            <line hits="15" number="631"/>
            <line hits="15" number="632"/>
            <line hits="15" number="633"/>
            <line hits="15" number="634"/>
            <line hits="15" number="637"/>
            <line hits="15" number="640"/>
            <line hits="15" number="642"/>
            <line hits="15" number="643"/>
            <line hits="15" number="644"/>
            <line hits="15" number="645"/>
            <line hits="15" number="646"/>
            <line hits="15" number="647"/>
            <line hits="15" number="649"/>
            <line hits="15" number="651"/>
            <line hits="15" number="652"/>
            <line hits="15" number="653"/>
            <line hits="15" number="656"/>
            <line hits="15" number="658"/>
            <line hits="15" number="659"/>
            <line hits="15" number="660"/>
            <line hits="15" number="661"/>
            <line hits="15" number="664"/>
            <line hits="15" number="665"/>
            <line hits="15" number="666"/>
            <line hits="15" number="667"/>
            <line hits="15" number="670"/>
            <line hits="15" number="674"/>
            <line hits="15" number="675"/>
            <line hits="15" number="677"/>
            <line hits="15" number="678"/>
            <line hits="15" number="679"/>
            <line hits="15" number="680"/>
            <line hits="15" number="682"/>
            <line hits="15" number="683"/>
            <line hits="15" number="684"/>
            <line hits="15" number="685"/>
            <line hits="15" number="686"/>
            <line hits="15" number="687"/>
            <line hits="15" number="688"/>
            <line hits="15" number="690"/>
            <line hits="15" number="691"/>
            <line hits="15" number="692"/>
            <line hits="15" number="693"/>
            <line hits="15" number="694"/>
            <line hits="15" number="695"/>
            <line hits="15" number="696"/>
            <line hits="15" number="698"/>
            <line hits="15" number="699"/>
            <line hits="15" number="700"/>
            <line hits="15" number="701"/>
            <line hits="15" number="702"/>
            <line hits="15" number="703"/>
            <line hits="15" number="704"/>
            <line hits="15" number="706"/>
            <line hits="15" number="707"/>
            <line hits="15" number="708"/>
            <line hits="15" number="709"/>
            <line hits="15" number="710"/>
            <line hits="15" number="711"/>
            <line hits="15" number="712"/>
            <line hits="15" number="713"/>
            <line hits="15" number="715"/>
            <line hits="15" number="716"/>
            <line hits="15" number="717"/>
            <line hits="15" number="718"/>
            <line hits="15" number="719"/>
            <line hits="15" number="720"/>
            <line hits="15" number="721"/>
            <line hits="15" number="722"/>
            <line hits="15" number="725"/>
            <line hits="15" number="726"/>
            <line hits="15" number="728"/>
            <line hits="15" number="730"/>
            <line hits="15" number="731"/>
            <line hits="15" number="733"/>
            <line hits="15" number="736"/>
            <line hits="15" number="737"/>
            <line hits="15" number="738"/>
            <line hits="15" number="739"/>
            <line hits="15" number="740"/>
            <line hits="15" number="741"/>
            <line hits="15" number="743"/>
            <line hits="15" number="744"/>
            <line hits="15" number="746"/>
            <line hits="15" number="747"/>
            <line hits="15" number="748"/>
            <line hits="15" number="749"/>
            <line hits="15" number="750"/>
            <line hits="15" number="751"/>
            <line hits="15" number="752"/>
            <line hits="15" number="753"/>
            <line hits="15" number="754"/>
            <line hits="15" number="755"/>
            <line hits="15" number="756"/>
            <line hits="15" number="757"/>
            <line hits="15" number="758"/>
            <line hits="15" number="759"/>
            <line hits="15" number="760"/>
            <line hits="15" number="761"/>
            <line hits="15" number="763"/>
            <line hits="7" number="770"/>
            <line hits="7" number="771"/>
            <line hits="7" number="773"/>
            <line hits="7" number="774"/>
            <line hits="7" number="775"/>
            <line hits="7" number="776"/>
            <line hits="7" number="778"/>
            <line hits="7" number="779"/>
            <line hits="7" number="781"/>
            <line hits="7" number="783"/>
            <line hits="7" number="784"/>
            <line hits="7" number="785"/>
            <line hits="7" number="787"/>
            <line hits="7" number="789"/>
            <line hits="7" number="792"/>
            <line hits="12" number="797"/>
            <line hits="12" number="798"/>
            <line hits="0" number="803"/>
            <line hits="0" number="807"/>
            <line hits="0" number="808"/>
            <line hits="0" number="810"/>
            <line hits="15" number="818"/>
            <line hits="22" number="824"/>
            <line hits="22" number="825"/>
            <line hits="22" number="829"/>
            <line hits="22" number="830"/>
            <line hits="22" number="831"/>
            <line hits="22" number="833"/>
            <line hits="22" number="835"/>
            <line hits="22" number="837"/>
            <line hits="22" number="838"/>
            <line hits="22" number="839"/>
            <line hits="22" number="843"/>
            <line hits="22" number="844"/>
            <line hits="22" number="845"/>
            <line hits="22" number="847"/>
            <line hits="22" number="848"/>
            <line hits="22" number="849"/>
            <line hits="22" number="853"/>
            <line hits="22" number="854"/>
            <line hits="22" number="855"/>
            <line hits="22" number="857"/>
            <line hits="22" number="858"/>
            <line hits="22" number="859"/>
            <line hits="22" number="861"/>
            <line hits="22" number="862"/>
            <line hits="22" number="863"/>
            <line hits="22" number="867"/>
            <line hits="22" number="868"/>
            <line hits="22" number="869"/>
            <line hits="22" number="871"/>
            <line hits="22" number="873"/>
            <line hits="22" number="874"/>
            <line hits="22" number="875"/>
            <line hits="22" number="877"/>
            <line hits="22" number="879"/>
            <line hits="22" number="880"/>
            <line hits="22" number="881"/>
            <line hits="22" number="886"/>
            <line hits="22" number="888"/>
            <line hits="22" number="889"/>
            <line hits="22" number="890"/>
            <line hits="22" number="892"/>
            <line hits="22" number="893"/>
            <line hits="22" number="894"/>
            <line hits="22" number="896"/>
            <line hits="22" number="897"/>
            <line hits="22" number="898"/>
            <line hits="22" number="900"/>
            <line hits="22" number="901"/>
            <line hits="22" number="902"/>
            <line hits="22" number="906"/>
            <line hits="22" number="908"/>
            <line hits="16" number="909"/>
            <line hits="6" number="911"/>
            <line hits="22" number="914"/>
            <line hits="0" number="922"/>
            <line hits="330" number="923"/>
            <line hits="330" number="924"/>
            <line hits="330" number="927"/>
            <line hits="330" number="928"/>
            <line hits="330" number="931"/>
            <line hits="330" number="933"/>
            <line hits="90" number="934"/>
            <line hits="240" number="935"/>
            <line hits="120" number="936"/>
            <line hits="120" number="937"/>
            <line hits="0" number="939"/>
            <line hits="120" number="943"/>
            <line hits="330" number="946"/>
            <line hits="330" number="947"/>
            <line hits="273" number="950"/>
            <line hits="0" number="951"/>
            <line hits="0" number="952"/>
            <line hits="273" number="953"/>
            <line hits="0" number="954"/>
            <line hits="0" number="955"/>
            <line hits="273" number="958"/>
            <line hits="0" number="959"/>
            <line hits="0" number="960"/>
            <line hits="0" number="962"/>
            <line hits="57" number="968"/>
            <line hits="57" number="969"/>
            <line hits="330" number="972"/>
            <line hits="330" number="973"/>
            <line hits="0" number="974"/>
            <line hits="0" number="977"/>
            <line hits="0" number="978"/>
            <line hits="0" number="979"/>
            <line hits="0" number="981"/>
            <line hits="330" number="985"/>
            <line hits="330" number="987"/>
            <line hits="330" number="988"/>
            <line hits="330" number="989"/>
            <line hits="330" number="990"/>
            <line hits="330" number="991"/>
            <line hits="330" number="992"/>
            <line hits="330" number="994"/>
            <line hits="3" number="995"/>
          </lines>
        </class>
        <class branch-rate="NaN" complexity="NaN" filename="App-PerformanceDesign\Vehicle1DPerformanceParameterPresets.m" line-rate="1" name="Vehicle1DPerformanceParameterPresets">
          <methods>
            <method branch-rate="NaN" line-rate="1" name="Vehicle1DPerformanceParameterPresets" signature="PresetDictionary = Vehicle1DPerformanceParameterPresets()">
              <lines>
                <line hits="1" number="14"/>
                <line hits="1" number="16"/>
                <line hits="1" number="17"/>
                <line hits="1" number="18"/>
                <line hits="1" number="19"/>
                <line hits="1" number="20"/>
                <line hits="1" number="21"/>
                <line hits="1" number="22"/>
                <line hits="1" number="23"/>
                <line hits="1" number="25"/>
                <line hits="1" number="29"/>
                <line hits="1" number="31"/>
                <line hits="1" number="32"/>
                <line hits="1" number="33"/>
                <line hits="1" number="34"/>
                <line hits="1" number="35"/>
                <line hits="1" number="36"/>
                <line hits="1" number="37"/>
                <line hits="1" number="38"/>
                <line hits="1" number="40"/>
                <line hits="1" number="44"/>
                <line hits="1" number="46"/>
                <line hits="1" number="47"/>
                <line hits="1" number="48"/>
                <line hits="1" number="49"/>
                <line hits="1" number="50"/>
                <line hits="1" number="51"/>
                <line hits="1" number="52"/>
                <line hits="1" number="53"/>
                <line hits="1" number="55"/>
                <line hits="3" number="60"/>
                <line hits="3" number="61"/>
                <line hits="3" number="62"/>
                <line hits="3" number="63"/>
              </lines>
            </method>
          </methods>
          <lines>
            <line hits="1" number="14"/>
            <line hits="1" number="16"/>
            <line hits="1" number="17"/>
            <line hits="1" number="18"/>
            <line hits="1" number="19"/>
            <line hits="1" number="20"/>
            <line hits="1" number="21"/>
            <line hits="1" number="22"/>
            <line hits="1" number="23"/>
            <line hits="1" number="25"/>
            <line hits="1" number="29"/>
            <line hits="1" number="31"/>
            <line hits="1" number="32"/>
            <line hits="1" number="33"/>
            <line hits="1" number="34"/>
            <line hits="1" number="35"/>
            <line hits="1" number="36"/>
            <line hits="1" number="37"/>
            <line hits="1" number="38"/>
            <line hits="1" number="40"/>
            <line hits="1" number="44"/>
            <line hits="1" number="46"/>
            <line hits="1" number="47"/>
            <line hits="1" number="48"/>
            <line hits="1" number="49"/>
            <line hits="1" number="50"/>
            <line hits="1" number="51"/>
            <line hits="1" number="52"/>
            <line hits="1" number="53"/>
            <line hits="1" number="55"/>
            <line hits="3" number="60"/>
            <line hits="3" number="61"/>
            <line hits="3" number="62"/>
            <line hits="3" number="63"/>
          </lines>
        </class>
        <class branch-rate="NaN" complexity="NaN" filename="App-PerformanceDesign\Vehicle1DPerformanceParameters.m" line-rate="0.78462" name="Vehicle1DPerformanceParameters">
          <methods>
            <method branch-rate="NaN" line-rate="1" name="update_states" signature="Param = update_states(Param)">
              <lines>
                <line hits="373" number="176"/>
                <line hits="373" number="177"/>
                <line hits="373" number="178"/>
                <line hits="373" number="179"/>
                <line hits="373" number="181"/>
                <line hits="373" number="182"/>
                <line hits="373" number="184"/>
                <line hits="373" number="185"/>
                <line hits="373" number="187"/>
                <line hits="373" number="189"/>
                <line hits="373" number="190"/>
                <line hits="373" number="192"/>
                <line hits="373" number="193"/>
                <line hits="373" number="196"/>
                <line hits="373" number="197"/>
                <line hits="373" number="198"/>
                <line hits="373" number="200"/>
                <line hits="373" number="201"/>
                <line hits="373" number="204"/>
                <line hits="373" number="206"/>
                <line hits="373" number="207"/>
                <line hits="373" number="208"/>
                <line hits="373" number="210"/>
                <line hits="373" number="211"/>
                <line hits="373" number="212"/>
                <line hits="373" number="216"/>
                <line hits="373" number="217"/>
                <line hits="373" number="218"/>
                <line hits="373" number="221"/>
                <line hits="373" number="223"/>
                <line hits="373" number="224"/>
                <line hits="373" number="226"/>
                <line hits="373" number="227"/>
                <line hits="373" number="230"/>
                <line hits="373" number="231"/>
                <line hits="1119" number="232"/>
                <line hits="1119" number="233"/>
                <line hits="1119" number="234"/>
                <line hits="1119" number="235"/>
                <line hits="373" number="239"/>
                <line hits="373" number="240"/>
                <line hits="1492" number="241"/>
                <line hits="373" number="245"/>
                <line hits="373" number="246"/>
                <line hits="373" number="247"/>
                <line hits="373" number="248"/>
                <line hits="373" number="249"/>
                <line hits="373" number="250"/>
                <line hits="373" number="252"/>
              </lines>
            </method>
            <method branch-rate="NaN" line-rate="1" name="Vehicle1DPerformanceParameters" signature="Param = Vehicle1DPerformanceParameters()">
              <lines>
                <line hits="4" number="260"/>
                <line hits="4" number="261"/>
                <line hits="4" number="262"/>
                <line hits="4" number="263"/>
              </lines>
            </method>
            <method branch-rate="NaN" line-rate="1" name="UpdateRoadLoadA" signature="Param = UpdateRoadLoadA(Param)">
              <lines>
                <line hits="7" number="268"/>
                <line hits="7" number="269"/>
                <line hits="7" number="270"/>
                <line hits="7" number="271"/>
              </lines>
            </method>
            <method branch-rate="NaN" line-rate="1" name="UpdateRoadLoadC" signature="Param = UpdateRoadLoadC(Param)">
              <lines>
                <line hits="7" number="276"/>
                <line hits="7" number="277"/>
                <line hits="7" number="278"/>
                <line hits="7" number="279"/>
              </lines>
            </method>
            <method branch-rate="NaN" line-rate="1" name="UpdateMaximumClimbPower" signature="Param = UpdateMaximumClimbPower(Param)">
              <lines>
                <line hits="7" number="284"/>
                <line hits="7" number="285"/>
                <line hits="7" number="286"/>
                <line hits="7" number="287"/>
                <line hits="7" number="288"/>
                <line hits="7" number="289"/>
                <line hits="7" number="290"/>
                <line hits="7" number="291"/>
                <line hits="7" number="292"/>
                <line hits="7" number="293"/>
                <line hits="7" number="294"/>
                <line hits="7" number="295"/>
              </lines>
            </method>
            <method branch-rate="NaN" line-rate="1" name="UpdateMaximumForce" signature="Param = UpdateMaximumForce(Param)">
              <lines>
                <line hits="7" number="300"/>
                <line hits="7" number="301"/>
                <line hits="7" number="302"/>
                <line hits="7" number="303"/>
                <line hits="7" number="304"/>
                <line hits="7" number="305"/>
              </lines>
            </method>
            <method branch-rate="NaN" line-rate="0.65714" name="getParametersFromBlock" signature="Param = getParametersFromBlock(Param, BlockPath)">
              <lines>
                <line hits="6" number="351"/>
                <line hits="0" number="352"/>
                <line hits="0" number="353"/>
                <line hits="0" number="355"/>
                <line hits="6" number="359"/>
                <line hits="6" number="360"/>
                <line hits="0" number="361"/>
                <line hits="6" number="364"/>
                <line hits="6" number="365"/>
                <line hits="1" number="366"/>
                <line hits="1" number="368"/>
                <line hits="5" number="373"/>
                <line hits="5" number="375"/>
                <line hits="5" number="377"/>
                <line hits="0" number="378"/>
                <line hits="0" number="379"/>
                <line hits="0" number="381"/>
                <line hits="5" number="385"/>
                <line hits="30" number="388"/>
                <line hits="30" number="389"/>
                <line hits="15" number="390"/>
                <line hits="15" number="391"/>
                <line hits="0" number="392"/>
                <line hits="0" number="395"/>
                <line hits="0" number="396"/>
                <line hits="0" number="397"/>
                <line hits="0" number="399"/>
                <line hits="30" number="403"/>
                <line hits="30" number="404"/>
                <line hits="5" number="407"/>
                <line hits="5" number="409"/>
                <line hits="5" number="410"/>
                <line hits="5" number="411"/>
                <line hits="5" number="412"/>
                <line hits="5" number="413"/>
              </lines>
            </method>
            <method branch-rate="NaN" line-rate="0" name="setParametersToBlock" signature="setParametersToBlock(Param, BlockPath)">
              <lines>
                <line hits="0" number="433"/>
                <line hits="0" number="434"/>
                <line hits="0" number="435"/>
                <line hits="0" number="437"/>
                <line hits="0" number="441"/>
                <line hits="0" number="442"/>
                <line hits="0" number="443"/>
                <line hits="0" number="446"/>
                <line hits="0" number="448"/>
                <line hits="0" number="450"/>
                <line hits="0" number="451"/>
                <line hits="0" number="452"/>
                <line hits="0" number="453"/>
                <line hits="0" number="454"/>
              </lines>
            </method>
          </methods>
          <lines>
            <line hits="373" number="176"/>
            <line hits="373" number="177"/>
            <line hits="373" number="178"/>
            <line hits="373" number="179"/>
            <line hits="373" number="181"/>
            <line hits="373" number="182"/>
            <line hits="373" number="184"/>
            <line hits="373" number="185"/>
            <line hits="373" number="187"/>
            <line hits="373" number="189"/>
            <line hits="373" number="190"/>
            <line hits="373" number="192"/>
            <line hits="373" number="193"/>
            <line hits="373" number="196"/>
            <line hits="373" number="197"/>
            <line hits="373" number="198"/>
            <line hits="373" number="200"/>
            <line hits="373" number="201"/>
            <line hits="373" number="204"/>
            <line hits="373" number="206"/>
            <line hits="373" number="207"/>
            <line hits="373" number="208"/>
            <line hits="373" number="210"/>
            <line hits="373" number="211"/>
            <line hits="373" number="212"/>
            <line hits="373" number="216"/>
            <line hits="373" number="217"/>
            <line hits="373" number="218"/>
            <line hits="373" number="221"/>
            <line hits="373" number="223"/>
            <line hits="373" number="224"/>
            <line hits="373" number="226"/>
            <line hits="373" number="227"/>
            <line hits="373" number="230"/>
            <line hits="373" number="231"/>
            <line hits="1119" number="232"/>
            <line hits="1119" number="233"/>
            <line hits="1119" number="234"/>
            <line hits="1119" number="235"/>
            <line hits="373" number="239"/>
            <line hits="373" number="240"/>
            <line hits="1492" number="241"/>
            <line hits="373" number="245"/>
            <line hits="373" number="246"/>
            <line hits="373" number="247"/>
            <line hits="373" number="248"/>
            <line hits="373" number="249"/>
            <line hits="373" number="250"/>
            <line hits="373" number="252"/>
            <line hits="4" number="260"/>
            <line hits="4" number="261"/>
            <line hits="4" number="262"/>
            <line hits="4" number="263"/>
            <line hits="7" number="268"/>
            <line hits="7" number="269"/>
            <line hits="7" number="270"/>
            <line hits="7" number="271"/>
            <line hits="7" number="276"/>
            <line hits="7" number="277"/>
            <line hits="7" number="278"/>
            <line hits="7" number="279"/>
            <line hits="7" number="284"/>
            <line hits="7" number="285"/>
            <line hits="7" number="286"/>
            <line hits="7" number="287"/>
            <line hits="7" number="288"/>
            <line hits="7" number="289"/>
            <line hits="7" number="290"/>
            <line hits="7" number="291"/>
            <line hits="7" number="292"/>
            <line hits="7" number="293"/>
            <line hits="7" number="294"/>
            <line hits="7" number="295"/>
            <line hits="7" number="300"/>
            <line hits="7" number="301"/>
            <line hits="7" number="302"/>
            <line hits="7" number="303"/>
            <line hits="7" number="304"/>
            <line hits="7" number="305"/>
            <line hits="0" number="344"/>
            <line hits="6" number="351"/>
            <line hits="0" number="352"/>
            <line hits="0" number="353"/>
            <line hits="0" number="355"/>
            <line hits="6" number="359"/>
            <line hits="6" number="360"/>
            <line hits="0" number="361"/>
            <line hits="6" number="364"/>
            <line hits="6" number="365"/>
            <line hits="1" number="366"/>
            <line hits="1" number="368"/>
            <line hits="5" number="373"/>
            <line hits="5" number="375"/>
            <line hits="5" number="377"/>
            <line hits="0" number="378"/>
            <line hits="0" number="379"/>
            <line hits="0" number="381"/>
            <line hits="5" number="385"/>
            <line hits="30" number="388"/>
            <line hits="30" number="389"/>
            <line hits="15" number="390"/>
            <line hits="15" number="391"/>
            <line hits="0" number="392"/>
            <line hits="0" number="395"/>
            <line hits="0" number="396"/>
            <line hits="0" number="397"/>
            <line hits="0" number="399"/>
            <line hits="30" number="403"/>
            <line hits="30" number="404"/>
            <line hits="5" number="407"/>
            <line hits="5" number="409"/>
            <line hits="5" number="410"/>
            <line hits="5" number="411"/>
            <line hits="5" number="412"/>
            <line hits="5" number="413"/>
            <line hits="0" number="430"/>
            <line hits="0" number="433"/>
            <line hits="0" number="434"/>
            <line hits="0" number="435"/>
            <line hits="0" number="437"/>
            <line hits="0" number="441"/>
            <line hits="0" number="442"/>
            <line hits="0" number="443"/>
            <line hits="0" number="446"/>
            <line hits="0" number="448"/>
            <line hits="0" number="450"/>
            <line hits="0" number="451"/>
            <line hits="0" number="452"/>
            <line hits="0" number="453"/>
            <line hits="0" number="454"/>
          </lines>
        </class>
        <class branch-rate="NaN" complexity="NaN" filename="App-PerformanceDesign\Vehicle1DPerformancePlot.m" line-rate="0.97391" name="Vehicle1DPerformancePlot">
          <methods/>
          <lines>
            <line hits="31" number="21"/>
            <line hits="0" number="23"/>
            <line hits="31" number="26"/>
            <line hits="31" number="29"/>
            <line hits="31" number="32"/>
            <line hits="31" number="35"/>
            <line hits="31" number="38"/>
            <line hits="31" number="41"/>
            <line hits="31" number="45"/>
            <line hits="31" number="49"/>
            <line hits="31" number="53"/>
            <line hits="31" number="57"/>
            <line hits="31" number="61"/>
            <line hits="31" number="65"/>
            <line hits="32" number="68"/>
            <line hits="32" number="71"/>
            <line hits="32" number="74"/>
            <line hits="32" number="78"/>
            <line hits="32" number="80"/>
            <line hits="32" number="82"/>
            <line hits="32" number="84"/>
            <line hits="32" number="86"/>
            <line hits="32" number="88"/>
            <line hits="32" number="90"/>
            <line hits="32" number="92"/>
            <line hits="32" number="94"/>
            <line hits="32" number="96"/>
            <line hits="32" number="98"/>
            <line hits="32" number="100"/>
            <line hits="384" number="103"/>
            <line hits="64" number="105"/>
            <line hits="62" number="106"/>
            <line hits="2" number="107"/>
            <line hits="0" number="108"/>
            <line hits="2" number="110"/>
            <line hits="320" number="114"/>
            <line hits="310" number="115"/>
            <line hits="10" number="116"/>
            <line hits="0" number="117"/>
            <line hits="10" number="119"/>
            <line hits="32" number="124"/>
            <line hits="32" number="126"/>
            <line hits="32" number="128"/>
            <line hits="32" number="132"/>
            <line hits="31" number="133"/>
            <line hits="1" number="135"/>
            <line hits="32" number="138"/>
            <line hits="32" number="140"/>
            <line hits="32" number="141"/>
            <line hits="32" number="142"/>
            <line hits="32" number="145"/>
            <line hits="32" number="147"/>
            <line hits="32" number="148"/>
            <line hits="32" number="150"/>
            <line hits="32" number="151"/>
            <line hits="32" number="153"/>
            <line hits="32" number="154"/>
            <line hits="97" number="155"/>
            <line hits="97" number="156"/>
            <line hits="97" number="157"/>
            <line hits="97" number="158"/>
            <line hits="32" number="162"/>
            <line hits="32" number="163"/>
            <line hits="127" number="164"/>
            <line hits="32" number="167"/>
            <line hits="32" number="168"/>
            <line hits="32" number="169"/>
            <line hits="32" number="170"/>
            <line hits="32" number="171"/>
            <line hits="32" number="172"/>
            <line hits="32" number="174"/>
            <line hits="32" number="177"/>
            <line hits="32" number="179"/>
            <line hits="32" number="180"/>
            <line hits="32" number="185"/>
            <line hits="32" number="187"/>
            <line hits="32" number="188"/>
            <line hits="32" number="189"/>
            <line hits="97" number="190"/>
            <line hits="97" number="191"/>
            <line hits="97" number="192"/>
            <line hits="97" number="194"/>
            <line hits="32" number="197"/>
            <line hits="32" number="199"/>
            <line hits="32" number="200"/>
            <line hits="32" number="201"/>
            <line hits="32" number="202"/>
            <line hits="32" number="207"/>
            <line hits="32" number="208"/>
            <line hits="127" number="209"/>
            <line hits="127" number="210"/>
            <line hits="127" number="211"/>
            <line hits="127" number="212"/>
            <line hits="127" number="214"/>
            <line hits="127" number="215"/>
            <line hits="127" number="216"/>
            <line hits="32" number="219"/>
            <line hits="32" number="220"/>
            <line hits="32" number="221"/>
            <line hits="32" number="225"/>
            <line hits="32" number="226"/>
            <line hits="32" number="227"/>
            <line hits="32" number="228"/>
            <line hits="32" number="230"/>
            <line hits="32" number="231"/>
            <line hits="32" number="232"/>
            <line hits="32" number="233"/>
            <line hits="32" number="235"/>
            <line hits="32" number="236"/>
            <line hits="32" number="237"/>
            <line hits="32" number="238"/>
            <line hits="32" number="240"/>
            <line hits="32" number="242"/>
            <line hits="32" number="243"/>
            <line hits="32" number="244"/>
          </lines>
        </class>
        <class branch-rate="NaN" complexity="NaN" filename="App-PerformanceDesign\test_Vehicle1DPerformance.m" line-rate="1" name="test_Vehicle1DPerformance">
          <methods>
            <method branch-rate="NaN" line-rate="1" name="test_method_setup" signature="test_method_setup(testcase)">
              <lines>
                <line hits="6" number="26"/>
                <line hits="6" number="27"/>
                <line hits="3" number="30"/>
                <line hits="3" number="35"/>
              </lines>
            </method>
            <method branch-rate="NaN" line-rate="1" name="MQC_plot_1" signature="MQC_plot_1(~)">
              <lines>
                <line hits="1" number="47"/>
              </lines>
            </method>
            <method branch-rate="NaN" line-rate="1" name="MQC_parameters_1" signature="MQC_parameters_1(~)">
              <lines>
                <line hits="1" number="51"/>
              </lines>
            </method>
            <method branch-rate="NaN" line-rate="1" name="MQC_parameter_presets_1" signature="MQC_parameter_presets_1(~)">
              <lines>
                <line hits="1" number="55"/>
              </lines>
            </method>
          </methods>
          <lines>
            <line hits="6" number="26"/>
            <line hits="6" number="27"/>
            <line hits="3" number="30"/>
            <line hits="3" number="35"/>
            <line hits="1" number="47"/>
            <line hits="1" number="51"/>
            <line hits="1" number="55"/>
          </lines>
        </class>
        <class branch-rate="NaN" complexity="NaN" filename="App-PerformanceDesign\testui_Vehicle1DPerformanceApp.m" line-rate="0.91667" name="testui_Vehicle1DPerformanceApp">
          <methods>
            <method branch-rate="NaN" line-rate="0.7" name="test_method_setup" signature="test_method_setup(testcase)">
              <lines>
                <line hits="9" number="31"/>
                <line hits="9" number="32"/>
                <line hits="9" number="36"/>
                <line hits="9" number="39"/>
                <line hits="9" number="40"/>
                <line hits="9" number="43"/>
                <line hits="0" number="45"/>
                <line hits="0" number="48"/>
                <line hits="0" number="53"/>
                <line hits="9" number="57"/>
              </lines>
            </method>
            <method branch-rate="NaN" line-rate="1" name="PassingTest_1" signature="PassingTest_1(testcase)">
              <lines>
                <line hits="1" number="72"/>
                <line hits="1" number="74"/>
              </lines>
            </method>
            <method branch-rate="NaN" line-rate="1" name="test_option_BlockPath_1" signature="test_option_BlockPath_1(testcase)">
              <lines>
                <line hits="1" number="81"/>
                <line hits="1" number="83"/>
              </lines>
            </method>
            <method branch-rate="NaN" line-rate="1" name="test_option_BlockPath_2" signature="test_option_BlockPath_2(testcase)">
              <lines>
                <line hits="1" number="89"/>
                <line hits="1" number="91"/>
              </lines>
            </method>
            <method branch-rate="NaN" line-rate="1" name="test_option_BlockPath_warning_1" signature="test_option_BlockPath_warning_1(testcase)">
              <lines>
                <line hits="1" number="97"/>
                <line hits="1" number="99"/>
              </lines>
            </method>
            <method branch-rate="NaN" line-rate="1" name="uitest_Information" signature="uitest_Information(testcase)">
              <lines>
                <line hits="1" number="106"/>
                <line hits="1" number="108"/>
              </lines>
            </method>
            <method branch-rate="NaN" line-rate="1" name="uitest_EditField_Mass" signature="uitest_EditField_Mass(testcase)">
              <lines>
                <line hits="1" number="112"/>
                <line hits="1" number="114"/>
              </lines>
            </method>
            <method branch-rate="NaN" line-rate="1" name="uitest_Preset" signature="uitest_Preset(testcase)">
              <lines>
                <line hits="1" number="118"/>
                <line hits="1" number="120"/>
                <line hits="1" number="121"/>
                <line hits="1" number="122"/>
              </lines>
            </method>
            <method branch-rate="NaN" line-rate="1" name="uitest_OpenFigure" signature="uitest_OpenFigure(testcase)">
              <lines>
                <line hits="1" number="126"/>
                <line hits="1" number="128"/>
              </lines>
            </method>
            <method branch-rate="NaN" line-rate="1" name="uitest_UpdateButton" signature="uitest_UpdateButton(testcase)">
              <lines>
                <line hits="1" number="132"/>
                <line hits="1" number="134"/>
                <line hits="1" number="136"/>
                <line hits="1" number="137"/>
                <line hits="1" number="138"/>
                <line hits="1" number="140"/>
                <line hits="1" number="143"/>
                <line hits="1" number="144"/>
              </lines>
            </method>
          </methods>
          <lines>
            <line hits="9" number="31"/>
            <line hits="9" number="32"/>
            <line hits="9" number="36"/>
            <line hits="9" number="39"/>
            <line hits="9" number="40"/>
            <line hits="9" number="43"/>
            <line hits="0" number="45"/>
            <line hits="0" number="48"/>
            <line hits="0" number="53"/>
            <line hits="9" number="57"/>
            <line hits="1" number="72"/>
            <line hits="1" number="74"/>
            <line hits="1" number="81"/>
            <line hits="1" number="83"/>
            <line hits="1" number="89"/>
            <line hits="1" number="91"/>
            <line hits="1" number="97"/>
            <line hits="1" number="99"/>
            <line hits="1" number="106"/>
            <line hits="1" number="108"/>
            <line hits="1" number="112"/>
            <line hits="1" number="114"/>
            <line hits="1" number="118"/>
            <line hits="1" number="120"/>
            <line hits="1" number="121"/>
            <line hits="1" number="122"/>
            <line hits="1" number="126"/>
            <line hits="1" number="128"/>
            <line hits="1" number="132"/>
            <line hits="1" number="134"/>
            <line hits="1" number="136"/>
            <line hits="1" number="137"/>
            <line hits="1" number="138"/>
            <line hits="1" number="140"/>
            <line hits="1" number="143"/>
            <line hits="1" number="144"/>
          </lines>
        </class>
        <class branch-rate="NaN" complexity="NaN" filename="Model-Basic\SimulationCases\Vehicle1D_Basic_Accelerate.m" line-rate="1" name="Vehicle1D_Basic_Accelerate">
          <methods/>
          <lines>
            <line hits="1" number="3"/>
            <line hits="1" number="4"/>
            <line hits="1" number="5"/>
            <line hits="1" number="7"/>
            <line hits="1" number="8"/>
            <line hits="1" number="9"/>
            <line hits="1" number="10"/>
            <line hits="1" number="11"/>
          </lines>
        </class>
        <class branch-rate="NaN" complexity="NaN" filename="Model-Basic\SimulationCases\Vehicle1D_Basic_Braking.m" line-rate="1" name="Vehicle1D_Basic_Braking">
          <methods/>
          <lines>
            <line hits="1" number="3"/>
            <line hits="1" number="4"/>
            <line hits="1" number="5"/>
            <line hits="1" number="7"/>
            <line hits="1" number="8"/>
            <line hits="1" number="9"/>
            <line hits="1" number="10"/>
            <line hits="1" number="11"/>
          </lines>
        </class>
        <class branch-rate="NaN" complexity="NaN" filename="Model-Basic\SimulationCases\Vehicle1D_Basic_Coastdown.m" line-rate="1" name="Vehicle1D_Basic_Coastdown">
          <methods/>
          <lines>
            <line hits="1" number="3"/>
            <line hits="1" number="4"/>
            <line hits="1" number="5"/>
            <line hits="1" number="7"/>
            <line hits="1" number="8"/>
            <line hits="1" number="9"/>
            <line hits="1" number="10"/>
            <line hits="1" number="11"/>
          </lines>
        </class>
        <class branch-rate="NaN" complexity="NaN" filename="Model-Basic\SimulationCases\Vehicle1D_Basic_Constant.m" line-rate="1" name="Vehicle1D_Basic_Constant">
          <methods/>
          <lines>
            <line hits="1" number="3"/>
            <line hits="1" number="4"/>
            <line hits="1" number="5"/>
            <line hits="1" number="7"/>
            <line hits="1" number="8"/>
            <line hits="1" number="9"/>
            <line hits="1" number="10"/>
            <line hits="1" number="11"/>
          </lines>
        </class>
        <class branch-rate="NaN" complexity="NaN" filename="Model-Basic\SimulationCases\test_Vehicle1D_Basic_SimulationCases.m" line-rate="1" name="test_Vehicle1D_Basic_SimulationCases">
          <methods>
            <method branch-rate="NaN" line-rate="1" name="TestSetup" signature="TestSetup(testcase)">
              <lines>
                <line hits="4" number="25"/>
                <line hits="4" number="26"/>
[...]
            <line hits="1" number="18"/>
            <line hits="1" number="21"/>
            <line hits="1" number="22"/>
            <line hits="1" number="23"/>
            <line hits="1" number="24"/>
            <line hits="1" number="27"/>
            <line hits="1" number="29"/>
            <line hits="1" number="30"/>
            <line hits="1" number="32"/>
            <line hits="1" number="33"/>
            <line hits="1" number="35"/>
            <line hits="1" number="36"/>
            <line hits="1" number="38"/>
            <line hits="1" number="39"/>
            <line hits="1" number="40"/>
            <line hits="1" number="41"/>
            <line hits="1" number="42"/>
            <line hits="1" number="44"/>
            <line hits="1" number="45"/>
            <line hits="1" number="46"/>
            <line hits="1" number="48"/>
            <line hits="1" number="49"/>
            <line hits="0" number="51"/>
            <line hits="1" number="54"/>
            <line hits="1" number="55"/>
            <line hits="1" number="59"/>
            <line hits="1" number="60"/>
            <line hits="1" number="61"/>
            <line hits="1" number="62"/>
            <line hits="1" number="63"/>
            <line hits="1" number="65"/>
            <line hits="1" number="66"/>
            <line hits="1" number="67"/>
            <line hits="1" number="68"/>
            <line hits="1" number="70"/>
            <line hits="1" number="71"/>
            <line hits="1" number="73"/>
            <line hits="1" number="74"/>
            <line hits="1" number="76"/>
            <line hits="1" number="77"/>
            <line hits="1" number="79"/>
            <line hits="3" number="88"/>
            <line hits="3" number="89"/>
            <line hits="3" number="90"/>
            <line hits="3" number="91"/>
            <line hits="3" number="92"/>
            <line hits="3" number="100"/>
            <line hits="2" number="101"/>
            <line hits="2" number="102"/>
            <line hits="3" number="108"/>
            <line hits="3" number="109"/>
            <line hits="3" number="110"/>
            <line hits="3" number="111"/>
            <line hits="3" number="112"/>
            <line hits="3" number="113"/>
            <line hits="3" number="114"/>
            <line hits="3" number="115"/>
            <line hits="3" number="116"/>
            <line hits="3" number="117"/>
            <line hits="3" number="118"/>
            <line hits="3" number="119"/>
          </lines>
        </class>
        <class branch-rate="NaN" complexity="NaN" filename="Utility\Vehicle1D_resetHarnessModel.m" line-rate="1" name="Vehicle1D_resetHarnessModel">
          <methods/>
          <lines>
            <line hits="1" number="7"/>
            <line hits="1" number="10"/>
            <line hits="1" number="12"/>
            <line hits="1" number="13"/>
            <line hits="1" number="16"/>
            <line hits="1" number="18"/>
          </lines>
        </class>
        <class branch-rate="NaN" complexity="NaN" filename="Utility\Vehicle1D_setInitialConditions.m" line-rate="1" name="Vehicle1D_setInitialConditions">
          <methods/>
          <lines>
            <line hits="1" number="7"/>
            <line hits="1" number="8"/>
            <line hits="1" number="9"/>
            <line hits="11" number="12"/>
            <line hits="11" number="14"/>
            <line hits="11" number="15"/>
            <line hits="11" number="18"/>
            <line hits="11" number="19"/>
            <line hits="11" number="21"/>
            <line hits="11" number="22"/>
            <line hits="22" number="28"/>
            <line hits="22" number="32"/>
            <line hits="22" number="33"/>
            <line hits="22" number="35"/>
          </lines>
        </class>
        <class branch-rate="NaN" complexity="NaN" filename="Utility\Vehicle1D_setSimCase.m" line-rate="1" name="Vehicle1D_setSimCase">
          <methods/>
          <lines>
            <line hits="10" number="11"/>
            <line hits="10" number="13"/>
            <line hits="10" number="15"/>
            <line hits="10" number="17"/>
            <line hits="10" number="19"/>
            <line hits="1" number="20"/>
            <line hits="10" number="21"/>
            <line hits="10" number="23"/>
            <line hits="1" number="24"/>
            <line hits="10" number="25"/>
            <line hits="10" number="27"/>
            <line hits="1" number="28"/>
            <line hits="10" number="29"/>
            <line hits="10" number="31"/>
            <line hits="10" number="32"/>
            <line hits="1" number="34"/>
            <line hits="1" number="35"/>
            <line hits="1" number="37"/>
            <line hits="10" number="40"/>
            <line hits="10" number="42"/>
            <line hits="10" number="43"/>
            <line hits="10" number="44"/>
            <line hits="10" number="47"/>
            <line hits="10" number="48"/>
            <line hits="5" number="49"/>
            <line hits="5" number="50"/>
            <line hits="10" number="53"/>
            <line hits="10" number="55"/>
            <line hits="10" number="56"/>
            <line hits="10" number="59"/>
            <line hits="10" number="61"/>
            <line hits="10" number="62"/>
            <line hits="10" number="65"/>
            <line hits="10" number="67"/>
            <line hits="10" number="68"/>
            <line hits="10" number="69"/>
            <line hits="10" number="71"/>
            <line hits="10" number="72"/>
            <line hits="10" number="73"/>
            <line hits="10" number="75"/>
            <line hits="10" number="76"/>
            <line hits="10" number="77"/>
            <line hits="10" number="79"/>
            <line hits="10" number="80"/>
            <line hits="10" number="82"/>
            <line hits="10" number="83"/>
            <line hits="10" number="85"/>
            <line hits="10" number="86"/>
            <line hits="10" number="87"/>
            <line hits="10" number="88"/>
          </lines>
        </class>
        <class branch-rate="NaN" complexity="NaN" filename="Utility\Vehicle1D_setSimCase_Accelerate.m" line-rate="1" name="Vehicle1D_setSimCase_Accelerate">
          <methods/>
          <lines>
            <line hits="3" number="12"/>
            <line hits="3" number="13"/>
            <line hits="3" number="15"/>
            <line hits="3" number="17"/>
            <line hits="3" number="19"/>
            <line hits="3" number="21"/>
            <line hits="3" number="22"/>
            <line hits="3" number="23"/>
            <line hits="3" number="25"/>
            <line hits="3" number="26"/>
            <line hits="3" number="27"/>
            <line hits="3" number="29"/>
            <line hits="3" number="30"/>
            <line hits="3" number="31"/>
            <line hits="3" number="33"/>
            <line hits="3" number="34"/>
            <line hits="3" number="36"/>
            <line hits="3" number="37"/>
            <line hits="3" number="39"/>
          </lines>
        </class>
        <class branch-rate="NaN" complexity="NaN" filename="Utility\Vehicle1D_setSimCase_Braking.m" line-rate="1" name="Vehicle1D_setSimCase_Braking">
          <methods/>
          <lines>
            <line hits="2" number="12"/>
            <line hits="2" number="13"/>
            <line hits="2" number="15"/>
            <line hits="2" number="17"/>
            <line hits="2" number="19"/>
            <line hits="2" number="21"/>
            <line hits="2" number="22"/>
            <line hits="2" number="23"/>
            <line hits="2" number="25"/>
            <line hits="2" number="26"/>
            <line hits="2" number="27"/>
            <line hits="2" number="29"/>
            <line hits="2" number="30"/>
            <line hits="2" number="31"/>
            <line hits="2" number="33"/>
            <line hits="2" number="34"/>
            <line hits="2" number="36"/>
            <line hits="2" number="37"/>
            <line hits="2" number="39"/>
          </lines>
        </class>
        <class branch-rate="NaN" complexity="NaN" filename="Utility\Vehicle1D_setSimCase_Coastdown.m" line-rate="1" name="Vehicle1D_setSimCase_Coastdown">
          <methods/>
          <lines>
            <line hits="2" number="12"/>
            <line hits="2" number="13"/>
            <line hits="2" number="15"/>
            <line hits="2" number="17"/>
            <line hits="2" number="19"/>
            <line hits="2" number="21"/>
            <line hits="2" number="22"/>
            <line hits="2" number="23"/>
            <line hits="2" number="25"/>
            <line hits="2" number="26"/>
            <line hits="2" number="27"/>
            <line hits="2" number="29"/>
            <line hits="2" number="30"/>
            <line hits="2" number="31"/>
            <line hits="2" number="33"/>
            <line hits="2" number="34"/>
            <line hits="2" number="36"/>
            <line hits="2" number="37"/>
            <line hits="2" number="39"/>
          </lines>
        </class>
        <class branch-rate="NaN" complexity="NaN" filename="Utility\Vehicle1D_setSimCase_Constant.m" line-rate="1" name="Vehicle1D_setSimCase_Constant">
          <methods/>
          <lines>
            <line hits="2" number="12"/>
            <line hits="2" number="13"/>
            <line hits="2" number="15"/>
            <line hits="2" number="17"/>
            <line hits="2" number="19"/>
            <line hits="2" number="21"/>
            <line hits="2" number="22"/>
            <line hits="2" number="23"/>
            <line hits="2" number="25"/>
            <line hits="2" number="26"/>
            <line hits="2" number="27"/>
            <line hits="2" number="29"/>
            <line hits="2" number="30"/>
            <line hits="2" number="31"/>
            <line hits="2" number="33"/>
            <line hits="2" number="34"/>
            <line hits="2" number="36"/>
            <line hits="2" number="37"/>
            <line hits="2" number="39"/>
          </lines>
        </class>
        <class branch-rate="NaN" complexity="NaN" filename="Utility\test_Vehicle1D_Utility.m" line-rate="0.93333" name="test_Vehicle1D_Utility">
          <methods>
            <method branch-rate="NaN" line-rate="1" name="test_method_setup" signature="test_method_setup(testcase)">
              <lines>
                <line hits="18" number="26"/>
                <line hits="18" number="27"/>
                <line hits="9" number="30"/>
                <line hits="9" number="35"/>
              </lines>
            </method>
            <method branch-rate="NaN" line-rate="1" name="MQC_plot_input_signals_1" signature="MQC_plot_input_signals_1(~)">
              <lines>
                <line hits="1" number="47"/>
              </lines>
            </method>
            <method branch-rate="NaN" line-rate="1" name="MQC_reset_TestModel_1" signature="MQC_reset_TestModel_1(~)">
              <lines>
                <line hits="1" number="51"/>
              </lines>
            </method>
            <method branch-rate="NaN" line-rate="1" name="MQC_set_initial_conditions_1" signature="MQC_set_initial_conditions_1(~)">
              <lines>
                <line hits="1" number="56"/>
                <line hits="1" number="57"/>
              </lines>
            </method>
            <method branch-rate="NaN" line-rate="1" name="MQC_setSimulationCase_1" signature="MQC_setSimulationCase_1(~)">
              <lines>
                <line hits="1" number="61"/>
              </lines>
            </method>
            <method branch-rate="NaN" line-rate="1" name="MQC_setSimCase_Constant_1" signature="MQC_setSimCase_Constant_1(~)">
              <lines>
                <line hits="1" number="65"/>
              </lines>
            </method>
            <method branch-rate="NaN" line-rate="1" name="MQC_setSimCase_Accelerate_1" signature="MQC_setSimCase_Accelerate_1(~)">
              <lines>
                <line hits="1" number="69"/>
              </lines>
            </method>
            <method branch-rate="NaN" line-rate="1" name="MQC_setSimCase_Braking_1" signature="MQC_setSimCase_Braking_1(~)">
              <lines>
                <line hits="1" number="73"/>
              </lines>
            </method>
            <method branch-rate="NaN" line-rate="1" name="MQC_setSimCase_Coastdown_1" signature="MQC_setSimCase_Coastdown_1(~)">
              <lines>
                <line hits="1" number="77"/>
              </lines>
            </method>
            <method branch-rate="NaN" line-rate="0.5" name="check_markdowns_uptodate_1" signature="check_markdowns_uptodate_1(testcase)">
              <lines>
                <line hits="1" number="84"/>
                <line hits="0" number="85"/>
              </lines>
            </method>
          </methods>
          <lines>
            <line hits="18" number="26"/>
            <line hits="18" number="27"/>
            <line hits="9" number="30"/>
            <line hits="9" number="35"/>
            <line hits="1" number="47"/>
            <line hits="1" number="51"/>
            <line hits="1" number="56"/>
            <line hits="1" number="57"/>
            <line hits="1" number="61"/>
            <line hits="1" number="65"/>
            <line hits="1" number="69"/>
            <line hits="1" number="73"/>
            <line hits="1" number="77"/>
            <line hits="1" number="84"/>
            <line hits="0" number="85"/>
          </lines>
        </class>
        <class branch-rate="NaN" complexity="NaN" filename="Vehicle1DPerformanceDesignApp.m" line-rate="1" name="Vehicle1DPerformanceDesignApp">
          <methods/>
          <lines>
            <line hits="3" number="16"/>
            <line hits="3" number="18"/>
            <line hits="3" number="20"/>
            <line hits="3" number="23"/>
          </lines>
        </class>
        <class branch-rate="NaN" complexity="NaN" filename="Vehicle1D_Description.m" line-rate="NaN" name="Vehicle1D_Description">
          <methods/>
          <lines/>
        </class>
        <class branch-rate="NaN" complexity="NaN" filename="Vehicle1D_TestModelSetup.m" line-rate="1" name="Vehicle1D_TestModelSetup">
          <methods/>
          <lines>
            <line hits="17" number="8"/>
          </lines>
        </class>
        <class branch-rate="NaN" complexity="NaN" filename="buildfile.m" line-rate="0" name="buildfile">
          <methods/>
          <lines>
            <line hits="0" number="33"/>
            <line hits="0" number="35"/>
            <line hits="0" number="41"/>
            <line hits="0" number="42"/>
            <line hits="0" number="43"/>
            <line hits="0" number="52"/>
            <line hits="0" number="55"/>
            <line hits="0" number="56"/>
            <line hits="0" number="57"/>
            <line hits="0" number="58"/>
            <line hits="0" number="60"/>
            <line hits="0" number="61"/>
            <line hits="0" number="62"/>
            <line hits="0" number="63"/>
            <line hits="0" number="65"/>
            <line hits="0" number="66"/>
            <line hits="0" number="67"/>
            <line hits="0" number="68"/>
          </lines>
        </class>
        <class branch-rate="NaN" complexity="NaN" filename="test_Vehicle1D.m" line-rate="0.78571" name="test_Vehicle1D">
          <methods>
            <method branch-rate="NaN" line-rate="1" name="test_method_setup_1" signature="test_method_setup_1(testcase)">
              <lines>
                <line hits="4" number="20"/>
                <line hits="4" number="21"/>
                <line hits="2" number="23"/>
                <line hits="2" number="26"/>
              </lines>
            </method>
            <method branch-rate="NaN" line-rate="1" name="PassingTest_1" signature="PassingTest_1(~)">
              <lines>
                <line hits="1" number="40"/>
              </lines>
            </method>
            <method branch-rate="NaN" line-rate="0.66667" name="description_html_is_uptodate" signature="description_html_is_uptodate(testcase)">
              <lines>
                <line hits="1" number="48"/>
                <line hits="1" number="49"/>
                <line hits="1" number="52"/>
                <line hits="1" number="53"/>
                <line hits="0" number="56"/>
                <line hits="0" number="57"/>
                <line hits="0" number="58"/>
                <line hits="1" number="61"/>
                <line hits="1" number="62"/>
              </lines>
            </method>
          </methods>
          <lines>
            <line hits="4" number="20"/>
            <line hits="4" number="21"/>
            <line hits="2" number="23"/>
            <line hits="2" number="26"/>
            <line hits="1" number="40"/>
            <line hits="1" number="48"/>
            <line hits="1" number="49"/>
            <line hits="1" number="52"/>
            <line hits="1" number="53"/>
            <line hits="0" number="56"/>
            <line hits="0" number="57"/>
            <line hits="0" number="58"/>
            <line hits="1" number="61"/>
            <line hits="1" number="62"/>
          </lines>
        </class>
        <class branch-rate="NaN" complexity="NaN" filename="testui_Vehicle1DPerformanceDesignApp.m" line-rate="0.83333" name="testui_Vehicle1DPerformanceDesignApp">
          <methods>
            <method branch-rate="NaN" line-rate="0.7" name="test_method_setup" signature="test_method_setup(testcase)">
              <lines>
                <line hits="3" number="29"/>
                <line hits="3" number="30"/>
                <line hits="3" number="34"/>
                <line hits="3" number="37"/>
                <line hits="3" number="38"/>
                <line hits="3" number="41"/>
                <line hits="0" number="43"/>
                <line hits="0" number="46"/>
                <line hits="0" number="51"/>
                <line hits="3" number="55"/>
              </lines>
            </method>
            <method branch-rate="NaN" line-rate="1" name="MQC_App_1" signature="MQC_App_1(testcase)">
              <lines>
                <line hits="1" number="70"/>
                <line hits="1" number="72"/>
              </lines>
            </method>
            <method branch-rate="NaN" line-rate="1" name="uitest_EditField_Mass" signature="uitest_EditField_Mass(testcase)">
              <lines>
                <line hits="1" number="81"/>
                <line hits="1" number="83"/>
              </lines>
            </method>
            <method branch-rate="NaN" line-rate="1" name="uitest_Preset" signature="uitest_Preset(testcase)">
              <lines>
                <line hits="1" number="87"/>
                <line hits="1" number="89"/>
                <line hits="1" number="90"/>
                <line hits="1" number="91"/>
              </lines>
            </method>
          </methods>
          <lines>
            <line hits="3" number="29"/>
            <line hits="3" number="30"/>
            <line hits="3" number="34"/>
            <line hits="3" number="37"/>
            <line hits="3" number="38"/>
            <line hits="3" number="41"/>
            <line hits="0" number="43"/>
            <line hits="0" number="46"/>
            <line hits="0" number="51"/>
            <line hits="3" number="55"/>
            <line hits="1" number="70"/>
            <line hits="1" number="72"/>
            <line hits="1" number="81"/>
            <line hits="1" number="83"/>
            <line hits="1" number="87"/>
            <line hits="1" number="89"/>
            <line hits="1" number="90"/>
            <line hits="1" number="91"/>
          </lines>
        </class>
      </classes>
    </package>
  </packages>
</coverage>
