<?xml version="1.0" encoding="UTF-8" standalone="no" ?>
<coverage branch-rate="NaN" branches-covered="NaN" branches-valid="NaN" complexity="NaN" line-rate="0.82456" lines-covered="94" lines-valid="114" timestamp="1751029695.5693" version="">
  <sources>
    <source>C:\local\gh-isaacito12-bev\bev25a\Components\BatteryHighVoltage\Model-Primitive\</source>
  </sources>
  <packages>
    <package branch-rate="NaN" complexity="NaN" line-rate="0.82456" name="">
      <classes>
        <class branch-rate="NaN" complexity="NaN" filename="BatteryHV_Primitive_params.m" line-rate="1" name="BatteryHV_Primitive_params">
          <methods/>
          <lines>
            <line hits="7" number="12"/>
            <line hits="7" number="16"/>
            <line hits="7" number="18"/>
            <line hits="7" number="20"/>
            <line hits="7" number="21"/>
            <line hits="7" number="22"/>
            <line hits="7" number="23"/>
            <line hits="7" number="24"/>
            <line hits="7" number="26"/>
            <line hits="7" number="30"/>
            <line hits="7" number="34"/>
            <line hits="7" number="36"/>
            <line hits="7" number="37"/>
            <line hits="7" number="38"/>
            <line hits="7" number="39"/>
            <line hits="7" number="40"/>
          </lines>
        </class>
        <class branch-rate="NaN" complexity="NaN" filename="BatteryHV_test_Primitive.m" line-rate="1" name="BatteryHV_test_Primitive">
          <methods>
            <method branch-rate="NaN" line-rate="1" name="test_method_setup_1" signature="test_method_setup_1(testcase)">
              <lines>
                <line hits="6" number="17"/>
                <line hits="6" number="18"/>
                <line hits="3" number="20"/>
                <line hits="3" number="23"/>
              </lines>
            </method>
            <method branch-rate="NaN" line-rate="1" name="MQC_BatteryHV_Primitive_params_1" signature="MQC_BatteryHV_Primitive_params_1(~)">
              <lines>
                <line hits="1" number="36"/>
              </lines>
            </method>
            <method branch-rate="NaN" line-rate="1" name="MQC_BatteryHV_useRefsub_Primitive_1" signature="MQC_BatteryHV_useRefsub_Primitive_1(~)">
              <lines>
                <line hits="1" number="40"/>
                <line hits="1" number="41"/>
              </lines>
            </method>
            <method branch-rate="NaN" line-rate="1" name="test_sim_ends_within_10_seconds" signature="test_sim_ends_within_10_seconds(testcase)">
              <lines>
                <line hits="1" number="47"/>
                <line hits="1" number="48"/>
                <line hits="1" number="51"/>
                <line hits="1" number="52"/>
                <line hits="1" number="53"/>
                <line hits="1" number="54"/>
                <line hits="1" number="55"/>
                <line hits="1" number="57"/>
              </lines>
            </method>
          </methods>
          <lines>
            <line hits="6" number="17"/>
            <line hits="6" number="18"/>
            <line hits="3" number="20"/>
            <line hits="3" number="23"/>
            <line hits="1" number="36"/>
            <line hits="1" number="40"/>
            <line hits="1" number="41"/>
            <line hits="1" number="47"/>
            <line hits="1" number="48"/>
            <line hits="1" number="51"/>
            <line hits="1" number="52"/>
            <line hits="1" number="53"/>
            <line hits="1" number="54"/>
            <line hits="1" number="55"/>
            <line hits="1" number="57"/>
          </lines>
        </class>
        <class branch-rate="NaN" complexity="NaN" filename="BatteryHV_useRefsub_Primitive.m" line-rate="1" name="BatteryHV_useRefsub_Primitive">
          <methods/>
          <lines>
            <line hits="6" number="6"/>
            <line hits="6" number="8"/>
            <line hits="2" number="9"/>
            <line hits="6" number="12"/>
            <line hits="6" number="13"/>
            <line hits="6" number="14"/>
            <line hits="6" number="15"/>
            <line hits="6" number="16"/>
          </lines>
        </class>
        <class branch-rate="NaN" complexity="NaN" filename="SimulationCases\BatteryHV_Primitive_Charge.m" line-rate="1" name="BatteryHV_Primitive_Charge">
          <methods/>
          <lines>
            <line hits="1" number="3"/>
            <line hits="1" number="4"/>
            <line hits="1" number="7"/>
            <line hits="1" number="10"/>
            <line hits="1" number="12"/>
            <line hits="1" number="13"/>
            <line hits="1" number="14"/>
            <line hits="1" number="15"/>
            <line hits="1" number="17"/>
            <line hits="1" number="21"/>
            <line hits="1" number="22"/>
          </lines>
        </class>
        <class branch-rate="NaN" complexity="NaN" filename="SimulationCases\BatteryHV_Primitive_Constant.m" line-rate="1" name="BatteryHV_Primitive_Constant">
          <methods/>
          <lines>
            <line hits="1" number="4"/>
            <line hits="1" number="5"/>
            <line hits="1" number="8"/>
            <line hits="1" number="11"/>
            <line hits="1" number="13"/>
            <line hits="1" number="14"/>
            <line hits="1" number="16"/>
            <line hits="1" number="20"/>
            <line hits="1" number="21"/>
          </lines>
        </class>
        <class branch-rate="NaN" complexity="NaN" filename="SimulationCases\BatteryHV_Primitive_Discharge.m" line-rate="1" name="BatteryHV_Primitive_Discharge">
          <methods/>
          <lines>
            <line hits="1" number="3"/>
            <line hits="1" number="4"/>
            <line hits="1" number="7"/>
            <line hits="1" number="10"/>
            <line hits="1" number="12"/>
            <line hits="1" number="13"/>
            <line hits="1" number="14"/>
            <line hits="1" number="15"/>
            <line hits="1" number="17"/>
            <line hits="1" number="21"/>
            <line hits="1" number="22"/>
          </lines>
        </class>
        <class branch-rate="NaN" complexity="NaN" filename="SimulationCases\BatteryHV_Primitive_Random.m" line-rate="1" name="BatteryHV_Primitive_Random">
          <methods/>
          <lines>
            <line hits="1" number="3"/>
            <line hits="1" number="4"/>
            <line hits="1" number="7"/>
            <line hits="1" number="10"/>
            <line hits="1" number="12"/>
            <line hits="1" number="13"/>
            <line hits="1" number="14"/>
            <line hits="1" number="15"/>
            <line hits="1" number="17"/>
            <line hits="1" number="21"/>
            <line hits="1" number="22"/>
          </lines>
        </class>
        <class branch-rate="NaN" complexity="NaN" filename="SimulationCases\BatteryHV_test_Primitive_SimulationCases.m" line-rate="1" name="BatteryHV_test_Primitive_SimulationCases">
          <methods>
            <method branch-rate="NaN" line-rate="1" name="test_method_setup_1" signature="test_method_setup_1(testcase)">
              <lines>
                <line hits="10" number="17"/>
                <line hits="10" number="18"/>
                <line hits="5" number="20"/>
                <line hits="5" number="23"/>
              </lines>
            </method>
            <method branch-rate="NaN" line-rate="1" name="MQC_Charge_1" signature="MQC_Charge_1(~)">
              <lines>
                <line hits="1" number="36"/>
              </lines>
            </method>
            <method branch-rate="NaN" line-rate="1" name="MQC_Constant_1" signature="MQC_Constant_1(~)">
              <lines>
                <line hits="1" number="40"/>
              </lines>
            </method>
            <method branch-rate="NaN" line-rate="1" name="MQC_Discharge_1" signature="MQC_Discharge_1(~)">
              <lines>
                <line hits="1" number="44"/>
              </lines>
            </method>
            <method branch-rate="NaN" line-rate="1" name="MQC_Random_1" signature="MQC_Random_1(~)">
              <lines>
                <line hits="1" number="48"/>
              </lines>
            </method>
            <method branch-rate="NaN" line-rate="1" name="check_markdowns" signature="check_markdowns(testcase)">
              <lines>
                <line hits="1" number="55"/>
                <line hits="1" number="56"/>
                <line hits="1" number="57"/>
                <line hits="1" number="58"/>
                <line hits="1" number="60"/>
              </lines>
            </method>
          </methods>
          <lines>
            <line hits="10" number="17"/>
            <line hits="10" number="18"/>
            <line hits="5" number="20"/>
            <line hits="5" number="23"/>
            <line hits="1" number="36"/>
            <line hits="1" number="40"/>
            <line hits="1" number="44"/>
            <line hits="1" number="48"/>
            <line hits="1" number="55"/>
            <line hits="1" number="56"/>
            <line hits="1" number="57"/>
            <line hits="1" number="58"/>
            <line hits="1" number="60"/>
          </lines>
        </class>
        <class branch-rate="NaN" complexity="NaN" filename="buildfile.m" line-rate="0" name="buildfile">
          <methods/>
          <lines>
            <line hits="0" number="10"/>
            <line hits="0" number="11"/>
            <line hits="0" number="12"/>
            <line hits="0" number="13"/>
            <line hits="0" number="14"/>
            <line hits="0" number="15"/>
            <line hits="0" number="16"/>
            <line hits="0" number="17"/>
            <line hits="0" number="18"/>
            <line hits="0" number="20"/>
            <line hits="0" number="21"/>
            <line hits="0" number="22"/>
            <line hits="0" number="23"/>
            <line hits="0" number="24"/>
            <line hits="0" number="25"/>
            <line hits="0" number="26"/>
            <line hits="0" number="27"/>
            <line hits="0" number="28"/>
            <line hits="0" number="29"/>
            <line hits="0" number="30"/>
          </lines>
        </class>
      </classes>
    </package>
  </packages>
</coverage>
