<?xml version="1.0" encoding="UTF-8" standalone="no" ?>
<testsuites>
  <testsuite errors="0" failures="0" name="BatteryHV_test_Primitive" skipped="0" tests="3" time="2.5995">
    <testcase classname="BatteryHV_test_Primitive" name="MQC_BatteryHV_Primitive_params_1" time="0.027374"/>
    <testcase classname="BatteryHV_test_Primitive" name="MQC_BatteryHV_useRefsub_Primitive_1" time="0.39023"/>
    <testcase classname="BatteryHV_test_Primitive" name="test_sim_ends_within_10_seconds" time="2.1819"/>
  </testsuite>
  <testsuite errors="0" failures="0" name="BatteryHV_test_Primitive_SimulationCases" skipped="0" tests="5" time="14.2936">
    <testcase classname="BatteryHV_test_Primitive_SimulationCases" name="MQC_Charge_1" time="4.322"/>
    <testcase classname="BatteryHV_test_Primitive_SimulationCases" name="MQC_Constant_1" time="3.7767"/>
    <testcase classname="BatteryHV_test_Primitive_SimulationCases" name="MQC_Discharge_1" time="3.1942"/>
    <testcase classname="BatteryHV_test_Primitive_SimulationCases" name="MQC_Random_1" time="2.6657"/>
    <testcase classname="BatteryHV_test_Primitive_SimulationCases" name="check_markdowns" time="0.33488"/>
  </testsuite>
</testsuites>
