<?xml version="1.0" encoding="UTF-8" standalone="no" ?>
<coverage branch-rate="NaN" branches-covered="NaN" branches-valid="NaN" complexity="NaN" line-rate="0.65355" lines-covered="5678" lines-valid="8688" timestamp="1750680251.3709" version="">
  <sources>
    <source>C:\local\gh-isaacito12-bev\bev25a\</source>
  </sources>
  <packages>
    <package branch-rate="NaN" complexity="NaN" line-rate="0.6997" name="">
      <classes>
        <class branch-rate="NaN" complexity="NaN" filename="BEV\BEV_main_script.m" line-rate="0" name="BEV_main_script">
          <methods/>
          <lines>
            <line hits="0" number="11"/>
            <line hits="0" number="14"/>
            <line hits="0" number="17"/>
            <line hits="0" number="19"/>
            <line hits="0" number="20"/>
            <line hits="0" number="21"/>
            <line hits="0" number="22"/>
            <line hits="0" number="23"/>
            <line hits="0" number="27"/>
            <line hits="0" number="28"/>
            <line hits="0" number="29"/>
            <line hits="0" number="31"/>
            <line hits="0" number="32"/>
            <line hits="0" number="33"/>
            <line hits="0" number="37"/>
            <line hits="0" number="40"/>
            <line hits="0" number="45"/>
            <line hits="0" number="46"/>
            <line hits="0" number="47"/>
            <line hits="0" number="50"/>
            <line hits="0" number="53"/>
            <line hits="0" number="55"/>
            <line hits="0" number="57"/>
            <line hits="0" number="58"/>
            <line hits="0" number="59"/>
            <line hits="0" number="62"/>
            <line hits="0" number="63"/>
            <line hits="0" number="64"/>
            <line hits="0" number="69"/>
            <line hits="0" number="70"/>
            <line hits="0" number="71"/>
            <line hits="0" number="74"/>
            <line hits="0" number="77"/>
            <line hits="0" number="80"/>
            <line hits="0" number="82"/>
            <line hits="0" number="83"/>
            <line hits="0" number="84"/>
            <line hits="0" number="85"/>
            <line hits="0" number="90"/>
            <line hits="0" number="91"/>
            <line hits="0" number="93"/>
            <line hits="0" number="94"/>
            <line hits="0" number="95"/>
            <line hits="0" number="99"/>
            <line hits="0" number="101"/>
            <line hits="0" number="102"/>
            <line hits="0" number="104"/>
            <line hits="0" number="105"/>
            <line hits="0" number="106"/>
            <line hits="0" number="107"/>
            <line hits="0" number="108"/>
            <line hits="0" number="109"/>
            <line hits="0" number="110"/>
            <line hits="0" number="112"/>
            <line hits="0" number="113"/>
            <line hits="0" number="115"/>
            <line hits="0" number="116"/>
            <line hits="0" number="117"/>
            <line hits="0" number="118"/>
            <line hits="0" number="119"/>
            <line hits="0" number="120"/>
          </lines>
        </class>
        <class branch-rate="NaN" complexity="NaN" filename="BEV\BEV_setup.m" line-rate="1" name="BEV_setup">
          <methods/>
          <lines>
            <line hits="5" number="14"/>
            <line hits="5" number="15"/>
            <line hits="5" number="19"/>
            <line hits="5" number="20"/>
            <line hits="5" number="22"/>
            <line hits="5" number="23"/>
            <line hits="5" number="24"/>
            <line hits="5" number="25"/>
            <line hits="5" number="27"/>
            <line hits="5" number="28"/>
            <line hits="5" number="32"/>
            <line hits="5" number="34"/>
            <line hits="5" number="36"/>
            <line hits="5" number="37"/>
            <line hits="5" number="38"/>
            <line hits="5" number="39"/>
            <line hits="5" number="40"/>
            <line hits="5" number="42"/>
            <line hits="5" number="44"/>
            <line hits="5" number="47"/>
            <line hits="5" number="48"/>
            <line hits="5" number="53"/>
            <line hits="5" number="54"/>
            <line hits="5" number="55"/>
            <line hits="5" number="56"/>
            <line hits="5" number="57"/>
            <line hits="5" number="61"/>
            <line hits="5" number="63"/>
            <line hits="5" number="64"/>
            <line hits="5" number="66"/>
            <line hits="5" number="67"/>
            <line hits="5" number="71"/>
            <line hits="5" number="72"/>
            <line hits="5" number="73"/>
            <line hits="5" number="75"/>
            <line hits="5" number="76"/>
            <line hits="5" number="79"/>
            <line hits="5" number="80"/>
            <line hits="5" number="81"/>
            <line hits="5" number="82"/>
            <line hits="5" number="83"/>
            <line hits="5" number="85"/>
            <line hits="5" number="86"/>
            <line hits="5" number="88"/>
            <line hits="5" number="92"/>
            <line hits="5" number="94"/>
            <line hits="5" number="95"/>
            <line hits="5" number="97"/>
            <line hits="5" number="98"/>
            <line hits="5" number="102"/>
            <line hits="5" number="104"/>
            <line hits="5" number="106"/>
            <line hits="5" number="111"/>
            <line hits="5" number="112"/>
            <line hits="5" number="115"/>
            <line hits="5" number="116"/>
            <line hits="5" number="119"/>
            <line hits="5" number="123"/>
            <line hits="5" number="124"/>
            <line hits="5" number="125"/>
            <line hits="5" number="127"/>
            <line hits="5" number="128"/>
            <line hits="5" number="129"/>
            <line hits="5" number="130"/>
            <line hits="5" number="131"/>
            <line hits="5" number="133"/>
            <line hits="5" number="135"/>
            <line hits="5" number="137"/>
            <line hits="5" number="138"/>
          </lines>
        </class>
        <class branch-rate="NaN" complexity="NaN" filename="BEV\Model-Basic\BEV_useBasic.m" line-rate="1" name="BEV_useBasic">
          <methods/>
          <lines>
            <line hits="5" number="9"/>
            <line hits="5" number="10"/>
            <line hits="5" number="13"/>
            <line hits="5" number="15"/>
            <line hits="1" number="16"/>
            <line hits="5" number="19"/>
            <line hits="5" number="20"/>
            <line hits="25" number="24"/>
            <line hits="25" number="25"/>
            <line hits="25" number="27"/>
            <line hits="5" number="30"/>
            <line hits="5" number="31"/>
            <line hits="5" number="33"/>
            <line hits="5" number="34"/>
            <line hits="5" number="36"/>
            <line hits="5" number="37"/>
            <line hits="5" number="39"/>
            <line hits="5" number="40"/>
            <line hits="5" number="42"/>
            <line hits="5" number="43"/>
          </lines>
        </class>
        <class branch-rate="NaN" complexity="NaN" filename="BEV\Model-Basic\SimulationCases\BEV_Basic_Constant.m" line-rate="1" name="BEV_Basic_Constant">
          <methods/>
          <lines>
            <line hits="1" number="2"/>
            <line hits="1" number="3"/>
            <line hits="1" number="4"/>
            <line hits="1" number="5"/>
            <line hits="1" number="6"/>
            <line hits="1" number="7"/>
            <line hits="1" number="8"/>
            <line hits="1" number="9"/>
            <line hits="1" number="10"/>
          </lines>
        </class>
        <class branch-rate="NaN" complexity="NaN" filename="BEV\Model-Basic\SimulationCases\BEV_Basic_FTP75.m" line-rate="1" name="BEV_Basic_FTP75">
          <methods/>
          <lines>
            <line hits="1" number="2"/>
            <line hits="1" number="3"/>
            <line hits="1" number="4"/>
            <line hits="1" number="5"/>
            <line hits="1" number="6"/>
            <line hits="1" number="7"/>
            <line hits="1" number="8"/>
            <line hits="1" number="9"/>
            <line hits="1" number="10"/>
          </lines>
        </class>
        <class branch-rate="NaN" complexity="NaN" filename="BEV\Model-Basic\SimulationCases\BEV_Basic_HighSpeed.m" line-rate="1" name="BEV_Basic_HighSpeed">
          <methods/>
          <lines>
            <line hits="1" number="2"/>
            <line hits="1" number="3"/>
            <line hits="1" number="4"/>
            <line hits="1" number="5"/>
            <line hits="1" number="6"/>
            <line hits="1" number="7"/>
            <line hits="1" number="8"/>
            <line hits="1" number="9"/>
            <line hits="1" number="10"/>
          </lines>
        </class>
        <class branch-rate="NaN" complexity="NaN" filename="BEV\Model-Basic\SimulationCases\BEV_Basic_SimpleDrivePattern.m" line-rate="1" name="BEV_Basic_SimpleDrivePattern">
          <methods/>
          <lines>
            <line hits="1" number="2"/>
            <line hits="1" number="3"/>
            <line hits="1" number="4"/>
            <line hits="1" number="5"/>
            <line hits="1" number="6"/>
            <line hits="1" number="7"/>
            <line hits="1" number="8"/>
            <line hits="1" number="9"/>
            <line hits="1" number="10"/>
          </lines>
        </class>
        <class branch-rate="NaN" complexity="NaN" filename="BEV\Model-Basic\SimulationCases\BEV_Basic_generateMarkdown.m" line-rate="1" name="BEV_Basic_generateMarkdown">
          <methods/>
          <lines>
            <line hits="1" number="7"/>
            <line hits="1" number="10"/>
            <line hits="1" number="11"/>
            <line hits="1" number="12"/>
            <line hits="1" number="13"/>
          </lines>
        </class>
        <class branch-rate="NaN" complexity="NaN" filename="BEV\Model-Basic\Test\BEV_Basic_passing_test.m" line-rate="1" name="BEV_Basic_passing_test">
          <methods>
            <method branch-rate="NaN" line-rate="1" name="test_method_setup_1" signature="test_method_setup_1(testcase)">
              <lines>
                <line hits="10" number="26"/>
                <line hits="10" number="27"/>
                <line hits="5" number="29"/>
                <line hits="5" number="32"/>
              </lines>
            </method>
            <method branch-rate="NaN" line-rate="1" name="MQC_BEV_useBasic_1" signature="MQC_BEV_useBasic_1(~)">
              <lines>
                <line hits="1" number="46"/>
              </lines>
            </method>
            <method branch-rate="NaN" line-rate="1" name="MQC_BEV_Basic_Constant_1" signature="MQC_BEV_Basic_Constant_1(~)">
              <lines>
                <line hits="1" number="50"/>
              </lines>
            </method>
            <method branch-rate="NaN" line-rate="1" name="MQC_BEV_Basic_SimpleDrivePattern_1" signature="MQC_BEV_Basic_SimpleDrivePattern_1(~)">
              <lines>
                <line hits="1" number="54"/>
              </lines>
            </method>
            <method branch-rate="NaN" line-rate="1" name="MQC_BEV_Basic_HighSpeed_1" signature="MQC_BEV_Basic_HighSpeed_1(~)">
              <lines>
                <line hits="1" number="58"/>
              </lines>
            </method>
            <method branch-rate="NaN" line-rate="1" name="MQC_BEV_Basic_FTP75_1" signature="MQC_BEV_Basic_FTP75_1(~)">
              <lines>
                <line hits="1" number="62"/>
              </lines>
            </method>
          </methods>
          <lines>
            <line hits="10" number="26"/>
            <line hits="10" number="27"/>
            <line hits="5" number="29"/>
            <line hits="5" number="32"/>
            <line hits="1" number="46"/>
            <line hits="1" number="50"/>
            <line hits="1" number="54"/>
            <line hits="1" number="58"/>
            <line hits="1" number="62"/>
          </lines>
        </class>
        <class branch-rate="NaN" complexity="NaN" filename="BEV\Model-Basic\Test\BEV_Basic_test.m" line-rate="1" name="BEV_Basic_test">
          <methods>
            <method branch-rate="NaN" line-rate="1" name="test_method_setup_1" signature="test_method_setup_1(testcase)">
              <lines>
                <line hits="2" number="22"/>
                <line hits="2" number="23"/>
                <line hits="1" number="25"/>
                <line hits="1" number="28"/>
              </lines>
            </method>
            <method branch-rate="NaN" line-rate="1" name="test_BEV_Basic_generateMarkdown_1" signature="test_BEV_Basic_generateMarkdown_1(testcase)">
              <lines>
                <line hits="1" number="40"/>
                <line hits="1" number="41"/>
              </lines>
            </method>
          </methods>
          <lines>
            <line hits="2" number="22"/>
            <line hits="2" number="23"/>
            <line hits="1" number="25"/>
            <line hits="1" number="28"/>
            <line hits="1" number="40"/>
            <line hits="1" number="41"/>
          </lines>
        </class>
        <class branch-rate="NaN" complexity="NaN" filename="BEV\Model-Thermal\BEV_useThermal.m" line-rate="0" name="BEV_useThermal">
          <methods/>
          <lines>
            <line hits="0" number="8"/>
            <line hits="0" number="9"/>
            <line hits="0" number="12"/>
            <line hits="0" number="14"/>
            <line hits="0" number="15"/>
            <line hits="0" number="18"/>
            <line hits="0" number="19"/>
            <line hits="0" number="23"/>
            <line hits="0" number="24"/>
            <line hits="0" number="26"/>
            <line hits="0" number="29"/>
            <line hits="0" number="30"/>
            <line hits="0" number="32"/>
            <line hits="0" number="33"/>
            <line hits="0" number="35"/>
            <line hits="0" number="36"/>
            <line hits="0" number="38"/>
            <line hits="0" number="39"/>
            <line hits="0" number="41"/>
            <line hits="0" number="42"/>
          </lines>
        </class>
        <class branch-rate="NaN" complexity="NaN" filename="BEV\Model-Thermal\SimulationCases\BEV_Thermal_Constant.m" line-rate="0" name="BEV_Thermal_Constant">
          <methods/>
          <lines>
            <line hits="0" number="2"/>
            <line hits="0" number="3"/>
            <line hits="0" number="4"/>
            <line hits="0" number="5"/>
            <line hits="0" number="6"/>
            <line hits="0" number="7"/>
            <line hits="0" number="8"/>
            <line hits="0" number="9"/>
            <line hits="0" number="10"/>
          </lines>
        </class>
        <class branch-rate="NaN" complexity="NaN" filename="BEV\Model-Thermal\SimulationCases\BEV_Thermal_FTP75.m" line-rate="0" name="BEV_Thermal_FTP75">
          <methods/>
          <lines>
            <line hits="0" number="2"/>
            <line hits="0" number="3"/>
            <line hits="0" number="4"/>
            <line hits="0" number="5"/>
            <line hits="0" number="6"/>
            <line hits="0" number="7"/>
            <line hits="0" number="8"/>
            <line hits="0" number="9"/>
            <line hits="0" number="10"/>
          </lines>
        </class>
        <class branch-rate="NaN" complexity="NaN" filename="BEV\Model-Thermal\SimulationCases\BEV_Thermal_SimpleDrivePattern.m" line-rate="0" name="BEV_Thermal_SimpleDrivePattern">
          <methods/>
          <lines>
            <line hits="0" number="2"/>
            <line hits="0" number="3"/>
            <line hits="0" number="4"/>
            <line hits="0" number="5"/>
            <line hits="0" number="6"/>
            <line hits="0" number="7"/>
            <line hits="0" number="8"/>
            <line hits="0" number="9"/>
            <line hits="0" number="10"/>
          </lines>
        </class>
        <class branch-rate="NaN" complexity="NaN" filename="BEV\Model-Thermal\SimulationCases\BEV_Thermal_generateMarkdown.m" line-rate="0" name="BEV_Thermal_generateMarkdown">
          <methods/>
          <lines>
            <line hits="0" number="7"/>
            <line hits="0" number="10"/>
            <line hits="0" number="11"/>
            <line hits="0" number="12"/>
            <line hits="0" number="13"/>
          </lines>
        </class>
        <class branch-rate="NaN" complexity="NaN" filename="BEV\Utility\BEV_ResultsCompactPlot.m" line-rate="0.6789" name="BEV_ResultsCompactPlot">
          <methods/>
          <lines>
            <line hits="0" number="9"/>
            <line hits="0" number="14"/>
            <line hits="0" number="15"/>
            <line hits="0" number="16"/>
            <line hits="0" number="17"/>
            <line hits="0" number="18"/>
            <line hits="0" number="19"/>
            <line hits="0" number="20"/>
            <line hits="0" number="21"/>
            <line hits="0" number="22"/>
            <line hits="0" number="23"/>
            <line hits="0" number="24"/>
            <line hits="0" number="27"/>
            <line hits="4" number="35"/>
            <line hits="0" number="36"/>
            <line hits="4" number="38"/>
            <line hits="4" number="39"/>
            <line hits="4" number="42"/>
            <line hits="4" number="44"/>
            <line hits="4" number="46"/>
            <line hits="0" number="48"/>
            <line hits="4" number="51"/>
            <line hits="4" number="54"/>
            <line hits="4" number="55"/>
            <line hits="4" number="56"/>
            <line hits="4" number="58"/>
            <line hits="4" number="60"/>
            <line hits="4" number="61"/>
            <line hits="4" number="62"/>
            <line hits="4" number="63"/>
            <line hits="4" number="64"/>
            <line hits="4" number="65"/>
            <line hits="4" number="66"/>
            <line hits="4" number="67"/>
            <line hits="4" number="68"/>
            <line hits="4" number="69"/>
            <line hits="4" number="70"/>
            <line hits="4" number="72"/>
            <line hits="4" number="74"/>
            <line hits="4" number="75"/>
            <line hits="4" number="76"/>
            <line hits="4" number="77"/>
            <line hits="4" number="78"/>
            <line hits="4" number="79"/>
            <line hits="4" number="80"/>
            <line hits="4" number="81"/>
            <line hits="4" number="82"/>
            <line hits="4" number="84"/>
            <line hits="4" number="86"/>
            <line hits="4" number="87"/>
            <line hits="4" number="88"/>
            <line hits="4" number="89"/>
            <line hits="4" number="90"/>
            <line hits="4" number="91"/>
            <line hits="4" number="92"/>
            <line hits="4" number="93"/>
            <line hits="4" number="94"/>
            <line hits="4" number="96"/>
            <line hits="0" number="97"/>
            <line hits="0" number="99"/>
            <line hits="0" number="100"/>
            <line hits="0" number="101"/>
            <line hits="0" number="102"/>
            <line hits="0" number="103"/>
            <line hits="0" number="104"/>
            <line hits="0" number="105"/>
            <line hits="0" number="106"/>
            <line hits="0" number="107"/>
            <line hits="4" number="112"/>
            <line hits="4" number="114"/>
            <line hits="4" number="115"/>
            <line hits="4" number="116"/>
            <line hits="4" number="117"/>
            <line hits="4" number="118"/>
            <line hits="4" number="119"/>
            <line hits="4" number="120"/>
            <line hits="4" number="121"/>
            <line hits="4" number="122"/>
            <line hits="4" number="124"/>
            <line hits="4" number="126"/>
            <line hits="4" number="127"/>
            <line hits="4" number="128"/>
            <line hits="4" number="129"/>
            <line hits="4" number="130"/>
            <line hits="4" number="131"/>
            <line hits="4" number="132"/>
            <line hits="4" number="133"/>
            <line hits="4" number="134"/>
            <line hits="4" number="136"/>
            <line hits="4" number="138"/>
            <line hits="4" number="139"/>
            <line hits="4" number="140"/>
            <line hits="4" number="141"/>
            <line hits="4" number="142"/>
            <line hits="4" number="143"/>
            <line hits="4" number="144"/>
            <line hits="4" number="145"/>
            <line hits="4" number="146"/>
            <line hits="4" number="148"/>
            <line hits="0" number="149"/>
            <line hits="0" number="151"/>
            <line hits="0" number="152"/>
            <line hits="0" number="153"/>
            <line hits="0" number="154"/>
            <line hits="0" number="155"/>
            <line hits="0" number="156"/>
            <line hits="0" number="157"/>
            <line hits="0" number="158"/>
            <line hits="0" number="159"/>
          </lines>
        </class>
        <class branch-rate="NaN" complexity="NaN" filename="BEV\Utility\BEV_generateMarkdown.m" line-rate="0" name="BEV_generateMarkdown">
          <methods/>
          <lines>
            <line hits="0" number="6"/>
            <line hits="0" number="7"/>
            <line hits="0" number="8"/>
            <line hits="0" number="9"/>
            <line hits="0" number="10"/>
            <line hits="0" number="11"/>
          </lines>
        </class>
        <class branch-rate="NaN" complexity="NaN" filename="BEV\Utility\BEV_getMotorSpeedFromVehicleSpeed.m" line-rate="0" name="BEV_getMotorSpeedFromVehicleSpeed">
          <methods/>
          <lines>
            <line hits="0" number="7"/>
            <line hits="0" number="8"/>
            <line hits="0" number="9"/>
            <line hits="0" number="12"/>
            <line hits="0" number="13"/>
            <line hits="0" number="14"/>
            <line hits="0" number="16"/>
            <line hits="0" number="18"/>
            <line hits="0" number="20"/>
            <line hits="0" number="22"/>
          </lines>
        </class>
        <class branch-rate="NaN" complexity="NaN" filename="BEV\Utility\BEV_takeScreenshots.m" line-rate="0" name="BEV_takeScreenshots">
          <methods/>
          <lines>
            <line hits="0" number="6"/>
            <line hits="0" number="7"/>
            <line hits="0" number="10"/>
            <line hits="0" number="12"/>
            <line hits="0" number="13"/>
            <line hits="0" number="18"/>
            <line hits="0" number="21"/>
            <line hits="0" number="22"/>
            <line hits="0" number="23"/>
            <line hits="0" number="24"/>
          </lines>
        </class>
        <class branch-rate="NaN" complexity="NaN" filename="Components\BEVController\BEVController_refsub_Basic_params.m" line-rate="1" name="BEVController_refsub_Basic_params">
          <methods/>
          <lines>
            <line hits="12" number="10"/>
            <line hits="12" number="11"/>
            <line hits="12" number="17"/>
            <line hits="12" number="18"/>
            <line hits="12" number="21"/>
          </lines>
        </class>
        <class branch-rate="NaN" complexity="NaN" filename="Components\BEVController\Harness\BEVController_harness_setup.m" line-rate="1" name="BEVController_harness_setup">
          <methods/>
          <lines>
            <line hits="6" number="8"/>
          </lines>
        </class>
        <class branch-rate="NaN" complexity="NaN" filename="Components\BEVController\SimulationCases\BEVController_Case.mlx" line-rate="1" name="BEVController_Case">
          <methods/>
          <lines>
            <line hits="2" number="1"/>
            <line hits="2" number="2"/>
            <line hits="2" number="3"/>
            <line hits="2" number="5"/>
            <line hits="2" number="6"/>
            <line hits="2" number="7"/>
            <line hits="2" number="8"/>
            <line hits="2" number="9"/>
            <line hits="2" number="10"/>
            <line hits="2" number="11"/>
            <line hits="2" number="12"/>
            <line hits="2" number="13"/>
            <line hits="2" number="14"/>
            <line hits="2" number="15"/>
            <line hits="2" number="16"/>
            <line hits="2" number="17"/>
          </lines>
        </class>
        <class branch-rate="NaN" complexity="NaN" filename="Components\BEVController\SimulationCases\BEVController_Case_test.m" line-rate="1" name="BEVController_Case_test">
          <methods>
            <method branch-rate="NaN" line-rate="1" name="MQC_Charge_1" signature="MQC_Charge_1(~)">
              <lines>
                <line hits="1" number="28"/>
              </lines>
            </method>
            <method branch-rate="NaN" line-rate="1" name="TestSetup" signature="TestSetup(testcase)">
              <lines>
                <line hits="1" number="39"/>
                <line hits="1" number="40"/>
                <line hits="1" number="46"/>
                <line hits="1" number="49"/>
                <line hits="1" number="50"/>
              </lines>
            </method>
          </methods>
          <lines>
            <line hits="1" number="28"/>
            <line hits="1" number="39"/>
            <line hits="1" number="40"/>
            <line hits="1" number="46"/>
            <line hits="1" number="49"/>
            <line hits="1" number="50"/>
          </lines>
        </class>
        <class branch-rate="NaN" complexity="NaN" filename="Components\BEVController\Test\BEVController_UnitTest_MQC.m" line-rate="1" name="BEVController_UnitTest_MQC">
          <methods>
            <method branch-rate="NaN" line-rate="1" name="TestSetup" signature="TestSetup(testcase)">
              <lines>
                <line hits="8" number="16"/>
                <line hits="8" number="17"/>
                <line hits="4" number="19"/>
                <line hits="4" number="22"/>
              </lines>
            </method>
            <method branch-rate="NaN" line-rate="1" name="MQC_Harness_1" signature="MQC_Harness_1(~)">
              <lines>
                <line hits="1" number="32"/>
                <line hits="1" number="33"/>
                <line hits="1" number="34"/>
              </lines>
            </method>
            <method branch-rate="NaN" line-rate="1" name="MQC_Harness_2" signature="MQC_Harness_2(~)">
              <lines>
                <line hits="1" number="38"/>
              </lines>
            </method>
            <method branch-rate="NaN" line-rate="1" name="MQC_SimulationCase_1" signature="MQC_SimulationCase_1(~)">
              <lines>
                <line hits="1" number="44"/>
              </lines>
            </method>
            <method branch-rate="NaN" line-rate="1" name="MQC_TopFolder_1" signature="MQC_TopFolder_1(~)">
              <lines>
                <line hits="1" number="50"/>
              </lines>
            </method>
          </methods>
          <lines>
            <line hits="8" number="16"/>
            <line hits="8" number="17"/>
            <line hits="4" number="19"/>
            <line hits="4" number="22"/>
            <line hits="1" number="32"/>
            <line hits="1" number="33"/>
            <line hits="1" number="34"/>
            <line hits="1" number="38"/>
            <line hits="1" number="44"/>
            <line hits="1" number="50"/>
          </lines>
        </class>
        <class branch-rate="NaN" complexity="NaN" filename="Components\BEVController\Test\BEVController_runtests.m" line-rate="0" name="BEVController_runtests">
          <methods/>
          <lines>
            <line hits="0" number="7"/>
            <line hits="0" number="8"/>
            <line hits="0" number="10"/>
            <line hits="0" number="12"/>
            <line hits="0" number="13"/>
            <line hits="0" number="17"/>
            <line hits="0" number="18"/>
            <line hits="0" number="20"/>
            <line hits="0" number="22"/>
            <line hits="0" number="23"/>
            <line hits="0" number="28"/>
            <line hits="0" number="30"/>
            <line hits="0" number="31"/>
            <line hits="0" number="33"/>
            <line hits="0" number="37"/>
            <line hits="0" number="38"/>
            <line hits="0" number="39"/>
            <line hits="0" number="42"/>
            <line hits="0" number="44"/>
            <line hits="0" number="45"/>
            <line hits="0" number="46"/>
            <line hits="0" number="48"/>
            <line hits="0" number="49"/>
            <line hits="0" number="50"/>
            <line hits="0" number="52"/>
            <line hits="0" number="54"/>
            <line hits="0" number="55"/>
            <line hits="0" number="56"/>
            <line hits="0" number="58"/>
            <line hits="0" number="61"/>
            <line hits="0" number="62"/>
          </lines>
        </class>
        <class branch-rate="NaN" complexity="NaN" filename="Components\BEVController\Utility\Configuration\BEVController_useRefsub.m" line-rate="0" name="BEVController_useRefsub">
          <methods/>
          <lines>
            <line hits="0" number="8"/>
            <line hits="0" number="9"/>
            <line hits="0" number="11"/>
            <line hits="0" number="12"/>
            <line hits="0" number="13"/>
            <line hits="0" number="16"/>
            <line hits="0" number="17"/>
            <line hits="0" number="19"/>
            <line hits="0" number="20"/>
            <line hits="0" number="21"/>
            <line hits="0" number="23"/>
            <line hits="0" number="25"/>
            <line hits="0" number="26"/>
            <line hits="0" number="29"/>
            <line hits="0" number="30"/>
            <line hits="0" number="31"/>
            <line hits="0" number="32"/>
          </lines>
        </class>
        <class branch-rate="NaN" complexity="NaN" filename="Components\BEVController\Utility\Configuration\BEVController_useRefsub_Basic.m" line-rate="0" name="BEVController_useRefsub_Basic">
          <methods/>
          <lines>
            <line hits="0" number="7"/>
            <line hits="0" number="8"/>
            <line hits="0" number="9"/>
            <line hits="0" number="10"/>
            <line hits="0" number="12"/>
            <line hits="0" number="13"/>
          </lines>
        </class>
        <class branch-rate="NaN" complexity="NaN" filename="Components\BEVController\Utility\LocalTasks\BEVController_generateMarkdown.m" line-rate="0" name="BEVController_generateMarkdown">
          <methods/>
          <lines>
            <line hits="0" number="6"/>
            <line hits="0" number="7"/>
            <line hits="0" number="8"/>
            <line hits="0" number="9"/>
            <line hits="0" number="10"/>
            <line hits="0" number="11"/>
            <line hits="0" number="12"/>
            <line hits="0" number="13"/>
          </lines>
        </class>
        <class branch-rate="NaN" complexity="NaN" filename="Components\BatteryHighVoltage\BatteryHV_main_script.mlx" line-rate="NaN" name="BatteryHV_main_script">
          <methods/>
          <lines/>
        </class>
        <class branch-rate="NaN" complexity="NaN" filename="Components\BatteryHighVoltage\BatteryHV_refsub_Basic_params.m" line-rate="1" name="BatteryHV_refsub_Basic_params">
          <methods/>
          <lines>
            <line hits="16" number="12"/>
            <line hits="16" number="16"/>
            <line hits="16" number="18"/>
            <line hits="16" number="20"/>
            <line hits="16" number="21"/>
            <line hits="16" number="22"/>
            <line hits="16" number="23"/>
            <line hits="16" number="24"/>
            <line hits="16" number="26"/>
            <line hits="16" number="30"/>
            <line hits="16" number="34"/>
            <line hits="16" number="36"/>
            <line hits="16" number="37"/>
            <line hits="16" number="38"/>
            <line hits="16" number="39"/>
            <line hits="16" number="40"/>
          </lines>
        </class>
        <class branch-rate="NaN" complexity="NaN" filename="Components\BatteryHighVoltage\BatteryHV_refsub_SystemSimple_params.m" line-rate="1" name="BatteryHV_refsub_SystemSimple_params">
          <methods/>
          <lines>
            <line hits="7" number="12"/>
            <line hits="7" number="16"/>
            <line hits="7" number="18"/>
            <line hits="7" number="20"/>
            <line hits="7" number="21"/>
            <line hits="7" number="22"/>
            <line hits="7" number="23"/>
            <line hits="7" number="24"/>
            <line hits="7" number="26"/>
            <line hits="7" number="29"/>
            <line hits="7" number="30"/>
            <line hits="7" number="32"/>
            <line hits="7" number="37"/>
            <line hits="7" number="39"/>
            <line hits="7" number="40"/>
            <line hits="7" number="42"/>
            <line hits="7" number="43"/>
            <line hits="7" number="47"/>
            <line hits="7" number="49"/>
            <line hits="7" number="50"/>
            <line hits="7" number="51"/>
            <line hits="7" number="52"/>
            <line hits="7" number="53"/>
            <line hits="7" number="55"/>
            <line hits="7" number="57"/>
          </lines>
        </class>
        <class branch-rate="NaN" complexity="NaN" filename="Components\BatteryHighVoltage\BatteryHV_refsub_SystemTable_params.m" line-rate="1" name="BatteryHV_refsub_SystemTable_params">
          <methods/>
          <lines>
            <line hits="10" number="12"/>
            <line hits="10" number="19"/>
            <line hits="10" number="21"/>
            <line hits="10" number="23"/>
            <line hits="10" number="24"/>
            <line hits="10" number="25"/>
            <line hits="10" number="26"/>
            <line hits="10" number="27"/>
            <line hits="10" number="31"/>
            <line hits="10" number="33"/>
            <line hits="10" number="34"/>
            <line hits="10" number="36"/>
            <line hits="10" number="42"/>
            <line hits="10" number="43"/>
            <line hits="10" number="46"/>
            <line hits="10" number="51"/>
            <line hits="10" number="52"/>
            <line hits="10" number="53"/>
            <line hits="10" number="54"/>
            <line hits="10" number="55"/>
            <line hits="10" number="60"/>
            <line hits="10" number="61"/>
            <line hits="10" number="62"/>
            <line hits="10" number="63"/>
            <line hits="10" number="64"/>
            <line hits="10" number="70"/>
            <line hits="10" number="72"/>
            <line hits="10" number="73"/>
            <line hits="10" number="74"/>
            <line hits="10" number="77"/>
            <line hits="10" number="80"/>
            <line hits="10" number="85"/>
            <line hits="10" number="86"/>
            <line hits="10" number="87"/>
            <line hits="10" number="89"/>
            <line hits="10" number="90"/>
            <line hits="10" number="94"/>
            <line hits="10" number="95"/>
            <line hits="10" number="97"/>
            <line hits="10" number="98"/>
            <line hits="10" number="99"/>
            <line hits="10" number="100"/>
            <line hits="10" number="101"/>
            <line hits="10" number="103"/>
            <line hits="10" number="105"/>
          </lines>
        </class>
        <class branch-rate="NaN" complexity="NaN" filename="Components\BatteryHighVoltage\BatteryHV_refsub_System_params.m" line-rate="1" name="BatteryHV_refsub_System_params">
          <methods/>
          <lines>
            <line hits="7" number="12"/>
            <line hits="7" number="16"/>
            <line hits="7" number="18"/>
            <line hits="7" number="20"/>
            <line hits="7" number="21"/>
            <line hits="7" number="22"/>
            <line hits="7" number="23"/>
            <line hits="7" number="24"/>
            <line hits="7" number="26"/>
            <line hits="7" number="28"/>
            <line hits="7" number="31"/>
            <line hits="7" number="32"/>
            <line hits="7" number="37"/>
            <line hits="7" number="38"/>
            <line hits="7" number="39"/>
            <line hits="7" number="40"/>
            <line hits="7" number="41"/>
            <line hits="7" number="46"/>
            <line hits="7" number="48"/>
            <line hits="7" number="49"/>
            <line hits="7" number="51"/>
            <line hits="7" number="52"/>
            <line hits="7" number="56"/>
            <line hits="7" number="58"/>
            <line hits="7" number="59"/>
            <line hits="7" number="60"/>
            <line hits="7" number="61"/>
            <line hits="7" number="62"/>
            <line hits="7" number="64"/>
            <line hits="7" number="66"/>
          </lines>
        </class>
        <class branch-rate="NaN" complexity="NaN" filename="Components\BatteryHighVoltage\BatteryHV_test.m" line-rate="1" name="BatteryHV_test">
          <methods>
            <method branch-rate="NaN" line-rate="1" name="TestSetup" signature="TestSetup(testcase)">
              <lines>
                <line hits="10" number="29"/>
                <line hits="10" number="30"/>
                <line hits="5" number="32"/>
                <line hits="5" number="35"/>
              </lines>
            </method>
            <method branch-rate="NaN" line-rate="1" name="MQC_setup_1" signature="MQC_setup_1(~)">
              <lines>
                <line hits="1" number="49"/>
              </lines>
            </method>
            <method branch-rate="NaN" line-rate="1" name="MQC_load_1" signature="MQC_load_1(testcase)">
              <lines>
                <line hits="1" number="53"/>
              </lines>
            </method>
            <method branch-rate="NaN" line-rate="1" name="MQC_sim_1" signature="MQC_sim_1(testcase)">
              <lines>
                <line hits="1" number="57"/>
                <line hits="1" number="58"/>
              </lines>
            </method>
            <method branch-rate="NaN" line-rate="1" name="MQC_main_script_1" signature="MQC_main_script_1(~)">
              <lines>
                <line hits="1" number="62"/>
              </lines>
            </method>
            <method branch-rate="NaN" line-rate="1" name="main_html_1" signature="main_html_1(testcase)">
              <lines>
                <line hits="1" number="69"/>
                <line hits="1" number="70"/>
                <line hits="1" number="71"/>
              </lines>
            </method>
          </methods>
          <lines>
            <line hits="10" number="29"/>
            <line hits="10" number="30"/>
            <line hits="5" number="32"/>
            <line hits="5" number="35"/>
            <line hits="1" number="49"/>
            <line hits="1" number="53"/>
            <line hits="1" number="57"/>
            <line hits="1" number="58"/>
            <line hits="1" number="62"/>
            <line hits="1" number="69"/>
            <line hits="1" number="70"/>
            <line hits="1" number="71"/>
          </lines>
        </class>
        <class branch-rate="NaN" complexity="NaN" filename="Components\BatteryHighVoltage\Harness\BatteryHV_harness_setup.m" line-rate="1" name="BatteryHV_harness_setup">
          <methods/>
          <lines>
            <line hits="49" number="17"/>
            <line hits="49" number="28"/>
            <line hits="49" number="30"/>
            <line hits="49" number="32"/>
            <line hits="49" number="33"/>
            <line hits="49" number="34"/>
            <line hits="49" number="35"/>
            <line hits="49" number="36"/>
            <line hits="49" number="40"/>
            <line hits="49" number="48"/>
            <line hits="49" number="49"/>
            <line hits="49" number="53"/>
            <line hits="49" number="62"/>
            <line hits="49" number="63"/>
            <line hits="49" number="64"/>
            <line hits="49" number="65"/>
            <line hits="49" number="66"/>
            <line hits="49" number="72"/>
            <line hits="49" number="73"/>
            <line hits="49" number="74"/>
            <line hits="49" number="81"/>
            <line hits="49" number="82"/>
            <line hits="49" number="85"/>
            <line hits="49" number="91"/>
            <line hits="49" number="92"/>
            <line hits="49" number="93"/>
            <line hits="49" number="94"/>
            <line hits="49" number="95"/>
            <line hits="49" number="100"/>
            <line hits="49" number="101"/>
            <line hits="49" number="102"/>
            <line hits="49" number="103"/>
            <line hits="49" number="104"/>
            <line hits="49" number="110"/>
            <line hits="49" number="112"/>
            <line hits="49" number="113"/>
            <line hits="49" number="114"/>
            <line hits="49" number="118"/>
            <line hits="49" number="122"/>
            <line hits="49" number="127"/>
            <line hits="49" number="129"/>
            <line hits="49" number="130"/>
            <line hits="49" number="132"/>
            <line hits="49" number="133"/>
            <line hits="49" number="137"/>
            <line hits="49" number="138"/>
            <line hits="49" number="140"/>
            <line hits="49" number="141"/>
            <line hits="49" number="142"/>
            <line hits="49" number="143"/>
            <line hits="49" number="144"/>
            <line hits="49" number="146"/>
            <line hits="49" number="148"/>
          </lines>
        </class>
        <class branch-rate="NaN" complexity="NaN" filename="Components\BatteryHighVoltage\Model-TableBased\BatteryHV_Table_buildParameters.mlx" line-rate="1" name="BatteryHV_Table_buildParameters">
          <methods/>
          <lines>
            <line hits="1" number="3"/>
            <line hits="1" number="4"/>
            <line hits="1" number="5"/>
            <line hits="1" number="6"/>
            <line hits="1" number="7"/>
            <line hits="1" number="10"/>
            <line hits="1" number="11"/>
            <line hits="1" number="12"/>
            <line hits="1" number="13"/>
            <line hits="1" number="14"/>
          </lines>
        </class>
        <class branch-rate="NaN" complexity="NaN" filename="Components\BatteryHighVoltage\Model-TableBased\BatteryHV_Table_visualizeParameters.mlx" line-rate="1" name="BatteryHV_Table_visualizeParameters">
          <methods/>
          <lines>
            <line hits="1" number="2"/>
            <line hits="1" number="4"/>
            <line hits="1" number="5"/>
            <line hits="1" number="6"/>
            <line hits="1" number="7"/>
            <line hits="1" number="10"/>
            <line hits="1" number="11"/>
            <line hits="1" number="14"/>
            <line hits="1" number="15"/>
            <line hits="1" number="16"/>
            <line hits="1" number="19"/>
            <line hits="1" number="20"/>
            <line hits="1" number="23"/>
            <line hits="1" number="24"/>
            <line hits="1" number="25"/>
            <line hits="1" number="26"/>
            <line hits="1" number="27"/>
            <line hits="1" number="28"/>
            <line hits="1" number="29"/>
            <line hits="3" number="30"/>
            <line hits="1" number="32"/>
            <line hits="1" number="33"/>
            <line hits="1" number="34"/>
            <line hits="1" number="35"/>
            <line hits="1" number="36"/>
            <line hits="1" number="37"/>
            <line hits="1" number="38"/>
            <line hits="1" number="39"/>
            <line hits="1" number="40"/>
            <line hits="1" number="41"/>
            <line hits="3" number="42"/>
            <line hits="1" number="44"/>
            <line hits="1" number="45"/>
            <line hits="1" number="46"/>
            <line hits="1" number="47"/>
            <line hits="1" number="48"/>
          </lines>
        </class>
        <class branch-rate="NaN" complexity="NaN" filename="Components\BatteryHighVoltage\SimulationCases\BatteryHV_Case_Charge.mlx" line-rate="1" name="BatteryHV_Case_Charge">
          <methods/>
          <lines>
            <line hits="2" number="1"/>
            <line hits="2" number="2"/>
            <line hits="2" number="5"/>
            <line hits="2" number="9"/>
            <line hits="2" number="11"/>
            <line hits="2" number="12"/>
            <line hits="2" number="13"/>
            <line hits="2" number="14"/>
            <line hits="2" number="16"/>
            <line hits="2" number="20"/>
            <line hits="2" number="21"/>
          </lines>
        </class>
        <class branch-rate="NaN" complexity="NaN" filename="Components\BatteryHighVoltage\SimulationCases\BatteryHV_Case_Constant.mlx" line-rate="1" name="BatteryHV_Case_Constant">
          <methods/>
          <lines>
            <line hits="2" number="1"/>
            <line hits="2" number="2"/>
            <line hits="2" number="5"/>
            <line hits="2" number="9"/>
            <line hits="2" number="11"/>
            <line hits="2" number="12"/>
            <line hits="2" number="14"/>
            <line hits="2" number="18"/>
            <line hits="2" number="19"/>
          </lines>
        </class>
        <class branch-rate="NaN" complexity="NaN" filename="Components\BatteryHighVoltage\SimulationCases\BatteryHV_Case_Discharge.mlx" line-rate="1" name="BatteryHV_Case_Discharge">
          <methods/>
          <lines>
            <line hits="2" number="1"/>
            <line hits="2" number="2"/>
            <line hits="2" number="5"/>
            <line hits="2" number="9"/>
            <line hits="2" number="11"/>
            <line hits="2" number="12"/>
            <line hits="2" number="13"/>
            <line hits="2" number="14"/>
            <line hits="2" number="16"/>
            <line hits="2" number="20"/>
            <line hits="2" number="21"/>
          </lines>
        </class>
        <class branch-rate="NaN" complexity="NaN" filename="Components\BatteryHighVoltage\SimulationCases\BatteryHV_Case_Random.mlx" line-rate="1" name="BatteryHV_Case_Random">
          <methods/>
          <lines>
            <line hits="2" number="1"/>
            <line hits="2" number="2"/>
            <line hits="2" number="5"/>
            <line hits="2" number="9"/>
            <line hits="2" number="11"/>
            <line hits="2" number="12"/>
            <line hits="2" number="13"/>
            <line hits="2" number="14"/>
            <line hits="2" number="16"/>
            <line hits="2" number="20"/>
            <line hits="2" number="21"/>
          </lines>
        </class>
        <class branch-rate="NaN" complexity="NaN" filename="Components\BatteryHighVoltage\SimulationCases\BatteryHV_Case_test.m" line-rate="1" name="BatteryHV_Case_test">
          <methods>
            <method branch-rate="NaN" line-rate="1" name="MQC_Charge_1" signature="MQC_Charge_1(~)">
              <lines>
                <line hits="1" number="28"/>
              </lines>
            </method>
            <method branch-rate="NaN" line-rate="1" name="MQC_Constant_1" signature="MQC_Constant_1(~)">
              <lines>
                <line hits="1" number="32"/>
              </lines>
            </method>
            <method branch-rate="NaN" line-rate="1" name="MQC_Discharge_1" signature="MQC_Discharge_1(~)">
              <lines>
                <line hits="1" number="36"/>
              </lines>
            </method>
            <method branch-rate="NaN" line-rate="1" name="MQC_Random_1" signature="MQC_Random_1(~)">
              <lines>
                <line hits="1" number="40"/>
              </lines>
            </method>
            <method branch-rate="NaN" line-rate="1" name="TestSetup" signature="TestSetup(testcase)">
              <lines>
                <line hits="4" number="51"/>
                <line hits="4" number="52"/>
                <line hits="4" number="58"/>
                <line hits="4" number="61"/>
                <line hits="4" number="62"/>
              </lines>
            </method>
          </methods>
          <lines>
            <line hits="1" number="28"/>
            <line hits="1" number="32"/>
            <line hits="1" number="36"/>
            <line hits="1" number="40"/>
            <line hits="4" number="51"/>
            <line hits="4" number="52"/>
            <line hits="4" number="58"/>
            <line hits="4" number="61"/>
            <line hits="4" number="62"/>
          </lines>
        </class>
        <class branch-rate="NaN" complexity="NaN" filename="Components\BatteryHighVoltage\Test\BatteryHV_UnitTest.m" line-rate="1" name="BatteryHV_UnitTest">
          <methods>
            <method branch-rate="NaN" line-rate="1" name="TestSetup" signature="TestSetup(testcase)">
              <lines>
                <line hits="6" number="20"/>
                <line hits="6" number="21"/>
                <line hits="3" number="23"/>
                <line hits="3" number="26"/>
              </lines>
            </method>
            <method branch-rate="NaN" line-rate="1" name="blockParameters_BatteryHV_Basic" signature="blockParameters_BatteryHV_Basic(testCase)">
              <lines>
                <line hits="1" number="36"/>
                <line hits="1" number="37"/>
                <line hits="1" number="38"/>
                <line hits="1" number="40"/>
                <line hits="1" number="41"/>
                <line hits="1" number="43"/>
                <line hits="1" number="44"/>
                <line hits="1" number="45"/>
                <line hits="1" number="46"/>
                <line hits="1" number="48"/>
                <line hits="1" number="49"/>
                <line hits="1" number="51"/>
                <line hits="1" number="52"/>
                <line hits="1" number="53"/>
                <line hits="1" number="55"/>
                <line hits="1" number="56"/>
                <line hits="1" number="58"/>
                <line hits="1" number="59"/>
              </lines>
            </method>
            <method branch-rate="NaN" line-rate="1" name="blockParameters_BatteryHV_Driveline" signature="blockParameters_BatteryHV_Driveline(testCase)">
              <lines>
                <line hits="1" number="66"/>
                <line hits="1" number="67"/>
                <line hits="1" number="68"/>
                <line hits="1" number="70"/>
                <line hits="1" number="72"/>
                <line hits="1" number="73"/>
                <line hits="1" number="74"/>
                <line hits="1" number="75"/>
                <line hits="1" number="76"/>
                <line hits="1" number="77"/>
                <line hits="1" number="78"/>
                <line hits="1" number="80"/>
                <line hits="1" number="81"/>
                <line hits="1" number="83"/>
                <line hits="1" number="84"/>
                <line hits="1" number="85"/>
                <line hits="1" number="86"/>
                <line hits="1" number="87"/>
                <line hits="1" number="88"/>
                <line hits="1" number="89"/>
                <line hits="1" number="90"/>
                <line hits="1" number="92"/>
                <line hits="1" number="93"/>
                <line hits="1" number="94"/>
                <line hits="1" number="95"/>
                <line hits="1" number="96"/>
                <line hits="1" number="98"/>
                <line hits="1" number="99"/>
                <line hits="1" number="100"/>
                <line hits="1" number="101"/>
                <line hits="1" number="102"/>
                <line hits="1" number="103"/>
                <line hits="1" number="105"/>
                <line hits="1" number="106"/>
                <line hits="1" number="108"/>
                <line hits="1" number="109"/>
                <line hits="1" number="110"/>
                <line hits="1" number="112"/>
                <line hits="1" number="113"/>
                <line hits="1" number="115"/>
                <line hits="1" number="116"/>
              </lines>
            </method>
            <method branch-rate="NaN" line-rate="1" name="blockParameters_BatteryHV_Electrical" signature="blockParameters_BatteryHV_Electrical(testCase)">
              <lines>
                <line hits="1" number="123"/>
                <line hits="1" number="124"/>
                <line hits="1" number="125"/>
                <line hits="1" number="127"/>
                <line hits="1" number="129"/>
                <line hits="1" number="130"/>
                <line hits="1" number="131"/>
                <line hits="1" number="132"/>
                <line hits="1" number="133"/>
                <line hits="1" number="134"/>
                <line hits="1" number="135"/>
                <line hits="1" number="136"/>
                <line hits="1" number="137"/>
                <line hits="1" number="139"/>
                <line hits="1" number="141"/>
                <line hits="1" number="143"/>
                <line hits="1" number="145"/>
                <line hits="1" number="146"/>
                <line hits="1" number="147"/>
                <line hits="1" number="148"/>
                <line hits="1" number="150"/>
                <line hits="1" number="152"/>
                <line hits="1" number="153"/>
                <line hits="1" number="154"/>
                <line hits="1" number="155"/>
                <line hits="1" number="156"/>
                <line hits="1" number="157"/>
                <line hits="1" number="158"/>
                <line hits="1" number="159"/>
                <line hits="1" number="160"/>
                <line hits="1" number="162"/>
                <line hits="1" number="163"/>
                <line hits="1" number="164"/>
                <line hits="1" number="165"/>
                <line hits="1" number="166"/>
                <line hits="1" number="168"/>
                <line hits="1" number="169"/>
                <line hits="1" number="170"/>
                <line hits="1" number="171"/>
                <line hits="1" number="172"/>
                <line hits="1" number="173"/>
                <line hits="1" number="175"/>
                <line hits="1" number="176"/>
                <line hits="1" number="178"/>
                <line hits="1" number="179"/>
                <line hits="1" number="180"/>
                <line hits="1" number="182"/>
                <line hits="1" number="183"/>
                <line hits="1" number="185"/>
                <line hits="1" number="186"/>
              </lines>
            </method>
          </methods>
          <lines>
            <line hits="6" number="20"/>
            <line hits="6" number="21"/>
            <line hits="3" number="23"/>
            <line hits="3" number="26"/>
            <line hits="1" number="36"/>
            <line hits="1" number="37"/>
            <line hits="1" number="38"/>
            <line hits="1" number="40"/>
            <line hits="1" number="41"/>
            <line hits="1" number="43"/>
            <line hits="1" number="44"/>
            <line hits="1" number="45"/>
            <line hits="1" number="46"/>
            <line hits="1" number="48"/>
            <line hits="1" number="49"/>
            <line hits="1" number="51"/>
            <line hits="1" number="52"/>
            <line hits="1" number="53"/>
            <line hits="1" number="55"/>
            <line hits="1" number="56"/>
            <line hits="1" number="58"/>
            <line hits="1" number="59"/>
            <line hits="1" number="66"/>
            <line hits="1" number="67"/>
            <line hits="1" number="68"/>
            <line hits="1" number="70"/>
            <line hits="1" number="72"/>
            <line hits="1" number="73"/>
            <line hits="1" number="74"/>
            <line hits="1" number="75"/>
            <line hits="1" number="76"/>
            <line hits="1" number="77"/>
            <line hits="1" number="78"/>
            <line hits="1" number="80"/>
            <line hits="1" number="81"/>
            <line hits="1" number="83"/>
            <line hits="1" number="84"/>
            <line hits="1" number="85"/>
            <line hits="1" number="86"/>
            <line hits="1" number="87"/>
            <line hits="1" number="88"/>
            <line hits="1" number="89"/>
            <line hits="1" number="90"/>
            <line hits="1" number="92"/>
            <line hits="1" number="93"/>
            <line hits="1" number="94"/>
            <line hits="1" number="95"/>
            <line hits="1" number="96"/>
            <line hits="1" number="98"/>
            <line hits="1" number="99"/>
            <line hits="1" number="100"/>
            <line hits="1" number="101"/>
            <line hits="1" number="102"/>
            <line hits="1" number="103"/>
            <line hits="1" number="105"/>
            <line hits="1" number="106"/>
            <line hits="1" number="108"/>
            <line hits="1" number="109"/>
            <line hits="1" number="110"/>
            <line hits="1" number="112"/>
            <line hits="1" number="113"/>
            <line hits="1" number="115"/>
            <line hits="1" number="116"/>
            <line hits="1" number="123"/>
            <line hits="1" number="124"/>
            <line hits="1" number="125"/>
            <line hits="1" number="127"/>
            <line hits="1" number="129"/>
            <line hits="1" number="130"/>
            <line hits="1" number="131"/>
            <line hits="1" number="132"/>
            <line hits="1" number="133"/>
            <line hits="1" number="134"/>
            <line hits="1" number="135"/>
            <line hits="1" number="136"/>
            <line hits="1" number="137"/>
            <line hits="1" number="139"/>
            <line hits="1" number="141"/>
            <line hits="1" number="143"/>
            <line hits="1" number="145"/>
            <line hits="1" number="146"/>
            <line hits="1" number="147"/>
            <line hits="1" number="148"/>
            <line hits="1" number="150"/>
            <line hits="1" number="152"/>
            <line hits="1" number="153"/>
            <line hits="1" number="154"/>
            <line hits="1" number="155"/>
            <line hits="1" number="156"/>
            <line hits="1" number="157"/>
            <line hits="1" number="158"/>
            <line hits="1" number="159"/>
            <line hits="1" number="160"/>
            <line hits="1" number="162"/>
            <line hits="1" number="163"/>
            <line hits="1" number="164"/>
            <line hits="1" number="165"/>
            <line hits="1" number="166"/>
            <line hits="1" number="168"/>
            <line hits="1" number="169"/>
            <line hits="1" number="170"/>
            <line hits="1" number="171"/>
            <line hits="1" number="172"/>
            <line hits="1" number="173"/>
            <line hits="1" number="175"/>
            <line hits="1" number="176"/>
            <line hits="1" number="178"/>
            <line hits="1" number="179"/>
            <line hits="1" number="180"/>
            <line hits="1" number="182"/>
            <line hits="1" number="183"/>
            <line hits="1" number="185"/>
            <line hits="1" number="186"/>
          </lines>
        </class>
        <class branch-rate="NaN" complexity="NaN" filename="Components\BatteryHighVoltage\Test\BatteryHV_UnitTest_MQC.m" line-rate="1" name="BatteryHV_UnitTest_MQC">
          <methods>
            <method branch-rate="NaN" line-rate="1" name="TestSetup" signature="TestSetup(testcase)">
              <lines>
                <line hits="86" number="32"/>
                <line hits="86" number="33"/>
                <line hits="43" number="35"/>
                <line hits="43" number="38"/>
              </lines>
            </method>
            <method branch-rate="NaN" line-rate="1" name="MQC_Harness_combination_1" signature="MQC_Harness_combination_1(~, useRefSubFunction, loadSimulationCaseFunction)">
              <lines>
                <line hits="12" number="45"/>
                <line hits="12" number="46"/>
                <line hits="12" number="47"/>
                <line hits="12" number="48"/>
                <line hits="12" number="49"/>
              </lines>
            </method>
            <method branch-rate="NaN" line-rate="1" name="MQC_Harness_2" signature="MQC_Harness_2(~)">
              <lines>
                <line hits="1" number="60"/>
                <line hits="1" number="61"/>
                <line hits="1" number="62"/>
                <line hits="1" number="63"/>
                <line hits="1" number="64"/>
                <line hits="1" number="65"/>
                <line hits="1" number="66"/>
              </lines>
            </method>
            <method branch-rate="NaN" line-rate="1" name="MQC_Harness_3" signature="MQC_Harness_3(~)">
              <lines>
                <line hits="1" number="70"/>
                <line hits="1" number="71"/>
                <line hits="1" number="72"/>
                <line hits="1" number="73"/>
                <line hits="1" number="74"/>
                <line hits="1" number="75"/>
                <line hits="1" number="76"/>
              </lines>
            </method>
            <method branch-rate="NaN" line-rate="1" name="MQC_Harness_4" signature="MQC_Harness_4(~)">
              <lines>
                <line hits="1" number="80"/>
                <line hits="1" number="81"/>
                <line hits="1" number="82"/>
                <line hits="1" number="83"/>
                <line hits="1" number="84"/>
                <line hits="1" number="85"/>
                <line hits="1" number="86"/>
                <line hits="1" number="87"/>
              </lines>
            </method>
            <method branch-rate="NaN" line-rate="1" name="MQC_Model_TableBased_1" signature="MQC_Model_TableBased_1(~)">
              <lines>
                <line hits="1" number="93"/>
              </lines>
            </method>
            <method branch-rate="NaN" line-rate="1" name="MQC_Model_TableBased_2" signature="MQC_Model_TableBased_2(~)">
              <lines>
                <line hits="1" number="97"/>
              </lines>
            </method>
            <method branch-rate="NaN" line-rate="1" name="MQC_SimulationCase_1" signature="MQC_SimulationCase_1(~)">
              <lines>
                <line hits="1" number="103"/>
              </lines>
            </method>
            <method branch-rate="NaN" line-rate="1" name="MQC_SimulationCase_2" signature="MQC_SimulationCase_2(~)">
              <lines>
                <line hits="1" number="107"/>
              </lines>
            </method>
            <method branch-rate="NaN" line-rate="1" name="MQC_SimulationCase_3" signature="MQC_SimulationCase_3(~)">
              <lines>
                <line hits="1" number="111"/>
              </lines>
            </method>
            <method branch-rate="NaN" line-rate="1" name="MQC_SimulationCase_4" signature="MQC_SimulationCase_4(~)">
              <lines>
                <line hits="1" number="115"/>
              </lines>
            </method>
            <method branch-rate="NaN" line-rate="1" name="MQC_Configuration_1" signature="MQC_Configuration_1(~)">
              <lines>
                <line hits="1" number="121"/>
                <line hits="1" number="122"/>
              </lines>
            </method>
            <method branch-rate="NaN" line-rate="1" name="MQC_Configuration_2" signature="MQC_Configuration_2(~)">
              <lines>
                <line hits="1" number="126"/>
                <line hits="1" number="127"/>
              </lines>
            </method>
            <method branch-rate="NaN" line-rate="1" name="MQC_Configuration_3" signature="MQC_Configuration_3(~)">
              <lines>
                <line hits="1" number="131"/>
                <line hits="1" number="132"/>
              </lines>
            </method>
            <method branch-rate="NaN" line-rate="1" name="MQC_Configuration_4" signature="MQC_Configuration_4(~)">
              <lines>
                <line hits="1" number="136"/>
                <line hits="1" number="137"/>
              </lines>
            </method>
            <method branch-rate="NaN" line-rate="1" name="MQC_Configuration_5" signature="MQC_Configuration_5(~)">
              <lines>
                <line hits="1" number="141"/>
                <line hits="1" number="142"/>
              </lines>
            </method>
            <method branch-rate="NaN" line-rate="1" name="MQC_Configuration_6" signature="MQC_Configuration_6(~)">
              <lines>
                <line hits="1" number="146"/>
              </lines>
            </method>
            <method branch-rate="NaN" line-rate="1" name="MQC_Configuration_7" signature="MQC_Configuration_7(~)">
              <lines>
                <line hits="1" number="150"/>
                <line hits="1" number="151"/>
              </lines>
            </method>
            <method branch-rate="NaN" line-rate="1" name="MQC_Configuration_8" signature="MQC_Configuration_8(~)">
              <lines>
                <line hits="1" number="155"/>
                <line hits="1" number="156"/>
              </lines>
            </method>
            <method branch-rate="NaN" line-rate="1" name="MQC_Configuration_9" signature="MQC_Configuration_9(~)">
              <lines>
                <line hits="1" number="160"/>
                <line hits="1" number="161"/>
              </lines>
            </method>
            <method branch-rate="NaN" line-rate="1" name="MQC_Configuration_10" signature="MQC_Configuration_10(~)">
              <lines>
                <line hits="1" number="165"/>
                <line hits="1" number="166"/>
              </lines>
            </method>
            <method branch-rate="NaN" line-rate="1" name="MQC_Configuration_11" signature="MQC_Configuration_11(~)">
              <lines>
                <line hits="1" number="170"/>
                <line hits="1" number="171"/>
              </lines>
            </method>
            <method branch-rate="NaN" line-rate="1" name="MQC_Utility_1" signature="MQC_Utility_1(~)">
              <lines>
                <line hits="1" number="183"/>
              </lines>
            </method>
            <method branch-rate="NaN" line-rate="1" name="MQC_Utility_2" signature="MQC_Utility_2(~)">
              <lines>
                <line hits="1" number="187"/>
              </lines>
            </method>
            <method branch-rate="NaN" line-rate="1" name="MQC_Utility_3" signature="MQC_Utility_3(testCase)">
              <lines>
                <line hits="1" number="193"/>
                <line hits="1" number="194"/>
                <line hits="1" number="195"/>
                <line hits="1" number="200"/>
              </lines>
            </method>
            <method branch-rate="NaN" line-rate="1" name="MQC_Utility_4" signature="MQC_Utility_4(~)">
              <lines>
                <line hits="1" number="206"/>
                <line hits="1" number="207"/>
              </lines>
            </method>
            <method branch-rate="NaN" line-rate="1" name="MQC_Utility_5" signature="MQC_Utility_5(~)">
              <lines>
                <line hits="1" number="211"/>
                <line hits="1" number="212"/>
                <line hits="1" number="213"/>
                <line hits="1" number="214"/>
                <line hits="1" number="216"/>
              </lines>
            </method>
            <method branch-rate="NaN" line-rate="1" name="MQC_TopFolder_1" signature="MQC_TopFolder_1(~)">
              <lines>
                <line hits="1" number="222"/>
              </lines>
            </method>
            <method branch-rate="NaN" line-rate="1" name="MQC_TopFolder_2" signature="MQC_TopFolder_2(~)">
              <lines>
                <line hits="1" number="226"/>
              </lines>
            </method>
            <method branch-rate="NaN" line-rate="1" name="MQC_TopFolder_3" signature="MQC_TopFolder_3(~)">
              <lines>
                <line hits="1" number="230"/>
              </lines>
            </method>
            <method branch-rate="NaN" line-rate="1" name="MQC_TopFolder_4" signature="MQC_TopFolder_4(~)">
              <lines>
                <line hits="1" number="234"/>
              </lines>
            </method>
            <method branch-rate="NaN" line-rate="1" name="MQC_TopFolder_5" signature="MQC_TopFolder_5(~)">
              <lines>
                <line hits="1" number="238"/>
              </lines>
            </method>
            <method branch-rate="NaN" line-rate="1" name="buildFilesFoldersList" signature="buildFilesFoldersList(testCase)">
              <lines>
                <line hits="1" number="251"/>
                <line hits="1" number="252"/>
                <line hits="1" number="253"/>
                <line hits="1" number="255"/>
                <line hits="1" number="256"/>
              </lines>
            </method>
            <method branch-rate="NaN" line-rate="1" name="MQC_CallbackButtons_1" signature="MQC_CallbackButtons_1(testCase)">
              <lines>
                <line hits="1" number="262"/>
                <line hits="1" number="263"/>
                <line hits="1" number="264"/>
              </lines>
            </method>
          </methods>
          <lines>
            <line hits="86" number="32"/>
            <line hits="86" number="33"/>
            <line hits="43" number="35"/>
            <line hits="43" number="38"/>
            <line hits="12" number="45"/>
            <line hits="12" number="46"/>
            <line hits="12" number="47"/>
            <line hits="12" number="48"/>
            <line hits="12" number="49"/>
            <line hits="1" number="60"/>
            <line hits="1" number="61"/>
            <line hits="1" number="62"/>
            <line hits="1" number="63"/>
            <line hits="1" number="64"/>
            <line hits="1" number="65"/>
            <line hits="1" number="66"/>
            <line hits="1" number="70"/>
            <line hits="1" number="71"/>
            <line hits="1" number="72"/>
            <line hits="1" number="73"/>
            <line hits="1" number="74"/>
            <line hits="1" number="75"/>
            <line hits="1" number="76"/>
            <line hits="1" number="80"/>
            <line hits="1" number="81"/>
            <line hits="1" number="82"/>
            <line hits="1" number="83"/>
            <line hits="1" number="84"/>
            <line hits="1" number="85"/>
            <line hits="1" number="86"/>
            <line hits="1" number="87"/>
            <line hits="1" number="93"/>
            <line hits="1" number="97"/>
            <line hits="1" number="103"/>
            <line hits="1" number="107"/>
            <line hits="1" number="111"/>
            <line hits="1" number="115"/>
            <line hits="1" number="121"/>
            <line hits="1" number="122"/>
            <line hits="1" number="126"/>
            <line hits="1" number="127"/>
            <line hits="1" number="131"/>
            <line hits="1" number="132"/>
            <line hits="1" number="136"/>
            <line hits="1" number="137"/>
            <line hits="1" number="141"/>
            <line hits="1" number="142"/>
            <line hits="1" number="146"/>
            <line hits="1" number="150"/>
            <line hits="1" number="151"/>
            <line hits="1" number="155"/>
            <line hits="1" number="156"/>
            <line hits="1" number="160"/>
            <line hits="1" number="161"/>
            <line hits="1" number="165"/>
            <line hits="1" number="166"/>
            <line hits="1" number="170"/>
            <line hits="1" number="171"/>
            <line hits="1" number="183"/>
            <line hits="1" number="187"/>
            <line hits="1" number="193"/>
            <line hits="1" number="194"/>
            <line hits="1" number="195"/>
            <line hits="1" number="200"/>
            <line hits="1" number="206"/>
            <line hits="1" number="207"/>
            <line hits="1" number="211"/>
            <line hits="1" number="212"/>
            <line hits="1" number="213"/>
            <line hits="1" number="214"/>
            <line hits="1" number="216"/>
            <line hits="1" number="222"/>
            <line hits="1" number="226"/>
            <line hits="1" number="230"/>
            <line hits="1" number="234"/>
            <line hits="1" number="238"/>
            <line hits="1" number="251"/>
            <line hits="1" number="252"/>
            <line hits="1" number="253"/>
            <line hits="1" number="255"/>
            <line hits="1" number="256"/>
            <line hits="1" number="262"/>
            <line hits="1" number="263"/>
            <line hits="1" number="264"/>
          </lines>
        </class>
        <class branch-rate="NaN" complexity="NaN" filename="Components\BatteryHighVoltage\Test\BatteryHV_runSelectedTests_TableBased.m" line-rate="0" name="BatteryHV_runSelectedTests_TableBased">
          <methods/>
          <lines>
            <line hits="0" number="6"/>
            <line hits="0" number="8"/>
            <line hits="0" number="9"/>
            <line hits="0" number="11"/>
            <line hits="0" number="13"/>
            <line hits="0" number="14"/>
            <line hits="0" number="15"/>
            <line hits="0" number="17"/>
          </lines>
        </class>
        <class branch-rate="NaN" complexity="NaN" filename="Components\BatteryHighVoltage\Test\BatteryHV_runtests.m" line-rate="0" name="BatteryHV_runtests">
          <methods/>
          <lines>
            <line hits="0" number="7"/>
            <line hits="0" number="8"/>
            <line hits="0" number="10"/>
            <line hits="0" number="14"/>
            <line hits="0" number="15"/>
            <line hits="0" number="17"/>
            <line hits="0" number="18"/>
            <line hits="0" number="20"/>
            <line hits="0" number="22"/>
            <line hits="0" number="23"/>
            <line hits="0" number="27"/>
            <line hits="0" number="29"/>
            <line hits="0" number="30"/>
            <line hits="0" number="32"/>
            <line hits="0" number="36"/>
            <line hits="0" number="37"/>
            <line hits="0" number="38"/>
            <line hits="0" number="41"/>
            <line hits="0" number="42"/>
            <line hits="0" number="43"/>
            <line hits="0" number="45"/>
            <line hits="0" number="46"/>
            <line hits="0" number="47"/>
            <line hits="0" number="49"/>
            <line hits="0" number="50"/>
            <line hits="0" number="52"/>
            <line hits="0" number="53"/>
            <line hits="0" number="54"/>
            <line hits="0" number="55"/>
            <line hits="0" number="57"/>
            <line hits="0" number="58"/>
            <line hits="0" number="60"/>
            <line hits="0" number="61"/>
            <line hits="0" number="62"/>
            <line hits="0" number="63"/>
            <line hits="0" number="64"/>
            <line hits="0" number="65"/>
            <line hits="0" number="66"/>
            <line hits="0" number="67"/>
            <line hits="0" number="68"/>
            <line hits="0" number="69"/>
            <line hits="0" number="70"/>
            <line hits="0" number="72"/>
            <line hits="0" number="73"/>
            <line hits="0" number="74"/>
            <line hits="0" number="75"/>
            <line hits="0" number="76"/>
            <line hits="0" number="77"/>
            <line hits="0" number="78"/>
            <line hits="0" number="80"/>
            <line hits="0" number="81"/>
            <line hits="0" number="82"/>
            <line hits="0" number="83"/>
            <line hits="0" number="84"/>
            <line hits="0" number="85"/>
            <line hits="0" number="86"/>
            <line hits="0" number="88"/>
            <line hits="0" number="91"/>
            <line hits="0" number="92"/>
          </lines>
        </class>
        <class branch-rate="NaN" complexity="NaN" filename="Components\BatteryHighVoltage\Utility\BatteryHV_buildOpenCircuitVoltageData.m" line-rate="1" name="BatteryHV_buildOpenCircuitVoltageData">
          <methods/>
          <lines>
            <line hits="180" number="39"/>
            <line hits="180" number="40"/>
            <line hits="59" number="44"/>
            <line hits="60" number="46"/>
            <line hits="60" number="48"/>
            <line hits="60" number="49"/>
            <line hits="60" number="51"/>
            <line hits="60" number="52"/>
            <line hits="60" number="53"/>
            <line hits="60" number="55"/>
            <line hits="60" number="56"/>
            <line hits="60" number="57"/>
            <line hits="180" number="58"/>
            <line hits="60" number="60"/>
            <line hits="60" number="61"/>
            <line hits="60" number="62"/>
            <line hits="60" number="65"/>
            <line hits="60" number="68"/>
            <line hits="60" number="70"/>
            <line hits="60" number="71"/>
            <line hits="60" number="72"/>
            <line hits="60" number="73"/>
            <line hits="60" number="75"/>
            <line hits="60" number="77"/>
            <line hits="60" number="78"/>
            <line hits="120" number="79"/>
            <line hits="120" number="80"/>
            <line hits="120" number="81"/>
            <line hits="60" number="85"/>
            <line hits="1" number="86"/>
            <line hits="1" number="87"/>
            <line hits="1" number="88"/>
            <line hits="1" number="89"/>
            <line hits="1" number="91"/>
            <line hits="3" number="92"/>
            <line hits="1" number="94"/>
            <line hits="1" number="96"/>
            <line hits="1" number="97"/>
            <line hits="1" number="98"/>
            <line hits="1" number="99"/>
            <line hits="1" number="100"/>
          </lines>
        </class>
        <class branch-rate="NaN" complexity="NaN" filename="Components\BatteryHighVoltage\Utility\BatteryHV_buildTerminalResistanceData.m" line-rate="1" name="BatteryHV_buildTerminalResistanceData">
          <methods/>
          <lines>
            <line hits="180" number="35"/>
            <line hits="180" number="36"/>
            <line hits="59" number="40"/>
            <line hits="60" number="42"/>
            <line hits="60" number="44"/>
            <line hits="60" number="45"/>
            <line hits="60" number="47"/>
            <line hits="60" number="48"/>
            <line hits="60" number="49"/>
            <line hits="60" number="51"/>
            <line hits="60" number="52"/>
            <line hits="60" number="53"/>
[...]
            <line hits="0" number="182"/>
            <line hits="0" number="186"/>
            <line hits="15" number="191"/>
            <line hits="0" number="195"/>
            <line hits="0" number="196"/>
            <line hits="0" number="197"/>
            <line hits="0" number="198"/>
            <line hits="0" number="199"/>
            <line hits="0" number="201"/>
            <line hits="0" number="205"/>
            <line hits="15" number="211"/>
            <line hits="15" number="223"/>
            <line hits="0" number="234"/>
            <line hits="0" number="235"/>
            <line hits="0" number="236"/>
            <line hits="0" number="237"/>
            <line hits="0" number="240"/>
            <line hits="0" number="241"/>
            <line hits="0" number="242"/>
          </lines>
        </class>
      </classes>
    </package>
    <package branch-rate="NaN" complexity="NaN" line-rate="0.78049" name="FileTool">
      <classes>
        <class branch-rate="NaN" complexity="NaN" filename="Utility\LocalTasks\+FileTool\batchGenerateMarkdowns.m" line-rate="0.85" name="FileTool.batchGenerateMarkdowns">
          <methods/>
          <lines>
            <line hits="2" number="18"/>
            <line hits="1" number="19"/>
            <line hits="2" number="20"/>
            <line hits="1" number="21"/>
            <line hits="2" number="25"/>
            <line hits="2" number="28"/>
            <line hits="2" number="30"/>
            <line hits="2" number="31"/>
            <line hits="2" number="33"/>
            <line hits="2" number="35"/>
            <line hits="2" number="37"/>
            <line hits="2" number="39"/>
            <line hits="2" number="42"/>
            <line hits="2" number="43"/>
            <line hits="2" number="47"/>
            <line hits="2" number="48"/>
            <line hits="2" number="50"/>
            <line hits="2" number="52"/>
            <line hits="2" number="53"/>
            <line hits="0" number="54"/>
            <line hits="0" number="55"/>
            <line hits="0" number="57"/>
            <line hits="2" number="60"/>
            <line hits="2" number="61"/>
            <line hits="2" number="62"/>
            <line hits="0" number="63"/>
            <line hits="2" number="64"/>
            <line hits="2" number="65"/>
            <line hits="2" number="69"/>
            <line hits="2" number="70"/>
            <line hits="2" number="71"/>
            <line hits="2" number="72"/>
            <line hits="2" number="73"/>
            <line hits="2" number="75"/>
            <line hits="2" number="76"/>
            <line hits="2" number="78"/>
            <line hits="2" number="79"/>
            <line hits="0" number="80"/>
            <line hits="2" number="81"/>
            <line hits="0" number="82"/>
          </lines>
        </class>
        <class branch-rate="NaN" complexity="NaN" filename="Utility\LocalTasks\+FileTool\exportToMarkdown.m" line-rate="0.78125" name="FileTool.exportToMarkdown">
          <methods/>
          <lines>
            <line hits="3" number="53"/>
            <line hits="2" number="58"/>
            <line hits="2" number="62"/>
            <line hits="2" number="64"/>
            <line hits="2" number="67"/>
            <line hits="2" number="69"/>
            <line hits="2" number="71"/>
            <line hits="2" number="73"/>
            <line hits="2" number="75"/>
            <line hits="0" number="76"/>
            <line hits="0" number="77"/>
            <line hits="0" number="79"/>
            <line hits="2" number="82"/>
            <line hits="2" number="85"/>
            <line hits="2" number="87"/>
            <line hits="2" number="88"/>
            <line hits="2" number="90"/>
            <line hits="0" number="91"/>
            <line hits="0" number="92"/>
            <line hits="0" number="94"/>
            <line hits="2" number="98"/>
            <line hits="2" number="100"/>
            <line hits="2" number="102"/>
            <line hits="2" number="104"/>
            <line hits="0" number="105"/>
            <line hits="2" number="108"/>
            <line hits="2" number="109"/>
            <line hits="2" number="110"/>
            <line hits="2" number="111"/>
            <line hits="2" number="112"/>
            <line hits="2" number="113"/>
            <line hits="2" number="114"/>
            <line hits="2" number="115"/>
            <line hits="2" number="116"/>
            <line hits="2" number="117"/>
            <line hits="2" number="122"/>
            <line hits="2" number="123"/>
            <line hits="2" number="124"/>
            <line hits="2" number="127"/>
            <line hits="2" number="129"/>
            <line hits="2" number="130"/>
            <line hits="0" number="131"/>
            <line hits="2" number="137"/>
            <line hits="2" number="139"/>
            <line hits="2" number="141"/>
            <line hits="2" number="144"/>
            <line hits="0" number="145"/>
            <line hits="2" number="147"/>
            <line hits="2" number="148"/>
            <line hits="0" number="151"/>
            <line hits="0" number="152"/>
            <line hits="0" number="154"/>
            <line hits="2" number="159"/>
            <line hits="2" number="161"/>
            <line hits="2" number="162"/>
            <line hits="2" number="163"/>
            <line hits="2" number="165"/>
            <line hits="0" number="166"/>
            <line hits="2" number="169"/>
            <line hits="2" number="170"/>
            <line hits="2" number="172"/>
            <line hits="2" number="173"/>
            <line hits="2" number="176"/>
            <line hits="0" number="177"/>
          </lines>
        </class>
        <class branch-rate="NaN" complexity="NaN" filename="Utility\LocalTasks\+FileTool\generateMarkdownsFromLiveScripts.m" line-rate="0.75" name="FileTool.generateMarkdownsFromLiveScripts">
          <methods/>
          <lines>
            <line hits="4" number="17"/>
            <line hits="2" number="22"/>
            <line hits="2" number="26"/>
            <line hits="2" number="28"/>
            <line hits="2" number="30"/>
            <line hits="2" number="39"/>
            <line hits="2" number="41"/>
            <line hits="2" number="43"/>
            <line hits="2" number="45"/>
            <line hits="2" number="46"/>
            <line hits="2" number="47"/>
            <line hits="2" number="49"/>
            <line hits="2" number="51"/>
            <line hits="2" number="52"/>
            <line hits="2" number="54"/>
            <line hits="4" number="55"/>
            <line hits="4" number="56"/>
            <line hits="4" number="58"/>
            <line hits="4" number="59"/>
            <line hits="4" number="60"/>
            <line hits="4" number="63"/>
            <line hits="4" number="64"/>
            <line hits="4" number="65"/>
            <line hits="4" number="66"/>
            <line hits="4" number="68"/>
            <line hits="0" number="69"/>
            <line hits="0" number="70"/>
            <line hits="0" number="73"/>
            <line hits="0" number="75"/>
            <line hits="0" number="76"/>
            <line hits="0" number="77"/>
            <line hits="0" number="78"/>
            <line hits="0" number="79"/>
            <line hits="0" number="81"/>
            <line hits="4" number="83"/>
            <line hits="4" number="84"/>
          </lines>
        </class>
        <class branch-rate="NaN" complexity="NaN" filename="Utility\LocalTasks\+FileTool\getFileFullPath.m" line-rate="0.5" name="FileTool.getFileFullPath">
          <methods/>
          <lines>
            <line hits="17" number="17"/>
            <line hits="17" number="24"/>
            <line hits="17" number="26"/>
            <line hits="0" number="27"/>
            <line hits="0" number="28"/>
            <line hits="0" number="30"/>
            <line hits="17" number="35"/>
            <line hits="17" number="37"/>
            <line hits="0" number="38"/>
            <line hits="0" number="39"/>
            <line hits="0" number="41"/>
            <line hits="17" number="45"/>
            <line hits="17" number="47"/>
            <line hits="17" number="49"/>
            <line hits="0" number="53"/>
            <line hits="0" number="55"/>
          </lines>
        </class>
        <class branch-rate="NaN" complexity="NaN" filename="Utility\LocalTasks\+FileTool\isLiveScript.m" line-rate="0.78571" name="FileTool.isLiveScript">
          <methods/>
          <lines>
            <line hits="19" number="14"/>
            <line hits="19" number="16"/>
            <line hits="19" number="17"/>
            <line hits="19" number="18"/>
            <line hits="50" number="20"/>
            <line hits="8" number="21"/>
            <line hits="8" number="23"/>
            <line hits="42" number="27"/>
            <line hits="0" number="28"/>
            <line hits="0" number="29"/>
            <line hits="0" number="31"/>
            <line hits="42" number="35"/>
            <line hits="21" number="36"/>
            <line hits="21" number="38"/>
          </lines>
        </class>
        <class branch-rate="NaN" complexity="NaN" filename="Utility\LocalTasks\+FileTool\isPlainTextLiveScript.m" line-rate="0.72727" name="FileTool.isPlainTextLiveScript">
          <methods/>
          <lines>
            <line hits="5" number="14"/>
            <line hits="5" number="16"/>
            <line hits="5" number="17"/>
            <line hits="5" number="18"/>
            <line hits="7" number="20"/>
            <line hits="0" number="21"/>
            <line hits="0" number="22"/>
            <line hits="0" number="24"/>
            <line hits="7" number="28"/>
            <line hits="4" number="29"/>
            <line hits="3" number="31"/>
          </lines>
        </class>
        <class branch-rate="NaN" complexity="NaN" filename="Utility\LocalTasks\+FileTool\mustBeLiveScript.m" line-rate="1" name="FileTool.mustBeLiveScript">
          <methods/>
          <lines>
            <line hits="11" number="13"/>
            <line hits="11" number="15"/>
            <line hits="11" number="17"/>
            <line hits="5" number="18"/>
            <line hits="5" number="20"/>
            <line hits="3" number="21"/>
            <line hits="2" number="23"/>
            <line hits="5" number="26"/>
          </lines>
        </class>
        <class branch-rate="NaN" complexity="NaN" filename="Utility\LocalTasks\+FileTool\sourceFileIsNewer.m" line-rate="0.875" name="FileTool.sourceFileIsNewer">
          <methods/>
          <lines>
            <line hits="8" number="7"/>
            <line hits="4" number="12"/>
            <line hits="8" number="22"/>
            <line hits="8" number="23"/>
            <line hits="8" number="25"/>
            <line hits="4" number="26"/>
            <line hits="4" number="27"/>
            <line hits="8" number="30"/>
            <line hits="0" number="32"/>
            <line hits="0" number="34"/>
            <line hits="8" number="38"/>
            <line hits="8" number="39"/>
            <line hits="8" number="41"/>
            <line hits="4" number="42"/>
            <line hits="4" number="43"/>
            <line hits="8" number="46"/>
          </lines>
        </class>
      </classes>
    </package>
    <package branch-rate="NaN" complexity="NaN" line-rate="1" name="SignalDesignUtility">
      <classes>
        <class branch-rate="NaN" complexity="NaN" filename="Utility\SignalDesigner\+SignalDesignUtility\buildTrace.m" line-rate="1" name="SignalDesignUtility.buildTrace">
          <methods/>
          <lines>
            <line hits="19" number="4"/>
            <line hits="19" number="5"/>
            <line hits="19" number="6"/>
            <line hits="19" number="7"/>
            <line hits="19" number="9"/>
            <line hits="1" number="10"/>
            <line hits="19" number="12"/>
            <line hits="19" number="15"/>
            <line hits="19" number="16"/>
            <line hits="1" number="18"/>
            <line hits="19" number="20"/>
            <line hits="19" number="21"/>
            <line hits="1" number="22"/>
            <line hits="19" number="25"/>
            <line hits="19" number="26"/>
            <line hits="19" number="27"/>
            <line hits="19" number="28"/>
            <line hits="19" number="29"/>
            <line hits="19" number="30"/>
            <line hits="19" number="31"/>
            <line hits="19" number="32"/>
            <line hits="19" number="33"/>
            <line hits="19" number="34"/>
            <line hits="19" number="35"/>
            <line hits="19" number="36"/>
            <line hits="19" number="37"/>
            <line hits="19" number="40"/>
            <line hits="19" number="41"/>
            <line hits="19" number="42"/>
            <line hits="19" number="43"/>
          </lines>
        </class>
        <class branch-rate="NaN" complexity="NaN" filename="Utility\SignalDesigner\+SignalDesignUtility\buildXYData.m" line-rate="1" name="SignalDesignUtility.buildXYData">
          <methods/>
          <lines>
            <line hits="55" number="4"/>
            <line hits="55" number="5"/>
            <line hits="55" number="6"/>
            <line hits="55" number="8"/>
            <line hits="1" number="9"/>
            <line hits="55" number="11"/>
            <line hits="55" number="14"/>
            <line hits="55" number="15"/>
            <line hits="1" number="17"/>
            <line hits="55" number="19"/>
            <line hits="55" number="20"/>
            <line hits="1" number="21"/>
            <line hits="55" number="24"/>
            <line hits="55" number="25"/>
            <line hits="55" number="27"/>
            <line hits="55" number="28"/>
            <line hits="55" number="30"/>
            <line hits="55" number="32"/>
            <line hits="55" number="35"/>
            <line hits="55" number="38"/>
            <line hits="55" number="40"/>
            <line hits="55" number="41"/>
            <line hits="55" number="42"/>
            <line hits="55" number="43"/>
            <line hits="55" number="45"/>
            <line hits="55" number="46"/>
            <line hits="55" number="48"/>
            <line hits="55" number="50"/>
            <line hits="55" number="52"/>
            <line hits="55" number="54"/>
            <line hits="55" number="55"/>
            <line hits="55" number="56"/>
            <line hits="55" number="58"/>
          </lines>
        </class>
      </classes>
    </package>
    <package branch-rate="NaN" complexity="NaN" line-rate="1" name="SignalSourceBlockCallback">
      <classes>
        <class branch-rate="NaN" complexity="NaN" filename="Utility\SignalDesigner\+SignalSourceBlockCallback\plotContinuous.m" line-rate="1" name="SignalSourceBlockCallback.plotContinuous">
          <methods/>
          <lines>
            <line hits="1" number="13"/>
            <line hits="1" number="16"/>
            <line hits="1" number="21"/>
            <line hits="1" number="22"/>
            <line hits="1" number="23"/>
            <line hits="1" number="24"/>
            <line hits="1" number="25"/>
            <line hits="1" number="27"/>
            <line hits="1" number="28"/>
            <line hits="1" number="29"/>
            <line hits="1" number="31"/>
            <line hits="1" number="32"/>
            <line hits="1" number="33"/>
            <line hits="1" number="34"/>
            <line hits="1" number="36"/>
            <line hits="1" number="38"/>
          </lines>
        </class>
        <class branch-rate="NaN" complexity="NaN" filename="Utility\SignalDesigner\+SignalSourceBlockCallback\plotContinuousMultiStep.m" line-rate="1" name="SignalSourceBlockCallback.plotContinuousMultiStep">
          <methods/>
          <lines>
            <line hits="1" number="13"/>
            <line hits="1" number="16"/>
            <line hits="1" number="21"/>
            <line hits="1" number="22"/>
            <line hits="1" number="23"/>
            <line hits="1" number="24"/>
            <line hits="1" number="25"/>
            <line hits="1" number="27"/>
            <line hits="1" number="28"/>
            <line hits="1" number="29"/>
            <line hits="1" number="31"/>
            <line hits="1" number="32"/>
            <line hits="1" number="33"/>
            <line hits="1" number="34"/>
            <line hits="1" number="36"/>
            <line hits="1" number="38"/>
          </lines>
        </class>
        <class branch-rate="NaN" complexity="NaN" filename="Utility\SignalDesigner\+SignalSourceBlockCallback\plotPieceWiseConstant.m" line-rate="1" name="SignalSourceBlockCallback.plotPieceWiseConstant">
          <methods/>
          <lines>
            <line hits="1" number="13"/>
            <line hits="1" number="16"/>
            <line hits="1" number="21"/>
            <line hits="1" number="22"/>
            <line hits="1" number="23"/>
            <line hits="1" number="24"/>
            <line hits="1" number="26"/>
            <line hits="1" number="27"/>
            <line hits="1" number="29"/>
            <line hits="1" number="30"/>
            <line hits="1" number="31"/>
            <line hits="1" number="32"/>
            <line hits="1" number="34"/>
            <line hits="1" number="36"/>
          </lines>
        </class>
        <class branch-rate="NaN" complexity="NaN" filename="Utility\SignalDesigner\+SignalSourceBlockCallback\plotTraceGenerator.m" line-rate="1" name="SignalSourceBlockCallback.plotTraceGenerator">
          <methods/>
          <lines>
            <line hits="1" number="13"/>
            <line hits="1" number="16"/>
            <line hits="1" number="21"/>
            <line hits="1" number="22"/>
            <line hits="1" number="23"/>
            <line hits="1" number="25"/>
            <line hits="1" number="26"/>
            <line hits="1" number="27"/>
            <line hits="1" number="28"/>
            <line hits="1" number="29"/>
            <line hits="1" number="30"/>
            <line hits="1" number="31"/>
            <line hits="1" number="32"/>
            <line hits="1" number="33"/>
            <line hits="1" number="34"/>
            <line hits="1" number="35"/>
            <line hits="1" number="36"/>
            <line hits="1" number="37"/>
            <line hits="1" number="39"/>
            <line hits="1" number="40"/>
            <line hits="1" number="41"/>
            <line hits="1" number="42"/>
            <line hits="1" number="43"/>
            <line hits="1" number="44"/>
            <line hits="1" number="45"/>
            <line hits="1" number="46"/>
            <line hits="1" number="47"/>
            <line hits="1" number="48"/>
            <line hits="1" number="49"/>
            <line hits="1" number="50"/>
            <line hits="1" number="51"/>
            <line hits="1" number="52"/>
            <line hits="1" number="54"/>
            <line hits="1" number="55"/>
            <line hits="1" number="56"/>
            <line hits="1" number="57"/>
            <line hits="1" number="59"/>
            <line hits="1" number="61"/>
          </lines>
        </class>
        <class branch-rate="NaN" complexity="NaN" filename="Utility\SignalDesigner\+SignalSourceBlockCallback\setDataToLookupTableBlock.m" line-rate="1" name="SignalSourceBlockCallback.setDataToLookupTableBlock">
          <methods/>
          <lines>
            <line hits="402" number="12"/>
            <line hits="402" number="16"/>
            <line hits="402" number="17"/>
            <line hits="402" number="19"/>
            <line hits="402" number="20"/>
            <line hits="402" number="22"/>
            <line hits="402" number="23"/>
          </lines>
        </class>
      </classes>
    </package>
  </packages>
</coverage>
