<?xml version="1.0" encoding="UTF-8" standalone="no" ?>
<testsuites>
  <testsuite errors="0" failures="0" name="test_BEV_Basic_SimulationCases" skipped="0" tests="5" time="67.5559">
    <testcase classname="test_BEV_Basic_SimulationCases" name="PassingTest_1" time="27.7845"/>
    <testcase classname="test_BEV_Basic_SimulationCases" name="PassingTest_2" time="9.4385"/>
    <testcase classname="test_BEV_Basic_SimulationCases" name="PassingTest_3" time="9.7543"/>
    <testcase classname="test_BEV_Basic_SimulationCases" name="PassingTest_4" time="19.963"/>
    <testcase classname="test_BEV_Basic_SimulationCases" name="markdowns_are_uptodate" time="0.6157"/>
  </testsuite>
  <testsuite errors="0" failures="0" name="test_BEV_Thermal_SimulationCases" skipped="0" tests="3" time="24.9349">
    <testcase classname="test_BEV_Thermal_SimulationCases" name="PassingTest_1" time="14.2863"/>
    <testcase classname="test_BEV_Thermal_SimulationCases" name="PassingTest_2" time="10.3399"/>
    <testcase classname="test_BEV_Thermal_SimulationCases" name="markdown_is_uptodate" time="0.30872"/>
  </testsuite>
  <testsuite errors="0" failures="0" name="test_BEV" skipped="0" tests="7" time="22.9167">
    <testcase classname="test_BEV" name="PassingTest_1" time="0.019268"/>
    <testcase classname="test_BEV" name="PassingTest_2" time="0.28222"/>
    <testcase classname="test_BEV" name="PassingTest_3" time="7.6933"/>
    <testcase classname="test_BEV" name="PassingTest_4" time="14.5693"/>
    <testcase classname="test_BEV" name="html_is_uptodate" time="0.047739"/>
    <testcase classname="test_BEV" name="markdown_is_uptodate" time="0.27999"/>
    <testcase classname="test_BEV" name="screenshot_is_uptodate" time="0.024894"/>
  </testsuite>
  <testsuite errors="0" failures="0" name="test_BEVController_Basic_SimulationCases" skipped="0" tests="2" time="1.8155">
    <testcase classname="test_BEVController_Basic_SimulationCases" name="PassingTest_1" time="1.5539"/>
    <testcase classname="test_BEVController_Basic_SimulationCases" name="markdown_is_uptodate" time="0.26161"/>
  </testsuite>
  <testsuite errors="0" failures="0" name="test_BEVController_Basic" skipped="0" tests="2" time="0.94038">
    <testcase classname="test_BEVController_Basic" name="PassingTest_1" time="0.033917"/>
    <testcase classname="test_BEVController_Basic" name="simulation_ends_quickly" time="0.90646"/>
  </testsuite>
  <testsuite errors="0" failures="0" name="test_BEVController" skipped="0" tests="5" time="1.7146">
    <testcase classname="test_BEVController" name="PassingTest_1" time="0.0065895"/>
    <testcase classname="test_BEVController" name="PassingTest_2" time="0.34462"/>
    <testcase classname="test_BEVController" name="PassingTest_3" time="0.25894"/>
    <testcase classname="test_BEVController" name="PassingTest_4" time="0.17103"/>
    <testcase classname="test_BEVController" name="PassingTest_5" time="0.93339"/>
  </testsuite>
  <testsuite errors="0" failures="0" name="test_BatteryHV_Basic_SimulationCases" skipped="0" tests="5" time="14.6517">
    <testcase classname="test_BatteryHV_Basic_SimulationCases" name="PassingTest_1" time="4.145"/>
    <testcase classname="test_BatteryHV_Basic_SimulationCases" name="PassingTest_2" time="3.582"/>
    <testcase classname="test_BatteryHV_Basic_SimulationCases" name="PassingTest_3" time="3.3635"/>
    <testcase classname="test_BatteryHV_Basic_SimulationCases" name="PassingTest_4" time="3.2107"/>
    <testcase classname="test_BatteryHV_Basic_SimulationCases" name="markdown_is_uptodate" time="0.35049"/>
  </testsuite>
  <testsuite errors="0" failures="0" name="test_BatteryHV_Basic" skipped="0" tests="3" time="2.4746">
    <testcase classname="test_BatteryHV_Basic" name="PassingTest_1" time="0.044071"/>
    <testcase classname="test_BatteryHV_Basic" name="PassingTest_2" time="0.36892"/>
    <testcase classname="test_BatteryHV_Basic" name="simulation_ends_quickly" time="2.0616"/>
  </testsuite>
  <testsuite errors="0" failures="0" name="test_BatteryHV_BasicThermal_SimulationCases" skipped="0" tests="5" time="12.6134">
    <testcase classname="test_BatteryHV_BasicThermal_SimulationCases" name="PassingTest_1" time="3.0141"/>
    <testcase classname="test_BatteryHV_BasicThermal_SimulationCases" name="PassingTest_2" time="3.0465"/>
    <testcase classname="test_BatteryHV_BasicThermal_SimulationCases" name="PassingTest_3" time="3.0483"/>
    <testcase classname="test_BatteryHV_BasicThermal_SimulationCases" name="PassingTest_4" time="3.1756"/>
    <testcase classname="test_BatteryHV_BasicThermal_SimulationCases" name="markdown_is_uptodate" time="0.32888"/>
  </testsuite>
  <testsuite errors="0" failures="0" name="test_BatteryHV_BasicThermal" skipped="0" tests="3" time="3.3639">
    <testcase classname="test_BatteryHV_BasicThermal" name="PassingTest_1" time="0.04619"/>
    <testcase classname="test_BatteryHV_BasicThermal" name="PassingTest_2" time="0.48712"/>
    <testcase classname="test_BatteryHV_BasicThermal" name="simulation_ends_quickly" time="2.8306"/>
  </testsuite>
  <testsuite errors="0" failures="0" name="test_BatteryHV_Primitive_SimulationCases" skipped="0" tests="5" time="13.466">
    <testcase classname="test_BatteryHV_Primitive_SimulationCases" name="PassingTest_1" time="3.2703"/>
    <testcase classname="test_BatteryHV_Primitive_SimulationCases" name="PassingTest_2" time="3.1754"/>
    <testcase classname="test_BatteryHV_Primitive_SimulationCases" name="PassingTest_3" time="3.1908"/>
    <testcase classname="test_BatteryHV_Primitive_SimulationCases" name="PassingTest_4" time="3.3576"/>
    <testcase classname="test_BatteryHV_Primitive_SimulationCases" name="markdown_is_uptodate" time="0.47185"/>
  </testsuite>
  <testsuite errors="0" failures="0" name="test_BatteryHV_Primitive" skipped="0" tests="3" time="3.0364">
    <testcase classname="test_BatteryHV_Primitive" name="PassingTest_1" time="0.04728"/>
    <testcase classname="test_BatteryHV_Primitive" name="PassingTest_2" time="0.55483"/>
    <testcase classname="test_BatteryHV_Primitive" name="simulation_ends_quickly" time="2.4343"/>
  </testsuite>
  <testsuite errors="0" failures="0" name="test_BatteryHV_SystemTable_SimulationCases" skipped="0" tests="5" time="17.7954">
    <testcase classname="test_BatteryHV_SystemTable_SimulationCases" name="PassingTest_1" time="4.5603"/>
    <testcase classname="test_BatteryHV_SystemTable_SimulationCases" name="PassingTest_2" time="4.6776"/>
    <testcase classname="test_BatteryHV_SystemTable_SimulationCases" name="PassingTest_3" time="4.0946"/>
    <testcase classname="test_BatteryHV_SystemTable_SimulationCases" name="PassingTest_4" time="4.0675"/>
    <testcase classname="test_BatteryHV_SystemTable_SimulationCases" name="markdown_is_uptodate" time="0.39541"/>
  </testsuite>
  <testsuite errors="0" failures="0" name="BatteryHV_test_SystemTable_Utility" skipped="0" tests="3" time="1.2928">
    <testcase classname="BatteryHV_test_SystemTable_Utility" name="MQC_BatteryHV_buildData_sample_script_1" time="0.45495"/>
    <testcase classname="BatteryHV_test_SystemTable_Utility" name="MQC_BatteryHV_SystemTable_ParameterPlot_sample_script_1" time="0.57519"/>
    <testcase classname="BatteryHV_test_SystemTable_Utility" name="check_markdowns" time="0.26271"/>
  </testsuite>
  <testsuite errors="0" failures="0" name="test_BatteryHV_SystemTable" skipped="0" tests="3" time="3.8981">
    <testcase classname="test_BatteryHV_SystemTable" name="PassingTest_1" time="0.08027"/>
    <testcase classname="test_BatteryHV_SystemTable" name="PassingTest_2" time="0.51797"/>
    <testcase classname="test_BatteryHV_SystemTable" name="simulation_ends_quickly" time="3.2998"/>
  </testsuite>
  <testsuite errors="0" failures="0" name="test_BatteryHV_SystemThermal_SimulationCases" skipped="0" tests="5" time="16.6603">
    <testcase classname="test_BatteryHV_SystemThermal_SimulationCases" name="PassingTest_1" time="4.186"/>
    <testcase classname="test_BatteryHV_SystemThermal_SimulationCases" name="PassingTest_2" time="4.4244"/>
    <testcase classname="test_BatteryHV_SystemThermal_SimulationCases" name="PassingTest_3" time="3.7499"/>
    <testcase classname="test_BatteryHV_SystemThermal_SimulationCases" name="PassingTest_4" time="3.7922"/>
    <testcase classname="test_BatteryHV_SystemThermal_SimulationCases" name="markdown_is_uptodate" time="0.50772"/>
  </testsuite>
  <testsuite errors="0" failures="0" name="test_BatteryHV_SystemThermal" skipped="0" tests="3" time="3.7478">
    <testcase classname="test_BatteryHV_SystemThermal" name="PassingTest_1" time="0.056872"/>
    <testcase classname="test_BatteryHV_SystemThermal" name="PassingTest_2" time="0.5081"/>
    <testcase classname="test_BatteryHV_SystemThermal" name="simulation_ends_quickly" time="3.1829"/>
  </testsuite>
  <testsuite errors="0" failures="0" name="test_BatteryHV" skipped="0" tests="7" time="2.6354">
    <testcase classname="test_BatteryHV" name="PassingTest_1" time="0.034176"/>
    <testcase classname="test_BatteryHV" name="PassingTest_2" time="0.18437"/>
    <testcase classname="test_BatteryHV" name="PassingTest_3" time="2.084"/>
    <testcase classname="test_BatteryHV" name="PassingTest_4" time="0.0029426"/>
    <testcase classname="test_BatteryHV" name="html_is_uptodate" time="0.025413"/>
    <testcase classname="test_BatteryHV" name="markdown_is_uptodate" time="0.27741"/>
    <testcase classname="test_BatteryHV" name="screenshot_is_uptodate" time="0.02707"/>
  </testsuite>
  <testsuite errors="0" failures="0" name="test_CtrlEnv_Basic" skipped="0" tests="2" time="7.2349">
    <testcase classname="test_CtrlEnv_Basic" name="PassingTest_1" time="0.031926"/>
    <testcase classname="test_CtrlEnv_Basic" name="simulation_ends_quickly" time="7.203"/>
  </testsuite>
  <testsuite errors="0" failures="0" name="test_CtrlEnv_Vehicle" skipped="0" tests="10" time="6.891">
    <testcase classname="test_CtrlEnv_Vehicle" name="PassingTest_1" time="0.0054449"/>
    <testcase classname="test_CtrlEnv_Vehicle" name="PassingTest_2" time="0.0052054"/>
    <testcase classname="test_CtrlEnv_Vehicle" name="PassingTest_3" time="0.12156"/>
    <testcase classname="test_CtrlEnv_Vehicle" name="PassingTest_4_error" time="0.11817"/>
    <testcase classname="test_CtrlEnv_Vehicle" name="PassingTest_5" time="0.022346"/>
    <testcase classname="test_CtrlEnv_Vehicle" name="PassingTest_6" time="0.24462"/>
    <testcase classname="test_CtrlEnv_Vehicle" name="PassingTest_7" time="3.739"/>
    <testcase classname="test_CtrlEnv_Vehicle" name="PassingTest_8" time="0.15081"/>
    <testcase classname="test_CtrlEnv_Vehicle" name="PassingTest_9" time="0.0035559"/>
    <testcase classname="test_CtrlEnv_Vehicle" name="simulation_ends_quickly" time="2.4803"/>
  </testsuite>
  <testsuite errors="0" failures="0" name="test_CtrlEnv_Utility" skipped="0" tests="6" time="2.2281">
    <testcase classname="test_CtrlEnv_Utility" name="PassingTest_1_error" time="0.026899"/>
    <testcase classname="test_CtrlEnv_Utility" name="PassingTest_2" time="0.45514"/>
    <testcase classname="test_CtrlEnv_Utility" name="PassingTest_3" time="0.4531"/>
    <testcase classname="test_CtrlEnv_Utility" name="PassingTest_4" time="0.44249"/>
    <testcase classname="test_CtrlEnv_Utility" name="PassingTest_5" time="0.40182"/>
    <testcase classname="test_CtrlEnv_Utility" name="PassingTest_6" time="0.44863"/>
  </testsuite>
  <testsuite errors="0" failures="0" name="test_CtrlEnv" skipped="0" tests="3" time="7.6605">
    <testcase classname="test_CtrlEnv" name="PassingTest_1" time="0.007942"/>
    <testcase classname="test_CtrlEnv" name="PassingTest_2" time="0.17844"/>
    <testcase classname="test_CtrlEnv" name="PassingTest_3" time="7.4741"/>
  </testsuite>
  <testsuite errors="0" failures="0" name="test_MotorDriveUnit_Basic_SimulationCases" skipped="0" tests="5" time="18.691">
    <testcase classname="test_MotorDriveUnit_Basic_SimulationCases" name="PassingTest_1" time="5.2536"/>
    <testcase classname="test_MotorDriveUnit_Basic_SimulationCases" name="PassingTest_2" time="4.2199"/>
    <testcase classname="test_MotorDriveUnit_Basic_SimulationCases" name="PassingTest_3" time="4.5945"/>
    <testcase classname="test_MotorDriveUnit_Basic_SimulationCases" name="PassingTest_4" time="4.2205"/>
    <testcase classname="test_MotorDriveUnit_Basic_SimulationCases" name="markdown_is_uptodate" time="0.40248"/>
  </testsuite>
  <testsuite errors="2" failures="0" name="test_MotorDriveUnit_Basic" skipped="0" tests="7" time="1.4008">
    <testcase classname="test_MotorDriveUnit_Basic" name="PassingTest_1" time="0.044975"/>
    <testcase classname="test_MotorDriveUnit_Basic" name="PassingTest_2" time="0.13851"/>
    <testcase classname="test_MotorDriveUnit_Basic" name="PassingTest_3" time="0.37278"/>
    <testcase classname="test_MotorDriveUnit_Basic" name="PassingTest_4" time="0.041609">
      <error>Error occurred in test_MotorDriveUnit_Basic/PassingTest_4 and it did not run to completion.
    ---------
    Error ID:
    ---------
    'MATLAB:nonExistentField'
    --------------
    Error Details:
    --------------
    Unrecognized field name "ParentAxes".
    
    Error in MotorDriveUnit_BasicModelEfficiencyPlot (line 45)
      ParentAxes = NameValuePair.ParentAxes, ...
      ^^^^^^^^^^^^^^^^^^^^^^^^^^^^^^^^^^^^^^^^^^
    Error in test_MotorDriveUnit_Basic/PassingTest_4 (line 87)
          evalin("base", target_name)  % !test-target
          ^^^^^^^^^^^^^^^^^^^^^^^^^^^^^^</error>
    </testcase>
    <testcase classname="test_MotorDriveUnit_Basic" name="PassingTest_5" time="0.49464">
      <error>Error occurred in test_MotorDriveUnit_Basic/PassingTest_5 and it did not run to completion.
    ---------
    Error ID:
    ---------
    'MATLAB:nonExistentField'
    --------------
    Error Details:
    --------------
    Unrecognized field name "ParentAxes".
    
    Error in MotorDriveUnit_BasicModelEfficiencyPlot (line 45)
      ParentAxes = NameValuePair.ParentAxes, ...
      ^^^^^^^^^^^^^^^^^^^^^^^^^^^^^^^^^^^^^^^^^^
    Error in MotorDriveUnit_BasicModelEfficiencyDoc (line 14)
    fig = MotorDriveUnit_BasicModelEfficiencyPlot( ... %[output:group:02221553] %[output:0945826d]
    ^^^^^^^^^^^^^^^^^^^^^^^^^^^^^^^^^^^^^^^^^^^^^^^^^^
    Error in test_MotorDriveUnit_Basic/PassingTest_5 (line 94)
          evalin("base", target_name)  % !test-target
          ^^^^^^^^^^^^^^^^^^^^^^^^^^^^^^</error>
    </testcase>
    <testcase classname="test_MotorDriveUnit_Basic" name="test_MotorDriveUnit_getBasicModelBlockInfo_1" time="0.29524"/>
    <testcase classname="test_MotorDriveUnit_Basic" name="plot_image_is_uptodate" time="0.013082"/>
  </testsuite>
  <testsuite errors="1" failures="0" name="test_MotorDriveUnit_BasicModelEfficiencyApp" skipped="0" tests="2" time="3.717">
    <testcase classname="test_MotorDriveUnit_BasicModelEfficiencyApp" name="PassingTest_1" time="3.6798">
      <error>Error occurred in test_MotorDriveUnit_BasicModelEfficiencyApp/PassingTest_1 and it did not run to completion.
    ---------
    Error ID:
    ---------
    'MATLAB:validation:UnableToConvert'
    --------------
    Error Details:
    --------------
    Invalid output 'fig'. Value must be of type matlab.ui.Figure or be convertible to matlab.ui.Figure.
    
    Error in MotorDriveUnit_EfficiencyPlot (line 66)
      fig (1,1) matlab.ui.Figure
      ^^^^^^^^^^^^^^^^^^^^^^^^^^
    Error in MotorDriveUnit_BasicModelEfficiencyApp&gt;build_app_ui/update_plot (line 314)
        MotorDriveUnit_EfficiencyPlot( ParentAxes=parent, ...
        ^^^^^^^^^^^^^^^^^^^^^^^^^^^^^^^^^^^^^^^^^^^^^^^^^^^^^
    Error in MotorDriveUnit_BasicModelEfficiencyApp&gt;build_app_ui/auto_update (line 338)
          update_plot(AppUIStruct.AxesUI.MainAxes)
          ^^^^^^^^^^^^^^^^^^^^^^^^^^^^^^^^^^^^^^^^
    Error in MotorDriveUnit_BasicModelEfficiencyApp&gt;build_app_ui (line 421)
    auto_update()
    ^^^^^^^^^^^^^
    Error in MotorDriveUnit_BasicModelEfficiencyApp (line 22)
    app_ui = build_app_ui(app_setup);
    ^^^^^^^^^^^^^^^^^^^^^^^^^^^^^^^^^
    Error in test_MotorDriveUnit_BasicModelEfficiencyApp/PassingTest_1/target (line 73)
            testcase.App = MotorDriveUnit_BasicModelEfficiencyApp;  % !test-target
            ^^^^^^^^^^^^^^^^^^^^^^^^^^^^^^^^^^^^^^^^^^^^^^^^^^^^^^^^^
    Error in test_MotorDriveUnit_BasicModelEfficiencyApp&gt;@()target() (line 71)
          verifyWarningFree(testcase, @() target())
          ^^^^^^^^^^^^^^^^^^^^^^^^^^^^^^^^^^^^^^^^^
    Error in matlab.unittest.internal.constraints.FunctionHandleConstraint/invoke (line 35)
                [varargout{1:nargout}] = fcn();
                ^^^^^^^^^^^^^^^^^^^^^^^^^^^^^^^
    Error in matlab.unittest.internal.constraints.WarningQualificationConstraint/invoke (line 43)
                    constraint.invoke@matlab.unittest.internal.constraints.FunctionHandleConstraint(fcn);
                    ^^^^^^^^^^^^^^^^^^^^^^^^^^^^^^^^^^^^^^^^^^^^^^^^^^^^^^^^^^^^^^^^^^^^^^^^^^^^^^^^^^^^^
    Error in matlab.unittest.constraints.IssuesNoWarnings/issuesNoWarnings (line 141)
                constraint.invoke(actual);
                ^^^^^^^^^^^^^^^^^^^^^^^^^^
    Error in matlab.unittest.constraints.IssuesNoWarnings/satisfiedBy (line 84)
                    constraint.issuesNoWarnings(actual);
                    ^^^^^^^^^^^^^^^^^^^^^^^^^^^^^^^^^^^^
    Error in matlab.unittest.internal.constraints.CasualDiagnosticDecorator/satisfiedBy (line 42)
                bool = decorator.Constraint.satisfiedBy(actual);
                ^^^^^^^^^^^^^^^^^^^^^^^^^^^^^^^^^^^^^^^^^^^^^^^^
    Error in matlab.unittest.internal.qualifications.QualificationDelegate/qualifyThat (line 82)
                    result = constraint.satisfiedBy(actual);
                    ^^^^^^^^^^^^^^^^^^^^^^^^^^^^^^^^^^^^^^^^
    Error in matlab.unittest.internal.qualifications.QualificationDelegate/qualifyWarningFree (line 224)
                delegate.qualifyThat(qualifiable, notificationData, actual, issuesNoWarningsWithOutputs, varargin{:});
                ^^^^^^^^^^^^^^^^^^^^^^^^^^^^^^^^^^^^^^^^^^^^^^^^^^^^^^^^^^^^^^^^^^^^^^^^^^^^^^^^^^^^^^^^^^^^^^^^^^^^^^
    Error in matlab.unittest.qualifications.Verifiable/verifyWarningFree (line 833)
                [varargout{1:nargout}] = qualifyWarningFree(verifiable.VerificationDelegate, ...
                ^^^^^^^^^^^^^^^^^^^^^^^^^^^^^^^^^^^^^^^^^^^^^^^^^^^^^^^^^^^^^^^^^^^^^^^^^^^^^^^^
    Error in test_MotorDriveUnit_BasicModelEfficiencyApp/PassingTest_1 (line 71)
          verifyWarningFree(testcase, @() target())
          ^^^^^^^^^^^^^^^^^^^^^^^^^^^^^^^^^^^^^^^^^</error>
    </testcase>
    <testcase classname="test_MotorDriveUnit_BasicModelEfficiencyApp" name="app_screenshot_is_uptodate" time="0.037202"/>
  </testsuite>
  <testsuite errors="0" failures="0" name="test_MotorDriveUnit_BasicThermal_SimulationCases" skipped="0" tests="5" time="19.5645">
    <testcase classname="test_MotorDriveUnit_BasicThermal_SimulationCases" name="PassingTest_1" time="5.1878"/>
    <testcase classname="test_MotorDriveUnit_BasicThermal_SimulationCases" name="PassingTest_2" time="4.621"/>
    <testcase classname="test_MotorDriveUnit_BasicThermal_SimulationCases" name="PassingTest_3" time="5.0351"/>
    <testcase classname="test_MotorDriveUnit_BasicThermal_SimulationCases" name="PassingTest_4" time="4.3504"/>
    <testcase classname="test_MotorDriveUnit_BasicThermal_SimulationCases" name="markdown_is_uptodate" time="0.37015"/>
  </testsuite>
  <testsuite errors="0" failures="0" name="test_MotorDriveUnit_BasicThermal" skipped="0" tests="2" time="0.20467">
    <testcase classname="test_MotorDriveUnit_BasicThermal" name="PassingTest_1" time="0.044051"/>
    <testcase classname="test_MotorDriveUnit_BasicThermal" name="PassingTest_2" time="0.16062"/>
  </testsuite>
  <testsuite errors="0" failures="0" name="test_MotorDriveUnit_SystemTable_SimulationCases" skipped="0" tests="5" time="18.5829">
    <testcase classname="test_MotorDriveUnit_SystemTable_SimulationCases" name="PassingTest_1" time="4.6183"/>
    <testcase classname="test_MotorDriveUnit_SystemTable_SimulationCases" name="PassingTest_2" time="4.3427"/>
    <testcase classname="test_MotorDriveUnit_SystemTable_SimulationCases" name="PassingTest_3" time="4.6965"/>
    <testcase classname="test_MotorDriveUnit_SystemTable_SimulationCases" name="PassingTest_4" time="4.5099"/>
    <testcase classname="test_MotorDriveUnit_SystemTable_SimulationCases" name="markdown_is_uptodate" time="0.41538"/>
  </testsuite>
  <testsuite errors="0" failures="0" name="test_MotorDriveUnit_SystemTable" skipped="0" tests="2" time="0.17866">
    <testcase classname="test_MotorDriveUnit_SystemTable" name="PassingTest_1" time="0.043822"/>
    <testcase classname="test_MotorDriveUnit_SystemTable" name="PassingTest_2" time="0.13484"/>
  </testsuite>
  <testsuite errors="0" failures="0" name="test_MotorDriveUnit_SystemThermal_SimulationCases" skipped="0" tests="5" time="18.9924">
    <testcase classname="test_MotorDriveUnit_SystemThermal_SimulationCases" name="PassingTest_1" time="4.7241"/>
    <testcase classname="test_MotorDriveUnit_SystemThermal_SimulationCases" name="PassingTest_2" time="4.4602"/>
    <testcase classname="test_MotorDriveUnit_SystemThermal_SimulationCases" name="PassingTest_3" time="5.04"/>
    <testcase classname="test_MotorDriveUnit_SystemThermal_SimulationCases" name="PassingTest_4" time="4.4048"/>
    <testcase classname="test_MotorDriveUnit_SystemThermal_SimulationCases" name="markdown_is_uptodate" time="0.3634"/>
  </testsuite>
  <testsuite errors="0" failures="0" name="test_MotorDriveUnit_SystemThermal" skipped="0" tests="5" time="1.11">
    <testcase classname="test_MotorDriveUnit_SystemThermal" name="PassingTest_1" time="0.041201"/>
    <testcase classname="test_MotorDriveUnit_SystemThermal" name="PassingTest_2" time="0.16053"/>
    <testcase classname="test_MotorDriveUnit_SystemThermal" name="PassingTest_3" time="0.5518"/>
    <testcase classname="test_MotorDriveUnit_SystemThermal" name="test_MotorDriveUnit_getBlockInfo_System_1" time="0.32477"/>
    <testcase classname="test_MotorDriveUnit_SystemThermal" name="plot_image_is_uptodate" time="0.031707"/>
  </testsuite>
  <testsuite errors="1" failures="0" name="test_MotorDriveUnit_SystemThermalModelEfficiencyApp" skipped="0" tests="2" time="2.1036">
    <testcase classname="test_MotorDriveUnit_SystemThermalModelEfficiencyApp" name="PassingTest_1" time="2.0768">
      <error>Error occurred in test_MotorDriveUnit_SystemThermalModelEfficiencyApp/PassingTest_1 and it did not run to completion.
    ---------
    Error ID:
    ---------
    'MATLAB:validation:UnableToConvert'
    --------------
    Error Details:
    --------------
    Invalid output 'fig'. Value must be of type matlab.ui.Figure or be convertible to matlab.ui.Figure.
    
    Error in MotorDriveUnit_EfficiencyPlot (line 66)
      fig (1,1) matlab.ui.Figure
      ^^^^^^^^^^^^^^^^^^^^^^^^^^
    Error in MotorDriveUnit_SystemThermalModelEfficiencyApp&gt;build_app_ui/update_plot (line 430)
        MotorDriveUnit_EfficiencyPlot( ParentAxes=parent, ...
        ^^^^^^^^^^^^^^^^^^^^^^^^^^^^^^^^^^^^^^^^^^^^^^^^^^^^^
    Error in MotorDriveUnit_SystemThermalModelEfficiencyApp&gt;build_app_ui/auto_update (line 456)
          update_plot(AppUIStruct.AxesUI.MainAxes)
          ^^^^^^^^^^^^^^^^^^^^^^^^^^^^^^^^^^^^^^^^
    Error in MotorDriveUnit_SystemThermalModelEfficiencyApp&gt;build_app_ui (line 554)
    auto_update()
    ^^^^^^^^^^^^^
    Error in MotorDriveUnit_SystemThermalModelEfficiencyApp (line 22)
    app_ui = build_app_ui(app_setup);
    ^^^^^^^^^^^^^^^^^^^^^^^^^^^^^^^^^
    Error in test_MotorDriveUnit_SystemThermalModelEfficiencyApp/PassingTest_1/target (line 73)
            testcase.App = MotorDriveUnit_SystemThermalModelEfficiencyApp;  % !test-target
            ^^^^^^^^^^^^^^^^^^^^^^^^^^^^^^^^^^^^^^^^^^^^^^^^^^^^^^^^^^^^^^^^^
    Error in test_MotorDriveUnit_SystemThermalModelEfficiencyApp&gt;@()target() (line 71)
          verifyWarningFree(testcase, @() target())
          ^^^^^^^^^^^^^^^^^^^^^^^^^^^^^^^^^^^^^^^^^
    Error in matlab.unittest.internal.constraints.FunctionHandleConstraint/invoke (line 35)
                [varargout{1:nargout}] = fcn();
                ^^^^^^^^^^^^^^^^^^^^^^^^^^^^^^^
    Error in matlab.unittest.internal.constraints.WarningQualificationConstraint/invoke (line 43)
                    constraint.invoke@matlab.unittest.internal.constraints.FunctionHandleConstraint(fcn);
                    ^^^^^^^^^^^^^^^^^^^^^^^^^^^^^^^^^^^^^^^^^^^^^^^^^^^^^^^^^^^^^^^^^^^^^^^^^^^^^^^^^^^^^
    Error in matlab.unittest.constraints.IssuesNoWarnings/issuesNoWarnings (line 141)
                constraint.invoke(actual);
                ^^^^^^^^^^^^^^^^^^^^^^^^^^
    Error in matlab.unittest.constraints.IssuesNoWarnings/satisfiedBy (line 84)
                    constraint.issuesNoWarnings(actual);
                    ^^^^^^^^^^^^^^^^^^^^^^^^^^^^^^^^^^^^
    Error in matlab.unittest.internal.constraints.CasualDiagnosticDecorator/satisfiedBy (line 42)
                bool = decorator.Constraint.satisfiedBy(actual);
                ^^^^^^^^^^^^^^^^^^^^^^^^^^^^^^^^^^^^^^^^^^^^^^^^
    Error in matlab.unittest.internal.qualifications.QualificationDelegate/qualifyThat (line 82)
                    result = constraint.satisfiedBy(actual);
                    ^^^^^^^^^^^^^^^^^^^^^^^^^^^^^^^^^^^^^^^^
    Error in matlab.unittest.internal.qualifications.QualificationDelegate/qualifyWarningFree (line 224)
                delegate.qualifyThat(qualifiable, notificationData, actual, issuesNoWarningsWithOutputs, varargin{:});
                ^^^^^^^^^^^^^^^^^^^^^^^^^^^^^^^^^^^^^^^^^^^^^^^^^^^^^^^^^^^^^^^^^^^^^^^^^^^^^^^^^^^^^^^^^^^^^^^^^^^^^^
    Error in matlab.unittest.qualifications.Verifiable/verifyWarningFree (line 833)
                [varargout{1:nargout}] = qualifyWarningFree(verifiable.VerificationDelegate, ...
                ^^^^^^^^^^^^^^^^^^^^^^^^^^^^^^^^^^^^^^^^^^^^^^^^^^^^^^^^^^^^^^^^^^^^^^^^^^^^^^^^
    Error in test_MotorDriveUnit_SystemThermalModelEfficiencyApp/PassingTest_1 (line 71)
          verifyWarningFree(testcase, @() target())
          ^^^^^^^^^^^^^^^^^^^^^^^^^^^^^^^^^^^^^^^^^</error>
    </testcase>
    <testcase classname="test_MotorDriveUnit_SystemThermalModelEfficiencyApp" name="app_screenshot_is_uptodate" time="0.026839"/>
  </testsuite>
  <testsuite errors="0" failures="0" name="test_MotorDriveUnit_Utility" skipped="0" tests="8" time="2.631">
    <testcase classname="test_MotorDriveUnit_Utility" name="PassingTest_1" time="0.12254"/>
    <testcase classname="test_MotorDriveUnit_Utility" name="PassingTest_2_error" time="0.028566"/>
    <testcase classname="test_MotorDriveUnit_Utility" name="PassingTest_2" time="0.010047"/>
    <testcase classname="test_MotorDriveUnit_Utility" name="PassingTest_3" time="0.52535"/>
    <testcase classname="test_MotorDriveUnit_Utility" name="PassingTest_4" time="0.4095"/>
    <testcase classname="test_MotorDriveUnit_Utility" name="PassingTest_5" time="0.42854"/>
    <testcase classname="test_MotorDriveUnit_Utility" name="PassingTest_6" time="0.69699"/>
    <testcase classname="test_MotorDriveUnit_Utility" name="PassingTest_7" time="0.4095"/>
  </testsuite>
  <testsuite errors="0" failures="0" name="test_MotorDriveUnit" skipped="0" tests="14" time="17.2892">
    <testcase classname="test_MotorDriveUnit" name="PassingTest_1" time="0.006815"/>
    <testcase classname="test_MotorDriveUnit" name="PassingTest_2" time="0.01044"/>
    <testcase classname="test_MotorDriveUnit" name="PassingTest_3" time="0.18678"/>
    <testcase classname="test_MotorDriveUnit" name="PassingTest_4" time="3.0347"/>
    <testcase classname="test_MotorDriveUnit" name="PassingTest_5" time="0.0030706"/>
    <testcase classname="test_MotorDriveUnit" name="PassingTest_6" time="0.341"/>
    <testcase classname="test_MotorDriveUnit" name="PassingTest_7" time="0.34328"/>
    <testcase classname="test_MotorDriveUnit" name="PassingTest_8" time="0.51145"/>
    <testcase classname="test_MotorDriveUnit" name="PassingTest_9" time="0.4762"/>
    <testcase classname="test_MotorDriveUnit" name="PassingTest_10" time="0.49376"/>
    <testcase classname="test_MotorDriveUnit" name="html_is_uptodate" time="0.025661"/>
    <testcase classname="test_MotorDriveUnit" name="markdown_is_uptodate" time="0.26028"/>
    <testcase classname="test_MotorDriveUnit" name="screenshot_is_uptodate" time="0.033297"/>
    <testcase classname="test_MotorDriveUnit" name="test_OpenApp_CallbackButton_1" time="11.5625"/>
  </testsuite>
  <testsuite errors="0" failures="0" name="testui_MotorDriveUnit" skipped="0" tests="2" time="76.3122">
    <testcase classname="testui_MotorDriveUnit" name="PassingTest_1" time="76.2598"/>
    <testcase classname="testui_MotorDriveUnit" name="app_screenshot_is_uptodate" time="0.052363"/>
  </testsuite>
  <testsuite errors="0" failures="0" name="test_Reducer_Basic_SimulationCases" skipped="0" tests="3" time="38.646">
    <testcase classname="test_Reducer_Basic_SimulationCases" name="PassingTest_1" time="3.3523"/>
    <testcase classname="test_Reducer_Basic_SimulationCases" name="PassingTest_2" time="2.3628"/>
    <testcase classname="test_Reducer_Basic_SimulationCases" name="markdown_is_uptodate" time="32.9309"/>
  </testsuite>
  <testsuite errors="0" failures="0" name="test_Reducer_Basic" skipped="0" tests="3" time="2.2079">
    <testcase classname="test_Reducer_Basic" name="PassingTest_1" time="0.05191"/>
    <testcase classname="test_Reducer_Basic" name="PassingTest_2" time="0.54129"/>
    <testcase classname="test_Reducer_Basic" name="PassingTest_4" time="1.6147"/>
  </testsuite>
  <testsuite errors="0" failures="0" name="test_Reducer_Utility" skipped="0" tests="6" time="3.8415">
    <testcase classname="test_Reducer_Utility" name="PassingTest_1" time="0.95726"/>
    <testcase classname="test_Reducer_Utility" name="PassingTest_2" time="0.46575"/>
    <testcase classname="test_Reducer_Utility" name="PassingTest_3" time="0.64743"/>
    <testcase classname="test_Reducer_Utility" name="PassingTest_4" time="0.6719"/>
    <testcase classname="test_Reducer_Utility" name="PassingTest_5" time="0.72694"/>
    <testcase classname="test_Reducer_Utility" name="markdown_is_uptodate" time="0.37225"/>
  </testsuite>
  <testsuite errors="0" failures="0" name="test_Reducer" skipped="0" tests="6" time="18.4359">
    <testcase classname="test_Reducer" name="PassingTest_2" time="0.0082702"/>
    <testcase classname="test_Reducer" name="PassingTest_3" time="0.19722"/>
    <testcase classname="test_Reducer" name="PassingTest_4" time="2.6648"/>
    <testcase classname="test_Reducer" name="screenshot_is_uptodate" time="2.4337"/>
    <testcase classname="test_Reducer" name="test_CallbackButton_setting_1" time="6.9307"/>
    <testcase classname="test_Reducer" name="test_CallbackButton_setting_2" time="6.2013"/>
  </testsuite>
  <testsuite errors="0" failures="0" name="test_Vehicle1DPerformance" skipped="0" tests="3" time="0.90912">
    <testcase classname="test_Vehicle1DPerformance" name="MQC_plot_1" time="0.73664"/>
    <testcase classname="test_Vehicle1DPerformance" name="MQC_parameters_1" time="0.10812"/>
    <testcase classname="test_Vehicle1DPerformance" name="MQC_parameter_presets_1" time="0.064359"/>
  </testsuite>
  <testsuite errors="0" failures="0" name="testui_Vehicle1DPerformanceApp" skipped="0" tests="9" time="150.7888">
    <testcase classname="testui_Vehicle1DPerformanceApp" name="PassingTest_1" time="13.8526"/>
    <testcase classname="testui_Vehicle1DPerformanceApp" name="test_option_BlockPath_1" time="13.7543"/>
    <testcase classname="testui_Vehicle1DPerformanceApp" name="test_option_BlockPath_2" time="13.306"/>
    <testcase classname="testui_Vehicle1DPerformanceApp" name="test_option_BlockPath_warning_1" time="12.8119"/>
    <testcase classname="testui_Vehicle1DPerformanceApp" name="uitest_Information" time="21.2128"/>
    <testcase classname="testui_Vehicle1DPerformanceApp" name="uitest_EditField_Mass" time="17.6268"/>
    <testcase classname="testui_Vehicle1DPerformanceApp" name="uitest_Preset" time="20.3596"/>
    <testcase classname="testui_Vehicle1DPerformanceApp" name="uitest_OpenFigure" time="18.596"/>
    <testcase classname="testui_Vehicle1DPerformanceApp" name="uitest_UpdateButton" time="19.269"/>
  </testsuite>
  <testsuite errors="0" failures="0" name="test_Vehicle1D_Basic_SimulationCases" skipped="0" tests="5" time="14.463">
    <testcase classname="test_Vehicle1D_Basic_SimulationCases" name="PassingTest_1" time="4.3279"/>
    <testcase classname="test_Vehicle1D_Basic_SimulationCases" name="PassingTest_2" time="3.2333"/>
    <testcase classname="test_Vehicle1D_Basic_SimulationCases" name="PassingTest_3" time="3.5671"/>
    <testcase classname="test_Vehicle1D_Basic_SimulationCases" name="PassingTest_4" time="2.9193"/>
    <testcase classname="test_Vehicle1D_Basic_SimulationCases" name="markdown_is_uptodate" time="0.41544"/>
  </testsuite>
  <testsuite errors="0" failures="0" name="test_Vehicle1D_Basic" skipped="0" tests="2" time="0.3352">
    <testcase classname="test_Vehicle1D_Basic" name="MQC_params_1" time="0.0077151"/>
    <testcase classname="test_Vehicle1D_Basic" name="blockParameters_Vehicle1D_Driveline" time="0.32748"/>
  </testsuite>
  <testsuite errors="0" failures="0" name="testui_Vehicle1DPerformanceDesignApp_Basic" skipped="0" tests="3" time="34.5577">
    <testcase classname="testui_Vehicle1DPerformanceDesignApp_Basic" name="MQC_App_1" time="10.1526"/>
    <testcase classname="testui_Vehicle1DPerformanceDesignApp_Basic" name="test_vehicle_mass" time="12.2189"/>
    <testcase classname="testui_Vehicle1DPerformanceDesignApp_Basic" name="test_frontal_area" time="12.1862"/>
  </testsuite>
  <testsuite errors="0" failures="0" name="test_Vehicle1D_Utility" skipped="0" tests="8" time="5.6823">
    <testcase classname="test_Vehicle1D_Utility" name="PassingTest_1" time="3.3798"/>
    <testcase classname="test_Vehicle1D_Utility" name="PassingTest_2" time="0.48354"/>
    <testcase classname="test_Vehicle1D_Utility" name="PassingTest_3" time="0.0051971"/>
    <testcase classname="test_Vehicle1D_Utility" name="PassingTest_4" time="0.55281"/>
    <testcase classname="test_Vehicle1D_Utility" name="PassingTest_5" time="0.31355"/>
    <testcase classname="test_Vehicle1D_Utility" name="PassingTest_6" time="0.30012"/>
    <testcase classname="test_Vehicle1D_Utility" name="PassingTest_7" time="0.34587"/>
    <testcase classname="test_Vehicle1D_Utility" name="PassingTest_8" time="0.30142"/>
  </testsuite>
  <testsuite errors="0" failures="0" name="test_Vehicle1D" skipped="0" tests="2" time="0.042451">
    <testcase classname="test_Vehicle1D" name="PassingTest_1" time="0.0059926"/>
    <testcase classname="test_Vehicle1D" name="description_html_is_uptodate" time="0.036458"/>
  </testsuite>
  <testsuite errors="0" failures="0" name="testui_Vehicle1DPerformanceDesignApp" skipped="0" tests="3" time="52.5872">
    <testcase classname="testui_Vehicle1DPerformanceDesignApp" name="PassingTest_1" time="11.4114"/>
    <testcase classname="testui_Vehicle1DPerformanceDesignApp" name="uitest_EditField_Mass" time="19.7799"/>
    <testcase classname="testui_Vehicle1DPerformanceDesignApp" name="uitest_Preset" time="21.396"/>
  </testsuite>
  <testsuite errors="0" failures="0" name="test_VehSpdRef_SimulationCases" skipped="0" tests="5" time="10.2264">
    <testcase classname="test_VehSpdRef_SimulationCases" name="PassingTest_1" time="2.1786"/>
    <testcase classname="test_VehSpdRef_SimulationCases" name="PassingTest_2" time="1.2557"/>
    <testcase classname="test_VehSpdRef_SimulationCases" name="PassingTest_3" time="1.0506"/>
    <testcase classname="test_VehSpdRef_SimulationCases" name="PassingTest_4" time="5.3803"/>
    <testcase classname="test_VehSpdRef_SimulationCases" name="test_markdowns_uptodate" time="0.36126"/>
  </testsuite>
  <testsuite errors="0" failures="0" name="test_VehSpdRef_Utility" skipped="0" tests="1" time="1.1062">
    <testcase classname="test_VehSpdRef_Utility" name="PassingTest_1" time="1.1062"/>
  </testsuite>
  <testsuite errors="0" failures="0" name="test_VehSpdRef" skipped="0" tests="7" time="2.2735">
    <testcase classname="test_VehSpdRef" name="PassingTest_1" time="0.29469"/>
    <testcase classname="test_VehSpdRef" name="PassingTest_2" time="0.2806"/>
    <testcase classname="test_VehSpdRef" name="PassingTest_3" time="0.26249"/>
    <testcase classname="test_VehSpdRef" name="PassingTest_4" time="0.24964"/>
    <testcase classname="test_VehSpdRef" name="PassingTest_5" time="0.17737"/>
    <testcase classname="test_VehSpdRef" name="PassingTest_6" time="0.25405"/>
    <testcase classname="test_VehSpdRef" name="PassingTest_7" time="0.75466"/>
  </testsuite>
  <testsuite errors="0" failures="0" name="test_MotorDrivePmsmFem" skipped="0" tests="5" time="86.5567">
    <testcase classname="test_MotorDrivePmsmFem" name="PassingTest_1" time="0.026323"/>
    <testcase classname="test_MotorDrivePmsmFem" name="PassingTest_2" time="0.2216"/>
    <testcase classname="test_MotorDrivePmsmFem" name="PassingTest_3" time="25.1432"/>
    <testcase classname="test_MotorDrivePmsmFem" name="PassingTest_4" time="61.1265"/>
    <testcase classname="test_MotorDrivePmsmFem" name="html_is_uptodate" time="0.039105"/>
  </testsuite>
  <testsuite errors="0" failures="0" name="test_PmsmFem" skipped="0" tests="5" time="7.5922">
    <testcase classname="test_PmsmFem" name="PassingTest_1" time="0.011398"/>
    <testcase classname="test_PmsmFem" name="PassingTest_2" time="0.17343"/>
    <testcase classname="test_PmsmFem" name="PassingTest_3" time="3.408"/>
    <testcase classname="test_PmsmFem" name="PassingTest_4" time="3.9655"/>
    <testcase classname="test_PmsmFem" name="html_is_uptodate" time="0.033879"/>
  </testsuite>
  <testsuite errors="0" failures="0" name="test_LocalTasks" skipped="0" tests="2" time="8.9727">
    <testcase classname="test_LocalTasks" name="PassingTest_1" time="0.50586"/>
    <testcase classname="test_LocalTasks" name="PassingTest_2" time="8.4669"/>
  </testsuite>
  <testsuite errors="0" failures="0" name="SignalDesigner_test" skipped="0" tests="5" time="2.1918">
    <testcase classname="SignalDesigner_test" name="PassingTest_1" time="0.13675"/>
    <testcase classname="SignalDesigner_test" name="PassingTest_2" time="0.0066337"/>
    <testcase classname="SignalDesigner_test" name="PassingTest_3" time="0.015536"/>
    <testcase classname="SignalDesigner_test" name="PassingTest_4" time="1.0837"/>
    <testcase classname="SignalDesigner_test" name="test_plots_1" time="0.9492"/>
  </testsuite>
  <testsuite errors="0" failures="0" name="test_SignalTool" skipped="0" tests="9" time="2.7837">
    <testcase classname="test_SignalTool" name="PassingTest_1" time="0.028111"/>
    <testcase classname="test_SignalTool" name="PassingTest_2" time="0.13294"/>
    <testcase classname="test_SignalTool" name="PassingTest_3" time="0.023262"/>
    <testcase classname="test_SignalTool" name="PassingTest_4" time="0.06241"/>
    <testcase classname="test_SignalTool" name="PassingTest_5" time="2.23"/>
    <testcase classname="test_SignalTool" name="Test_1" time="0.1068"/>
    <testcase classname="test_SignalTool" name="Test_2" time="0.076207"/>
    <testcase classname="test_SignalTool" name="Test_3" time="0.083533"/>
    <testcase classname="test_SignalTool" name="Test_4" time="0.040491"/>
  </testsuite>
  <testsuite errors="1" failures="0" name="testui_SignalDesignApp" skipped="0" tests="3" time="19.0609">
    <testcase classname="testui_SignalDesignApp" name="PassingTest_1" time="9.4025"/>
    <testcase classname="testui_SignalDesignApp" name="uitest_1" time="9.6013"/>
    <testcase classname="testui_SignalDesignApp" name="app_screenshot_is_uptodate" time="0.057018">
      <error>Error occurred in testui_SignalDesignApp/app_screenshot_is_uptodate and it did not run to completion.
    ---------
    Error ID:
    ---------
    'MATLAB:structRefFromNonStruct'
    --------------
    Error Details:
    --------------
    Dot indexing is not supported for variables of this type.
    
    Error in testui_SignalDesignApp/test_method_setup/close_all (line 55)
              delete(testcase.App.Window)
              ^^^^^^^^^^^^^^^^^^^^^^^^^^^</error>
    </testcase>
  </testsuite>
  <testsuite errors="0" failures="0" name="test_BEVProject_Utility" skipped="0" tests="2" time="0.55308">
    <testcase classname="test_BEVProject_Utility" name="PassingTest_1" time="0.026436"/>
    <testcase classname="test_BEVProject_Utility" name="PassingTest_2" time="0.52665"/>
  </testsuite>
  <testsuite errors="0" failures="0" name="test_BEVProject_Utility_screenshotSimulink" skipped="0" tests="5" time="4.0984">
    <testcase classname="test_BEVProject_Utility_screenshotSimulink" name="PassingTest_1" time="0.11273"/>
    <testcase classname="test_BEVProject_Utility_screenshotSimulink" name="PassingTest_2" time="1.4095"/>
    <testcase classname="test_BEVProject_Utility_screenshotSimulink" name="PassingTest_3" time="0.8634"/>
    <testcase classname="test_BEVProject_Utility_screenshotSimulink" name="PassingTest_4" time="0.8075"/>
    <testcase classname="test_BEVProject_Utility_screenshotSimulink" name="PassingTest_5" time="0.90522"/>
  </testsuite>
  <testsuite errors="0" failures="0" name="test_BEVProject" skipped="0" tests="6" time="4.5178">
    <testcase classname="test_BEVProject" name="PassingTest_1" time="0.016267"/>
    <testcase classname="test_BEVProject" name="PassingTest_2" time="3.1087"/>
    <testcase classname="test_BEVProject" name="project_has_description_html" time="0.44168"/>
    <testcase classname="test_BEVProject" name="description_html_is_uptodate" time="0.037576"/>
    <testcase classname="test_BEVProject" name="test_no_MLX_files" time="0.38157"/>
    <testcase classname="test_BEVProject" name="test_no_SLX_files" time="0.53202"/>
  </testsuite>
</testsuites>
